Settings:
  Output files: "/projects/splitorfs/work/Riboseq/data/contamination/Ignolia_paper/rRNA_ref_NCBI_Ens.*.ebwt"
  Line rate: 6 (line is 64 bytes)
  Lines per side: 1 (side is 64 bytes)
  Offset rate: 5 (one in 32)
  FTable chars: 10
  Strings: unpacked
  Max bucket size: default
  Max bucket size, sqrt multiplier: default
  Max bucket size, len divisor: 4
  Difference-cover sample period: 1024
  Endianness: little
  Actual local endianness: little
  Sanity checking: disabled
  Assertions: disabled
  Random seed: 0
  Sizeofs: void*:8, int:4, long:8, size_t:8
Input files DNA, FASTA:
  /projects/splitorfs/work/Riboseq/data/contamination/Ignolia_paper/rRNA_ref_NCBI_Ens.fasta
Reading reference sizes
  Time reading reference sizes: 00:00:00
Calculating joined length
Writing header
Reserving space for joined string
Joining reference sequences
  Time to join reference sequences: 00:00:00
bmax according to bmaxDivN setting: 16326
Using parameters --bmax 12245 --dcv 1024
  Doing ahead-of-time memory usage test
  Passed!  Constructing with these parameters: --bmax 12245 --dcv 1024
Constructing suffix-array element generator
Building DifferenceCoverSample
  Building sPrime
  Building sPrimeOrder
  V-Sorting samples
  V-Sorting samples time: 00:00:00
  Allocating rank array
  Ranking v-sort output
  Ranking v-sort output time: 00:00:00
  Invoking Larsson-Sadakane on ranks
  Invoking Larsson-Sadakane on ranks time: 00:00:00
  Sanity-checking and returning
Building samples
Reserving space for 12 sample suffixes
Generating random suffixes
QSorting 12 sample offsets, eliminating duplicates
Multikey QSorting 12 samples
  (Using difference cover)
  Multikey QSorting samples time: 00:00:00
QSorting sample offsets, eliminating duplicates time: 00:00:00
Calculating bucket sizes
Splitting and merging
  Splitting and merging time: 00:00:00
Split 1, merged 7; iterating...
Splitting and merging
  Splitting and merging time: 00:00:00
Split 1, merged 0; iterating...
Splitting and merging
  Splitting and merging time: 00:00:00
Avg bucket size: 9328.71 (target: 12244)
Converting suffix-array elements to index image
Allocating ftab, absorbFtab
Entering Ebwt loop
Getting block 1 of 7
  Reserving size (12245) for bucket 1
  Calculating Z arrays for bucket 1
  Entering block accumulator loop for bucket 1:
  bucket 1: 10%
  bucket 1: 20%
  bucket 1: 30%
  bucket 1: 40%
  bucket 1: 50%
  bucket 1: 60%
  bucket 1: 70%
  bucket 1: 80%
  bucket 1: 90%
  bucket 1: 100%
  Sorting block of length 7394 for bucket 1
  (Using difference cover)
  Sorting block time: 00:00:00
Returning block of 7395 for bucket 1
Getting block 2 of 7
  Reserving size (12245) for bucket 2
  Calculating Z arrays for bucket 2
  Entering block accumulator loop for bucket 2:
  bucket 2: 10%
  bucket 2: 20%
  bucket 2: 30%
  bucket 2: 40%
  bucket 2: 50%
  bucket 2: 60%
  bucket 2: 70%
  bucket 2: 80%
  bucket 2: 90%
  bucket 2: 100%
  Sorting block of length 11781 for bucket 2
  (Using difference cover)
  Sorting block time: 00:00:00
Returning block of 11782 for bucket 2
Getting block 3 of 7
  Reserving size (12245) for bucket 3
  Calculating Z arrays for bucket 3
  Entering block accumulator loop for bucket 3:
  bucket 3: 10%
  bucket 3: 20%
  bucket 3: 30%
  bucket 3: 40%
  bucket 3: 50%
  bucket 3: 60%
  bucket 3: 70%
  bucket 3: 80%
  bucket 3: 90%
  bucket 3: 100%
  Sorting block of length 7510 for bucket 3
  (Using difference cover)
  Sorting block time: 00:00:00
Returning block of 7511 for bucket 3
Getting block 4 of 7
  Reserving size (12245) for bucket 4
  Calculating Z arrays for bucket 4
  Entering block accumulator loop for bucket 4:
  bucket 4: 10%
  bucket 4: 20%
  bucket 4: 30%
  bucket 4: 40%
  bucket 4: 50%
  bucket 4: 60%
  bucket 4: 70%
  bucket 4: 80%
  bucket 4: 90%
  bucket 4: 100%
  Sorting block of length 10456 for bucket 4
  (Using difference cover)
  Sorting block time: 00:00:00
Returning block of 10457 for bucket 4
Getting block 5 of 7
  Reserving size (12245) for bucket 5
  Calculating Z arrays for bucket 5
  Entering block accumulator loop for bucket 5:
  bucket 5: 10%
  bucket 5: 20%
  bucket 5: 30%
  bucket 5: 40%
  bucket 5: 50%
  bucket 5: 60%
  bucket 5: 70%
  bucket 5: 80%
  bucket 5: 90%
  bucket 5: 100%
  Sorting block of length 12179 for bucket 5
  (Using difference cover)
  Sorting block time: 00:00:00
Returning block of 12180 for bucket 5
Getting block 6 of 7
  Reserving size (12245) for bucket 6
  Calculating Z arrays for bucket 6
  Entering block accumulator loop for bucket 6:
  bucket 6: 10%
  bucket 6: 20%
  bucket 6: 30%
  bucket 6: 40%
  bucket 6: 50%
  bucket 6: 60%
  bucket 6: 70%
  bucket 6: 80%
  bucket 6: 90%
  bucket 6: 100%
  Sorting block of length 11147 for bucket 6
  (Using difference cover)
  Sorting block time: 00:00:00
Returning block of 11148 for bucket 6
Getting block 7 of 7
  Reserving size (12245) for bucket 7
  Calculating Z arrays for bucket 7
  Entering block accumulator loop for bucket 7:
  bucket 7: 10%
  bucket 7: 20%
  bucket 7: 30%
  bucket 7: 40%
  bucket 7: 50%
  bucket 7: 60%
  bucket 7: 70%
  bucket 7: 80%
  bucket 7: 90%
  bucket 7: 100%
  Sorting block of length 4834 for bucket 7
  (Using difference cover)
  Sorting block time: 00:00:00
Returning block of 4835 for bucket 7
Exited Ebwt loop
fchr[A]: 0
fchr[C]: 8819
fchr[G]: 31540
fchr[T]: 54813
fchr[$]: 65307
Exiting Ebwt::buildToDisk()
Returning from initFromVector
Wrote 4214023 bytes to primary EBWT file: /projects/splitorfs/work/Riboseq/data/contamination/Ignolia_paper/rRNA_ref_NCBI_Ens.1.ebwt
Wrote 8168 bytes to secondary EBWT file: /projects/splitorfs/work/Riboseq/data/contamination/Ignolia_paper/rRNA_ref_NCBI_Ens.2.ebwt
Re-opening _in1 and _in2 as input streams
Returning from Ebwt constructor
Headers:
    len: 65307
    bwtLen: 65308
    sz: 16327
    bwtSz: 16327
    lineRate: 6
    linesPerSide: 1
    offRate: 5
    offMask: 0xffffffe0
    isaRate: -1
    isaMask: 0xffffffff
    ftabChars: 10
    eftabLen: 20
    eftabSz: 80
    ftabLen: 1048577
    ftabSz: 4194308
    offsLen: 2041
    offsSz: 8164
    isaLen: 0
    isaSz: 0
    lineSz: 64
    sideSz: 64
    sideBwtSz: 56
    sideBwtLen: 224
    numSidePairs: 146
    numSides: 292
    numLines: 292
    ebwtTotLen: 18688
    ebwtTotSz: 18688
    reverse: 0
Total time for call to driver() for forward index: 00:00:00
Reading reference sizes
  Time reading reference sizes: 00:00:00
Calculating joined length
Writing header
Reserving space for joined string
Joining reference sequences
  Time to join reference sequences: 00:00:00
bmax according to bmaxDivN setting: 16326
Using parameters --bmax 12245 --dcv 1024
  Doing ahead-of-time memory usage test
  Passed!  Constructing with these parameters: --bmax 12245 --dcv 1024
Constructing suffix-array element generator
Building DifferenceCoverSample
  Building sPrime
  Building sPrimeOrder
  V-Sorting samples
  V-Sorting samples time: 00:00:00
  Allocating rank array
  Ranking v-sort output
  Ranking v-sort output time: 00:00:00
  Invoking Larsson-Sadakane on ranks
  Invoking Larsson-Sadakane on ranks time: 00:00:00
  Sanity-checking and returning
Building samples
Reserving space for 12 sample suffixes
Generating random suffixes
QSorting 12 sample offsets, eliminating duplicates
Multikey QSorting 12 samples
  (Using difference cover)
  Multikey QSorting samples time: 00:00:00
QSorting sample offsets, eliminating duplicates time: 00:00:00
Calculating bucket sizes
Splitting and merging
  Splitting and merging time: 00:00:00
Split 2, merged 7; iterating...
Splitting and merging
  Splitting and merging time: 00:00:00
Avg bucket size: 8162.5 (target: 12244)
Converting suffix-array elements to index image
Allocating ftab, absorbFtab
Entering Ebwt loop
Getting block 1 of 8
  Reserving size (12245) for bucket 1
  Calculating Z arrays for bucket 1
  Entering block accumulator loop for bucket 1:
  bucket 1: 10%
  bucket 1: 20%
  bucket 1: 30%
  bucket 1: 40%
  bucket 1: 50%
  bucket 1: 60%
  bucket 1: 70%
  bucket 1: 80%
  bucket 1: 90%
  bucket 1: 100%
  Sorting block of length 9956 for bucket 1
  (Using difference cover)
  Sorting block time: 00:00:00
Returning block of 9957 for bucket 1
Getting block 2 of 8
  Reserving size (12245) for bucket 2
  Calculating Z arrays for bucket 2
  Entering block accumulator loop for bucket 2:
  bucket 2: 10%
  bucket 2: 20%
  bucket 2: 30%
  bucket 2: 40%
  bucket 2: 50%
  bucket 2: 60%
  bucket 2: 70%
  bucket 2: 80%
  bucket 2: 90%
  bucket 2: 100%
  Sorting block of length 10849 for bucket 2
  (Using difference cover)
  Sorting block time: 00:00:00
Returning block of 10850 for bucket 2
Getting block 3 of 8
  Reserving size (12245) for bucket 3
  Calculating Z arrays for bucket 3
  Entering block accumulator loop for bucket 3:
  bucket 3: 10%
  bucket 3: 20%
  bucket 3: 30%
  bucket 3: 40%
  bucket 3: 50%
  bucket 3: 60%
  bucket 3: 70%
  bucket 3: 80%
  bucket 3: 90%
  bucket 3: 100%
  Sorting block of length 2406 for bucket 3
  (Using difference cover)
  Sorting block time: 00:00:00
Returning block of 2407 for bucket 3
Getting block 4 of 8
  Reserving size (12245) for bucket 4
  Calculating Z arrays for bucket 4
  Entering block accumulator loop for bucket 4:
  bucket 4: 10%
  bucket 4: 20%
  bucket 4: 30%
  bucket 4: 40%
  bucket 4: 50%
  bucket 4: 60%
  bucket 4: 70%
  bucket 4: 80%
  bucket 4: 90%
  bucket 4: 100%
  Sorting block of length 11009 for bucket 4
  (Using difference cover)
  Sorting block time: 00:00:00
Returning block of 11010 for bucket 4
Getting block 5 of 8
  Reserving size (12245) for bucket 5
  Calculating Z arrays for bucket 5
  Entering block accumulator loop for bucket 5:
  bucket 5: 10%
  bucket 5: 20%
  bucket 5: 30%
  bucket 5: 40%
  bucket 5: 50%
  bucket 5: 60%
  bucket 5: 70%
  bucket 5: 80%
  bucket 5: 90%
  bucket 5: 100%
  Sorting block of length 7697 for bucket 5
  (Using difference cover)
  Sorting block time: 00:00:00
Returning block of 7698 for bucket 5
Getting block 6 of 8
  Reserving size (12245) for bucket 6
  Calculating Z arrays for bucket 6
  Entering block accumulator loop for bucket 6:
  bucket 6: 10%
  bucket 6: 20%
  bucket 6: 30%
  bucket 6: 40%
  bucket 6: 50%
  bucket 6: 60%
  bucket 6: 70%
  bucket 6: 80%
  bucket 6: 90%
  bucket 6: 100%
  Sorting block of length 10189 for bucket 6
  (Using difference cover)
  Sorting block time: 00:00:00
Returning block of 10190 for bucket 6
Getting block 7 of 8
  Reserving size (12245) for bucket 7
  Calculating Z arrays for bucket 7
  Entering block accumulator loop for bucket 7:
  bucket 7: 10%
  bucket 7: 20%
  bucket 7: 30%
  bucket 7: 40%
  bucket 7: 50%
  bucket 7: 60%
  bucket 7: 70%
  bucket 7: 80%
  bucket 7: 90%
  bucket 7: 100%
  Sorting block of length 9562 for bucket 7
  (Using difference cover)
  Sorting block time: 00:00:00
Returning block of 9563 for bucket 7
Getting block 8 of 8
  Reserving size (12245) for bucket 8
  Calculating Z arrays for bucket 8
  Entering block accumulator loop for bucket 8:
  bucket 8: 10%
  bucket 8: 20%
  bucket 8: 30%
  bucket 8: 40%
  bucket 8: 50%
  bucket 8: 60%
  bucket 8: 70%
  bucket 8: 80%
  bucket 8: 90%
  bucket 8: 100%
  Sorting block of length 3632 for bucket 8
  (Using difference cover)
  Sorting block time: 00:00:00
Returning block of 3633 for bucket 8
Exited Ebwt loop
fchr[A]: 0
fchr[C]: 8819
fchr[G]: 31540
fchr[T]: 54813
fchr[$]: 65307
Exiting Ebwt::buildToDisk()
Returning from initFromVector
Wrote 4214023 bytes to primary EBWT file: /projects/splitorfs/work/Riboseq/data/contamination/Ignolia_paper/rRNA_ref_NCBI_Ens.rev.1.ebwt
Wrote 8168 bytes to secondary EBWT file: /projects/splitorfs/work/Riboseq/data/contamination/Ignolia_paper/rRNA_ref_NCBI_Ens.rev.2.ebwt
Re-opening _in1 and _in2 as input streams
Returning from Ebwt constructor
Headers:
    len: 65307
    bwtLen: 65308
    sz: 16327
    bwtSz: 16327
    lineRate: 6
    linesPerSide: 1
    offRate: 5
    offMask: 0xffffffe0
    isaRate: -1
    isaMask: 0xffffffff
    ftabChars: 10
    eftabLen: 20
    eftabSz: 80
    ftabLen: 1048577
    ftabSz: 4194308
    offsLen: 2041
    offsSz: 8164
    isaLen: 0
    isaSz: 0
    lineSz: 64
    sideSz: 64
    sideBwtSz: 56
    sideBwtLen: 224
    numSidePairs: 146
    numSides: 292
    numLines: 292
    ebwtTotLen: 18688
    ebwtTotSz: 18688
    reverse: 0
Total time for backward call to driver() for mirror index: 00:00:00
# reads processed: 24685876
# reads with at least one alignment: 10632621 (43.07%)
# reads that failed to align: 14053255 (56.93%)
Reported 10632621 paired-end alignments
# reads processed: 23622343
# reads with at least one alignment: 9191648 (38.91%)
# reads that failed to align: 14430695 (61.09%)
Reported 9191648 paired-end alignments
