INFO:pygenometracks.tracksClass:initialize 1. [x-axis]
INFO:pygenometracks.tracksClass:initialize 2. [spacer]
INFO:pygenometracks.tracksClass:initialize 3. [CHX_SeRP_over_Input]
INFO:pygenometracks.tracksClass:time initializing track(s):
INFO:pygenometracks.tracksClass:0.2727205753326416
DEBUG:pygenometracks.tracksClass:Figure size in cm is 40 x 4.654255319148937. Dpi is set to 72

INFO:pygenometracks.tracksClass:plotting 1. [x-axis]
INFO:pygenometracks.tracksClass:plotting 2. [spacer]
INFO:pygenometracks.tracksClass:plotting 3. [CHX_SeRP_over_Input]
INFO:pygenometracks.tracksClass:initialize 1. [x-axis]
INFO:pygenometracks.tracksClass:initialize 2. [spacer]
INFO:pygenometracks.tracksClass:initialize 3. [Puro_SeRP_over_Input]
INFO:pygenometracks.tracksClass:time initializing track(s):
INFO:pygenometracks.tracksClass:0.26056694984436035
DEBUG:pygenometracks.tracksClass:Figure size in cm is 40 x 4.654255319148937. Dpi is set to 72

INFO:pygenometracks.tracksClass:plotting 1. [x-axis]
INFO:pygenometracks.tracksClass:plotting 2. [spacer]
INFO:pygenometracks.tracksClass:plotting 3. [Puro_SeRP_over_Input]
INFO:pygenometracks.tracksClass:initialize 1. [x-axis]
INFO:pygenometracks.tracksClass:initialize 2. [spacer]
INFO:pygenometracks.tracksClass:initialize 3. [CHX_SeRP_over_Input]
INFO:pygenometracks.tracksClass:time initializing track(s):
INFO:pygenometracks.tracksClass:0.26371288299560547
DEBUG:pygenometracks.tracksClass:Figure size in cm is 40 x 4.654255319148937. Dpi is set to 72

INFO:pygenometracks.tracksClass:plotting 1. [x-axis]
INFO:pygenometracks.tracksClass:plotting 2. [spacer]
INFO:pygenometracks.tracksClass:plotting 3. [CHX_SeRP_over_Input]
INFO:pygenometracks.tracksClass:initialize 1. [x-axis]
INFO:pygenometracks.tracksClass:initialize 2. [spacer]
INFO:pygenometracks.tracksClass:initialize 3. [Puro_SeRP_over_Input]
INFO:pygenometracks.tracksClass:time initializing track(s):
INFO:pygenometracks.tracksClass:0.2658576965332031
DEBUG:pygenometracks.tracksClass:Figure size in cm is 40 x 4.654255319148937. Dpi is set to 72

INFO:pygenometracks.tracksClass:plotting 1. [x-axis]
INFO:pygenometracks.tracksClass:plotting 2. [spacer]
INFO:pygenometracks.tracksClass:plotting 3. [Puro_SeRP_over_Input]
INFO:pygenometracks.tracksClass:initialize 1. [x-axis]
INFO:pygenometracks.tracksClass:initialize 2. [spacer]
INFO:pygenometracks.tracksClass:initialize 3. [CHX_SeRP_over_Input]
INFO:pygenometracks.tracksClass:time initializing track(s):
INFO:pygenometracks.tracksClass:0.269024133682251
DEBUG:pygenometracks.tracksClass:Figure size in cm is 40 x 4.654255319148937. Dpi is set to 72

INFO:pygenometracks.tracksClass:plotting 1. [x-axis]
INFO:pygenometracks.tracksClass:plotting 2. [spacer]
INFO:pygenometracks.tracksClass:plotting 3. [CHX_SeRP_over_Input]
INFO:pygenometracks.tracksClass:initialize 1. [x-axis]
INFO:pygenometracks.tracksClass:initialize 2. [spacer]
INFO:pygenometracks.tracksClass:initialize 3. [Puro_SeRP_over_Input]
INFO:pygenometracks.tracksClass:time initializing track(s):
INFO:pygenometracks.tracksClass:0.25817060470581055
DEBUG:pygenometracks.tracksClass:Figure size in cm is 40 x 4.654255319148937. Dpi is set to 72

INFO:pygenometracks.tracksClass:plotting 1. [x-axis]
INFO:pygenometracks.tracksClass:plotting 2. [spacer]
INFO:pygenometracks.tracksClass:plotting 3. [Puro_SeRP_over_Input]
INFO:pygenometracks.tracksClass:initialize 1. [x-axis]
INFO:pygenometracks.tracksClass:initialize 2. [spacer]
INFO:pygenometracks.tracksClass:initialize 3. [CHX_SeRP_over_Input]
INFO:pygenometracks.tracksClass:time initializing track(s):
INFO:pygenometracks.tracksClass:0.2690467834472656
DEBUG:pygenometracks.tracksClass:Figure size in cm is 40 x 4.654255319148937. Dpi is set to 72

INFO:pygenometracks.tracksClass:plotting 1. [x-axis]
INFO:pygenometracks.tracksClass:plotting 2. [spacer]
INFO:pygenometracks.tracksClass:plotting 3. [CHX_SeRP_over_Input]
INFO:pygenometracks.tracksClass:initialize 1. [x-axis]
INFO:pygenometracks.tracksClass:initialize 2. [spacer]
INFO:pygenometracks.tracksClass:initialize 3. [Puro_SeRP_over_Input]
INFO:pygenometracks.tracksClass:time initializing track(s):
INFO:pygenometracks.tracksClass:0.2677934169769287
DEBUG:pygenometracks.tracksClass:Figure size in cm is 40 x 4.654255319148937. Dpi is set to 72

INFO:pygenometracks.tracksClass:plotting 1. [x-axis]
INFO:pygenometracks.tracksClass:plotting 2. [spacer]
INFO:pygenometracks.tracksClass:plotting 3. [Puro_SeRP_over_Input]
INFO:pygenometracks.tracksClass:initialize 1. [x-axis]
INFO:pygenometracks.tracksClass:initialize 2. [spacer]
INFO:pygenometracks.tracksClass:initialize 3. [CHX_SeRP_over_Input]
INFO:pygenometracks.tracksClass:time initializing track(s):
INFO:pygenometracks.tracksClass:0.25877928733825684
DEBUG:pygenometracks.tracksClass:Figure size in cm is 40 x 4.654255319148937. Dpi is set to 72

INFO:pygenometracks.tracksClass:plotting 1. [x-axis]
INFO:pygenometracks.tracksClass:plotting 2. [spacer]
INFO:pygenometracks.tracksClass:plotting 3. [CHX_SeRP_over_Input]
INFO:pygenometracks.tracksClass:initialize 1. [x-axis]
INFO:pygenometracks.tracksClass:initialize 2. [spacer]
INFO:pygenometracks.tracksClass:initialize 3. [Puro_SeRP_over_Input]
INFO:pygenometracks.tracksClass:time initializing track(s):
INFO:pygenometracks.tracksClass:0.2745857238769531
DEBUG:pygenometracks.tracksClass:Figure size in cm is 40 x 4.654255319148937. Dpi is set to 72

INFO:pygenometracks.tracksClass:plotting 1. [x-axis]
INFO:pygenometracks.tracksClass:plotting 2. [spacer]
INFO:pygenometracks.tracksClass:plotting 3. [Puro_SeRP_over_Input]
INFO:pygenometracks.tracksClass:initialize 1. [x-axis]
INFO:pygenometracks.tracksClass:initialize 2. [spacer]
INFO:pygenometracks.tracksClass:initialize 3. [CHX_SeRP_over_Input]
INFO:pygenometracks.tracksClass:time initializing track(s):
INFO:pygenometracks.tracksClass:0.26312875747680664
DEBUG:pygenometracks.tracksClass:Figure size in cm is 40 x 4.654255319148937. Dpi is set to 72

INFO:pygenometracks.tracksClass:plotting 1. [x-axis]
INFO:pygenometracks.tracksClass:plotting 2. [spacer]
INFO:pygenometracks.tracksClass:plotting 3. [CHX_SeRP_over_Input]
INFO:pygenometracks.tracksClass:initialize 1. [x-axis]
INFO:pygenometracks.tracksClass:initialize 2. [spacer]
INFO:pygenometracks.tracksClass:initialize 3. [Puro_SeRP_over_Input]
INFO:pygenometracks.tracksClass:time initializing track(s):
INFO:pygenometracks.tracksClass:0.263338565826416
DEBUG:pygenometracks.tracksClass:Figure size in cm is 40 x 4.654255319148937. Dpi is set to 72

INFO:pygenometracks.tracksClass:plotting 1. [x-axis]
INFO:pygenometracks.tracksClass:plotting 2. [spacer]
INFO:pygenometracks.tracksClass:plotting 3. [Puro_SeRP_over_Input]
INFO:pygenometracks.tracksClass:initialize 1. [x-axis]
INFO:pygenometracks.tracksClass:initialize 2. [spacer]
INFO:pygenometracks.tracksClass:initialize 3. [CHX_SeRP_over_Input]
INFO:pygenometracks.tracksClass:time initializing track(s):
INFO:pygenometracks.tracksClass:0.2737619876861572
DEBUG:pygenometracks.tracksClass:Figure size in cm is 40 x 4.654255319148937. Dpi is set to 72

INFO:pygenometracks.tracksClass:plotting 1. [x-axis]
INFO:pygenometracks.tracksClass:plotting 2. [spacer]
INFO:pygenometracks.tracksClass:plotting 3. [CHX_SeRP_over_Input]
INFO:pygenometracks.tracksClass:initialize 1. [x-axis]
INFO:pygenometracks.tracksClass:initialize 2. [spacer]
INFO:pygenometracks.tracksClass:initialize 3. [Puro_SeRP_over_Input]
INFO:pygenometracks.tracksClass:time initializing track(s):
INFO:pygenometracks.tracksClass:0.2627565860748291
DEBUG:pygenometracks.tracksClass:Figure size in cm is 40 x 4.654255319148937. Dpi is set to 72

INFO:pygenometracks.tracksClass:plotting 1. [x-axis]
INFO:pygenometracks.tracksClass:plotting 2. [spacer]
INFO:pygenometracks.tracksClass:plotting 3. [Puro_SeRP_over_Input]
INFO:pygenometracks.tracksClass:initialize 1. [x-axis]
INFO:pygenometracks.tracksClass:initialize 2. [spacer]
INFO:pygenometracks.tracksClass:initialize 3. [CHX_SeRP_over_Input]
INFO:pygenometracks.tracksClass:time initializing track(s):
INFO:pygenometracks.tracksClass:0.278245210647583
DEBUG:pygenometracks.tracksClass:Figure size in cm is 40 x 4.654255319148937. Dpi is set to 72

INFO:pygenometracks.tracksClass:plotting 1. [x-axis]
INFO:pygenometracks.tracksClass:plotting 2. [spacer]
INFO:pygenometracks.tracksClass:plotting 3. [CHX_SeRP_over_Input]
INFO:pygenometracks.tracksClass:initialize 1. [x-axis]
INFO:pygenometracks.tracksClass:initialize 2. [spacer]
INFO:pygenometracks.tracksClass:initialize 3. [Puro_SeRP_over_Input]
INFO:pygenometracks.tracksClass:time initializing track(s):
INFO:pygenometracks.tracksClass:0.26300668716430664
DEBUG:pygenometracks.tracksClass:Figure size in cm is 40 x 4.654255319148937. Dpi is set to 72

INFO:pygenometracks.tracksClass:plotting 1. [x-axis]
INFO:pygenometracks.tracksClass:plotting 2. [spacer]
INFO:pygenometracks.tracksClass:plotting 3. [Puro_SeRP_over_Input]
INFO:pygenometracks.tracksClass:initialize 1. [x-axis]
INFO:pygenometracks.tracksClass:initialize 2. [spacer]
INFO:pygenometracks.tracksClass:initialize 3. [CHX_SeRP_over_Input]
INFO:pygenometracks.tracksClass:time initializing track(s):
INFO:pygenometracks.tracksClass:0.26902079582214355
DEBUG:pygenometracks.tracksClass:Figure size in cm is 40 x 4.654255319148937. Dpi is set to 72

INFO:pygenometracks.tracksClass:plotting 1. [x-axis]
INFO:pygenometracks.tracksClass:plotting 2. [spacer]
INFO:pygenometracks.tracksClass:plotting 3. [CHX_SeRP_over_Input]
INFO:pygenometracks.tracksClass:initialize 1. [x-axis]
INFO:pygenometracks.tracksClass:initialize 2. [spacer]
INFO:pygenometracks.tracksClass:initialize 3. [Puro_SeRP_over_Input]
INFO:pygenometracks.tracksClass:time initializing track(s):
INFO:pygenometracks.tracksClass:0.2772557735443115
DEBUG:pygenometracks.tracksClass:Figure size in cm is 40 x 4.654255319148937. Dpi is set to 72

INFO:pygenometracks.tracksClass:plotting 1. [x-axis]
INFO:pygenometracks.tracksClass:plotting 2. [spacer]
INFO:pygenometracks.tracksClass:plotting 3. [Puro_SeRP_over_Input]
INFO:pygenometracks.tracksClass:initialize 1. [x-axis]
INFO:pygenometracks.tracksClass:initialize 2. [spacer]
INFO:pygenometracks.tracksClass:initialize 3. [CHX_SeRP_over_Input]
INFO:pygenometracks.tracksClass:time initializing track(s):
INFO:pygenometracks.tracksClass:0.2674591541290283
DEBUG:pygenometracks.tracksClass:Figure size in cm is 40 x 4.654255319148937. Dpi is set to 72

INFO:pygenometracks.tracksClass:plotting 1. [x-axis]
INFO:pygenometracks.tracksClass:plotting 2. [spacer]
INFO:pygenometracks.tracksClass:plotting 3. [CHX_SeRP_over_Input]
INFO:pygenometracks.tracksClass:initialize 1. [x-axis]
INFO:pygenometracks.tracksClass:initialize 2. [spacer]
INFO:pygenometracks.tracksClass:initialize 3. [Puro_SeRP_over_Input]
INFO:pygenometracks.tracksClass:time initializing track(s):
INFO:pygenometracks.tracksClass:0.2595822811126709
DEBUG:pygenometracks.tracksClass:Figure size in cm is 40 x 4.654255319148937. Dpi is set to 72

INFO:pygenometracks.tracksClass:plotting 1. [x-axis]
INFO:pygenometracks.tracksClass:plotting 2. [spacer]
INFO:pygenometracks.tracksClass:plotting 3. [Puro_SeRP_over_Input]
INFO:pygenometracks.tracksClass:initialize 1. [x-axis]
INFO:pygenometracks.tracksClass:initialize 2. [spacer]
INFO:pygenometracks.tracksClass:initialize 3. [CHX_SeRP_over_Input]
INFO:pygenometracks.tracksClass:time initializing track(s):
INFO:pygenometracks.tracksClass:0.26039624214172363
DEBUG:pygenometracks.tracksClass:Figure size in cm is 40 x 4.654255319148937. Dpi is set to 72

INFO:pygenometracks.tracksClass:plotting 1. [x-axis]
INFO:pygenometracks.tracksClass:plotting 2. [spacer]
INFO:pygenometracks.tracksClass:plotting 3. [CHX_SeRP_over_Input]
INFO:pygenometracks.tracksClass:initialize 1. [x-axis]
INFO:pygenometracks.tracksClass:initialize 2. [spacer]
INFO:pygenometracks.tracksClass:initialize 3. [Puro_SeRP_over_Input]
INFO:pygenometracks.tracksClass:time initializing track(s):
INFO:pygenometracks.tracksClass:0.26675987243652344
DEBUG:pygenometracks.tracksClass:Figure size in cm is 40 x 4.654255319148937. Dpi is set to 72

INFO:pygenometracks.tracksClass:plotting 1. [x-axis]
INFO:pygenometracks.tracksClass:plotting 2. [spacer]
INFO:pygenometracks.tracksClass:plotting 3. [Puro_SeRP_over_Input]
INFO:pygenometracks.tracksClass:initialize 1. [x-axis]
INFO:pygenometracks.tracksClass:initialize 2. [spacer]
INFO:pygenometracks.tracksClass:initialize 3. [CHX_SeRP_over_Input]
INFO:pygenometracks.tracksClass:time initializing track(s):
INFO:pygenometracks.tracksClass:0.26493263244628906
DEBUG:pygenometracks.tracksClass:Figure size in cm is 40 x 4.654255319148937. Dpi is set to 72

INFO:pygenometracks.tracksClass:plotting 1. [x-axis]
INFO:pygenometracks.tracksClass:plotting 2. [spacer]
INFO:pygenometracks.tracksClass:plotting 3. [CHX_SeRP_over_Input]
INFO:pygenometracks.tracksClass:initialize 1. [x-axis]
INFO:pygenometracks.tracksClass:initialize 2. [spacer]
INFO:pygenometracks.tracksClass:initialize 3. [Puro_SeRP_over_Input]
INFO:pygenometracks.tracksClass:time initializing track(s):
INFO:pygenometracks.tracksClass:0.27089381217956543
DEBUG:pygenometracks.tracksClass:Figure size in cm is 40 x 4.654255319148937. Dpi is set to 72

INFO:pygenometracks.tracksClass:plotting 1. [x-axis]
INFO:pygenometracks.tracksClass:plotting 2. [spacer]
INFO:pygenometracks.tracksClass:plotting 3. [Puro_SeRP_over_Input]
