application/gzip
Started analysis of Undetermined.R1.cutadapt.fastq.gz
Approx 5% complete for Undetermined.R1.cutadapt.fastq.gz
Approx 10% complete for Undetermined.R1.cutadapt.fastq.gz
Approx 15% complete for Undetermined.R1.cutadapt.fastq.gz
Approx 20% complete for Undetermined.R1.cutadapt.fastq.gz
Approx 25% complete for Undetermined.R1.cutadapt.fastq.gz
Approx 30% complete for Undetermined.R1.cutadapt.fastq.gz
Approx 35% complete for Undetermined.R1.cutadapt.fastq.gz
Approx 40% complete for Undetermined.R1.cutadapt.fastq.gz
Approx 45% complete for Undetermined.R1.cutadapt.fastq.gz
Approx 50% complete for Undetermined.R1.cutadapt.fastq.gz
Approx 55% complete for Undetermined.R1.cutadapt.fastq.gz
Approx 60% complete for Undetermined.R1.cutadapt.fastq.gz
Approx 65% complete for Undetermined.R1.cutadapt.fastq.gz
Approx 70% complete for Undetermined.R1.cutadapt.fastq.gz
Approx 75% complete for Undetermined.R1.cutadapt.fastq.gz
Approx 80% complete for Undetermined.R1.cutadapt.fastq.gz
Approx 85% complete for Undetermined.R1.cutadapt.fastq.gz
Approx 90% complete for Undetermined.R1.cutadapt.fastq.gz
Approx 95% complete for Undetermined.R1.cutadapt.fastq.gz
Approx 100% complete for Undetermined.R1.cutadapt.fastq.gz
Analysis complete for Undetermined.R1.cutadapt.fastq.gz
application/gzip
Started analysis of Undetermined.R2.cutadapt.fastq.gz
Approx 5% complete for Undetermined.R2.cutadapt.fastq.gz
Approx 10% complete for Undetermined.R2.cutadapt.fastq.gz
Approx 15% complete for Undetermined.R2.cutadapt.fastq.gz
Approx 20% complete for Undetermined.R2.cutadapt.fastq.gz
Approx 25% complete for Undetermined.R2.cutadapt.fastq.gz
Approx 30% complete for Undetermined.R2.cutadapt.fastq.gz
Approx 35% complete for Undetermined.R2.cutadapt.fastq.gz
Approx 40% complete for Undetermined.R2.cutadapt.fastq.gz
Approx 45% complete for Undetermined.R2.cutadapt.fastq.gz
Approx 50% complete for Undetermined.R2.cutadapt.fastq.gz
Approx 55% complete for Undetermined.R2.cutadapt.fastq.gz
Approx 60% complete for Undetermined.R2.cutadapt.fastq.gz
Approx 65% complete for Undetermined.R2.cutadapt.fastq.gz
Approx 70% complete for Undetermined.R2.cutadapt.fastq.gz
Approx 75% complete for Undetermined.R2.cutadapt.fastq.gz
Approx 80% complete for Undetermined.R2.cutadapt.fastq.gz
Approx 85% complete for Undetermined.R2.cutadapt.fastq.gz
Approx 90% complete for Undetermined.R2.cutadapt.fastq.gz
Approx 95% complete for Undetermined.R2.cutadapt.fastq.gz
Approx 100% complete for Undetermined.R2.cutadapt.fastq.gz
Analysis complete for Undetermined.R2.cutadapt.fastq.gz
application/gzip
Started analysis of uf_muellermcnicoll_2025_04_01_huvec_dnor_2.R1.cutadapt.fastq.gz
Approx 5% complete for uf_muellermcnicoll_2025_04_01_huvec_dnor_2.R1.cutadapt.fastq.gz
Approx 10% complete for uf_muellermcnicoll_2025_04_01_huvec_dnor_2.R1.cutadapt.fastq.gz
Approx 15% complete for uf_muellermcnicoll_2025_04_01_huvec_dnor_2.R1.cutadapt.fastq.gz
Approx 20% complete for uf_muellermcnicoll_2025_04_01_huvec_dnor_2.R1.cutadapt.fastq.gz
Approx 25% complete for uf_muellermcnicoll_2025_04_01_huvec_dnor_2.R1.cutadapt.fastq.gz
Approx 30% complete for uf_muellermcnicoll_2025_04_01_huvec_dnor_2.R1.cutadapt.fastq.gz
Approx 35% complete for uf_muellermcnicoll_2025_04_01_huvec_dnor_2.R1.cutadapt.fastq.gz
Approx 40% complete for uf_muellermcnicoll_2025_04_01_huvec_dnor_2.R1.cutadapt.fastq.gz
Approx 45% complete for uf_muellermcnicoll_2025_04_01_huvec_dnor_2.R1.cutadapt.fastq.gz
Approx 50% complete for uf_muellermcnicoll_2025_04_01_huvec_dnor_2.R1.cutadapt.fastq.gz
Approx 55% complete for uf_muellermcnicoll_2025_04_01_huvec_dnor_2.R1.cutadapt.fastq.gz
Approx 60% complete for uf_muellermcnicoll_2025_04_01_huvec_dnor_2.R1.cutadapt.fastq.gz
Approx 65% complete for uf_muellermcnicoll_2025_04_01_huvec_dnor_2.R1.cutadapt.fastq.gz
Approx 70% complete for uf_muellermcnicoll_2025_04_01_huvec_dnor_2.R1.cutadapt.fastq.gz
Approx 75% complete for uf_muellermcnicoll_2025_04_01_huvec_dnor_2.R1.cutadapt.fastq.gz
Approx 80% complete for uf_muellermcnicoll_2025_04_01_huvec_dnor_2.R1.cutadapt.fastq.gz
Approx 85% complete for uf_muellermcnicoll_2025_04_01_huvec_dnor_2.R1.cutadapt.fastq.gz
Approx 90% complete for uf_muellermcnicoll_2025_04_01_huvec_dnor_2.R1.cutadapt.fastq.gz
Approx 95% complete for uf_muellermcnicoll_2025_04_01_huvec_dnor_2.R1.cutadapt.fastq.gz
Analysis complete for uf_muellermcnicoll_2025_04_01_huvec_dnor_2.R1.cutadapt.fastq.gz
application/gzip
Started analysis of uf_muellermcnicoll_2025_04_01_huvec_dnor_2.R2.cutadapt.fastq.gz
Approx 5% complete for uf_muellermcnicoll_2025_04_01_huvec_dnor_2.R2.cutadapt.fastq.gz
Approx 10% complete for uf_muellermcnicoll_2025_04_01_huvec_dnor_2.R2.cutadapt.fastq.gz
Approx 15% complete for uf_muellermcnicoll_2025_04_01_huvec_dnor_2.R2.cutadapt.fastq.gz
Approx 20% complete for uf_muellermcnicoll_2025_04_01_huvec_dnor_2.R2.cutadapt.fastq.gz
Approx 25% complete for uf_muellermcnicoll_2025_04_01_huvec_dnor_2.R2.cutadapt.fastq.gz
Approx 30% complete for uf_muellermcnicoll_2025_04_01_huvec_dnor_2.R2.cutadapt.fastq.gz
Approx 35% complete for uf_muellermcnicoll_2025_04_01_huvec_dnor_2.R2.cutadapt.fastq.gz
Approx 40% complete for uf_muellermcnicoll_2025_04_01_huvec_dnor_2.R2.cutadapt.fastq.gz
Approx 45% complete for uf_muellermcnicoll_2025_04_01_huvec_dnor_2.R2.cutadapt.fastq.gz
Approx 50% complete for uf_muellermcnicoll_2025_04_01_huvec_dnor_2.R2.cutadapt.fastq.gz
Approx 55% complete for uf_muellermcnicoll_2025_04_01_huvec_dnor_2.R2.cutadapt.fastq.gz
Approx 60% complete for uf_muellermcnicoll_2025_04_01_huvec_dnor_2.R2.cutadapt.fastq.gz
Approx 65% complete for uf_muellermcnicoll_2025_04_01_huvec_dnor_2.R2.cutadapt.fastq.gz
Approx 70% complete for uf_muellermcnicoll_2025_04_01_huvec_dnor_2.R2.cutadapt.fastq.gz
Approx 75% complete for uf_muellermcnicoll_2025_04_01_huvec_dnor_2.R2.cutadapt.fastq.gz
Approx 80% complete for uf_muellermcnicoll_2025_04_01_huvec_dnor_2.R2.cutadapt.fastq.gz
Approx 85% complete for uf_muellermcnicoll_2025_04_01_huvec_dnor_2.R2.cutadapt.fastq.gz
Approx 90% complete for uf_muellermcnicoll_2025_04_01_huvec_dnor_2.R2.cutadapt.fastq.gz
Approx 95% complete for uf_muellermcnicoll_2025_04_01_huvec_dnor_2.R2.cutadapt.fastq.gz
Analysis complete for uf_muellermcnicoll_2025_04_01_huvec_dnor_2.R2.cutadapt.fastq.gz
application/gzip
Started analysis of uf_muellermcnicoll_2025_04_02_huvec_dnor_3.R1.cutadapt.fastq.gz
Approx 5% complete for uf_muellermcnicoll_2025_04_02_huvec_dnor_3.R1.cutadapt.fastq.gz
Approx 10% complete for uf_muellermcnicoll_2025_04_02_huvec_dnor_3.R1.cutadapt.fastq.gz
Approx 15% complete for uf_muellermcnicoll_2025_04_02_huvec_dnor_3.R1.cutadapt.fastq.gz
Approx 20% complete for uf_muellermcnicoll_2025_04_02_huvec_dnor_3.R1.cutadapt.fastq.gz
Approx 25% complete for uf_muellermcnicoll_2025_04_02_huvec_dnor_3.R1.cutadapt.fastq.gz
Approx 30% complete for uf_muellermcnicoll_2025_04_02_huvec_dnor_3.R1.cutadapt.fastq.gz
Approx 35% complete for uf_muellermcnicoll_2025_04_02_huvec_dnor_3.R1.cutadapt.fastq.gz
Approx 40% complete for uf_muellermcnicoll_2025_04_02_huvec_dnor_3.R1.cutadapt.fastq.gz
Approx 45% complete for uf_muellermcnicoll_2025_04_02_huvec_dnor_3.R1.cutadapt.fastq.gz
Approx 50% complete for uf_muellermcnicoll_2025_04_02_huvec_dnor_3.R1.cutadapt.fastq.gz
Approx 55% complete for uf_muellermcnicoll_2025_04_02_huvec_dnor_3.R1.cutadapt.fastq.gz
Approx 60% complete for uf_muellermcnicoll_2025_04_02_huvec_dnor_3.R1.cutadapt.fastq.gz
Approx 65% complete for uf_muellermcnicoll_2025_04_02_huvec_dnor_3.R1.cutadapt.fastq.gz
Approx 70% complete for uf_muellermcnicoll_2025_04_02_huvec_dnor_3.R1.cutadapt.fastq.gz
Approx 75% complete for uf_muellermcnicoll_2025_04_02_huvec_dnor_3.R1.cutadapt.fastq.gz
Approx 80% complete for uf_muellermcnicoll_2025_04_02_huvec_dnor_3.R1.cutadapt.fastq.gz
Approx 85% complete for uf_muellermcnicoll_2025_04_02_huvec_dnor_3.R1.cutadapt.fastq.gz
Approx 90% complete for uf_muellermcnicoll_2025_04_02_huvec_dnor_3.R1.cutadapt.fastq.gz
Approx 95% complete for uf_muellermcnicoll_2025_04_02_huvec_dnor_3.R1.cutadapt.fastq.gz
Analysis complete for uf_muellermcnicoll_2025_04_02_huvec_dnor_3.R1.cutadapt.fastq.gz
application/gzip
Started analysis of uf_muellermcnicoll_2025_04_02_huvec_dnor_3.R2.cutadapt.fastq.gz
Approx 5% complete for uf_muellermcnicoll_2025_04_02_huvec_dnor_3.R2.cutadapt.fastq.gz
Approx 10% complete for uf_muellermcnicoll_2025_04_02_huvec_dnor_3.R2.cutadapt.fastq.gz
Approx 15% complete for uf_muellermcnicoll_2025_04_02_huvec_dnor_3.R2.cutadapt.fastq.gz
Approx 20% complete for uf_muellermcnicoll_2025_04_02_huvec_dnor_3.R2.cutadapt.fastq.gz
Approx 25% complete for uf_muellermcnicoll_2025_04_02_huvec_dnor_3.R2.cutadapt.fastq.gz
Approx 30% complete for uf_muellermcnicoll_2025_04_02_huvec_dnor_3.R2.cutadapt.fastq.gz
Approx 35% complete for uf_muellermcnicoll_2025_04_02_huvec_dnor_3.R2.cutadapt.fastq.gz
Approx 40% complete for uf_muellermcnicoll_2025_04_02_huvec_dnor_3.R2.cutadapt.fastq.gz
Approx 45% complete for uf_muellermcnicoll_2025_04_02_huvec_dnor_3.R2.cutadapt.fastq.gz
Approx 50% complete for uf_muellermcnicoll_2025_04_02_huvec_dnor_3.R2.cutadapt.fastq.gz
Approx 55% complete for uf_muellermcnicoll_2025_04_02_huvec_dnor_3.R2.cutadapt.fastq.gz
Approx 60% complete for uf_muellermcnicoll_2025_04_02_huvec_dnor_3.R2.cutadapt.fastq.gz
Approx 65% complete for uf_muellermcnicoll_2025_04_02_huvec_dnor_3.R2.cutadapt.fastq.gz
Approx 70% complete for uf_muellermcnicoll_2025_04_02_huvec_dnor_3.R2.cutadapt.fastq.gz
Approx 75% complete for uf_muellermcnicoll_2025_04_02_huvec_dnor_3.R2.cutadapt.fastq.gz
Approx 80% complete for uf_muellermcnicoll_2025_04_02_huvec_dnor_3.R2.cutadapt.fastq.gz
Approx 85% complete for uf_muellermcnicoll_2025_04_02_huvec_dnor_3.R2.cutadapt.fastq.gz
Approx 90% complete for uf_muellermcnicoll_2025_04_02_huvec_dnor_3.R2.cutadapt.fastq.gz
Approx 95% complete for uf_muellermcnicoll_2025_04_02_huvec_dnor_3.R2.cutadapt.fastq.gz
Analysis complete for uf_muellermcnicoll_2025_04_02_huvec_dnor_3.R2.cutadapt.fastq.gz
application/gzip
Started analysis of uf_muellermcnicoll_2025_04_03_huvec_dnor_4.R1.cutadapt.fastq.gz
Approx 5% complete for uf_muellermcnicoll_2025_04_03_huvec_dnor_4.R1.cutadapt.fastq.gz
Approx 10% complete for uf_muellermcnicoll_2025_04_03_huvec_dnor_4.R1.cutadapt.fastq.gz
Approx 15% complete for uf_muellermcnicoll_2025_04_03_huvec_dnor_4.R1.cutadapt.fastq.gz
Approx 20% complete for uf_muellermcnicoll_2025_04_03_huvec_dnor_4.R1.cutadapt.fastq.gz
Approx 25% complete for uf_muellermcnicoll_2025_04_03_huvec_dnor_4.R1.cutadapt.fastq.gz
Approx 30% complete for uf_muellermcnicoll_2025_04_03_huvec_dnor_4.R1.cutadapt.fastq.gz
Approx 35% complete for uf_muellermcnicoll_2025_04_03_huvec_dnor_4.R1.cutadapt.fastq.gz
Approx 40% complete for uf_muellermcnicoll_2025_04_03_huvec_dnor_4.R1.cutadapt.fastq.gz
Approx 45% complete for uf_muellermcnicoll_2025_04_03_huvec_dnor_4.R1.cutadapt.fastq.gz
Approx 50% complete for uf_muellermcnicoll_2025_04_03_huvec_dnor_4.R1.cutadapt.fastq.gz
Approx 55% complete for uf_muellermcnicoll_2025_04_03_huvec_dnor_4.R1.cutadapt.fastq.gz
Approx 60% complete for uf_muellermcnicoll_2025_04_03_huvec_dnor_4.R1.cutadapt.fastq.gz
Approx 65% complete for uf_muellermcnicoll_2025_04_03_huvec_dnor_4.R1.cutadapt.fastq.gz
Approx 70% complete for uf_muellermcnicoll_2025_04_03_huvec_dnor_4.R1.cutadapt.fastq.gz
Approx 75% complete for uf_muellermcnicoll_2025_04_03_huvec_dnor_4.R1.cutadapt.fastq.gz
Approx 80% complete for uf_muellermcnicoll_2025_04_03_huvec_dnor_4.R1.cutadapt.fastq.gz
Approx 85% complete for uf_muellermcnicoll_2025_04_03_huvec_dnor_4.R1.cutadapt.fastq.gz
Approx 90% complete for uf_muellermcnicoll_2025_04_03_huvec_dnor_4.R1.cutadapt.fastq.gz
Approx 95% complete for uf_muellermcnicoll_2025_04_03_huvec_dnor_4.R1.cutadapt.fastq.gz
Analysis complete for uf_muellermcnicoll_2025_04_03_huvec_dnor_4.R1.cutadapt.fastq.gz
application/gzip
Started analysis of uf_muellermcnicoll_2025_04_03_huvec_dnor_4.R2.cutadapt.fastq.gz
Approx 5% complete for uf_muellermcnicoll_2025_04_03_huvec_dnor_4.R2.cutadapt.fastq.gz
Approx 10% complete for uf_muellermcnicoll_2025_04_03_huvec_dnor_4.R2.cutadapt.fastq.gz
Approx 15% complete for uf_muellermcnicoll_2025_04_03_huvec_dnor_4.R2.cutadapt.fastq.gz
Approx 20% complete for uf_muellermcnicoll_2025_04_03_huvec_dnor_4.R2.cutadapt.fastq.gz
Approx 25% complete for uf_muellermcnicoll_2025_04_03_huvec_dnor_4.R2.cutadapt.fastq.gz
Approx 30% complete for uf_muellermcnicoll_2025_04_03_huvec_dnor_4.R2.cutadapt.fastq.gz
Approx 35% complete for uf_muellermcnicoll_2025_04_03_huvec_dnor_4.R2.cutadapt.fastq.gz
Approx 40% complete for uf_muellermcnicoll_2025_04_03_huvec_dnor_4.R2.cutadapt.fastq.gz
Approx 45% complete for uf_muellermcnicoll_2025_04_03_huvec_dnor_4.R2.cutadapt.fastq.gz
Approx 50% complete for uf_muellermcnicoll_2025_04_03_huvec_dnor_4.R2.cutadapt.fastq.gz
Approx 55% complete for uf_muellermcnicoll_2025_04_03_huvec_dnor_4.R2.cutadapt.fastq.gz
Approx 60% complete for uf_muellermcnicoll_2025_04_03_huvec_dnor_4.R2.cutadapt.fastq.gz
Approx 65% complete for uf_muellermcnicoll_2025_04_03_huvec_dnor_4.R2.cutadapt.fastq.gz
Approx 70% complete for uf_muellermcnicoll_2025_04_03_huvec_dnor_4.R2.cutadapt.fastq.gz
Approx 75% complete for uf_muellermcnicoll_2025_04_03_huvec_dnor_4.R2.cutadapt.fastq.gz
Approx 80% complete for uf_muellermcnicoll_2025_04_03_huvec_dnor_4.R2.cutadapt.fastq.gz
Approx 85% complete for uf_muellermcnicoll_2025_04_03_huvec_dnor_4.R2.cutadapt.fastq.gz
Approx 90% complete for uf_muellermcnicoll_2025_04_03_huvec_dnor_4.R2.cutadapt.fastq.gz
Approx 95% complete for uf_muellermcnicoll_2025_04_03_huvec_dnor_4.R2.cutadapt.fastq.gz
Analysis complete for uf_muellermcnicoll_2025_04_03_huvec_dnor_4.R2.cutadapt.fastq.gz
application/gzip
Started analysis of uf_muellermcnicoll_2025_04_04_huvec_dhypo_2.R1.cutadapt.fastq.gz
Approx 5% complete for uf_muellermcnicoll_2025_04_04_huvec_dhypo_2.R1.cutadapt.fastq.gz
Approx 10% complete for uf_muellermcnicoll_2025_04_04_huvec_dhypo_2.R1.cutadapt.fastq.gz
Approx 15% complete for uf_muellermcnicoll_2025_04_04_huvec_dhypo_2.R1.cutadapt.fastq.gz
Approx 20% complete for uf_muellermcnicoll_2025_04_04_huvec_dhypo_2.R1.cutadapt.fastq.gz
Approx 25% complete for uf_muellermcnicoll_2025_04_04_huvec_dhypo_2.R1.cutadapt.fastq.gz
Approx 30% complete for uf_muellermcnicoll_2025_04_04_huvec_dhypo_2.R1.cutadapt.fastq.gz
Approx 35% complete for uf_muellermcnicoll_2025_04_04_huvec_dhypo_2.R1.cutadapt.fastq.gz
Approx 40% complete for uf_muellermcnicoll_2025_04_04_huvec_dhypo_2.R1.cutadapt.fastq.gz
Approx 45% complete for uf_muellermcnicoll_2025_04_04_huvec_dhypo_2.R1.cutadapt.fastq.gz
Approx 50% complete for uf_muellermcnicoll_2025_04_04_huvec_dhypo_2.R1.cutadapt.fastq.gz
Approx 55% complete for uf_muellermcnicoll_2025_04_04_huvec_dhypo_2.R1.cutadapt.fastq.gz
Approx 60% complete for uf_muellermcnicoll_2025_04_04_huvec_dhypo_2.R1.cutadapt.fastq.gz
Approx 65% complete for uf_muellermcnicoll_2025_04_04_huvec_dhypo_2.R1.cutadapt.fastq.gz
Approx 70% complete for uf_muellermcnicoll_2025_04_04_huvec_dhypo_2.R1.cutadapt.fastq.gz
Approx 75% complete for uf_muellermcnicoll_2025_04_04_huvec_dhypo_2.R1.cutadapt.fastq.gz
Approx 80% complete for uf_muellermcnicoll_2025_04_04_huvec_dhypo_2.R1.cutadapt.fastq.gz
Approx 85% complete for uf_muellermcnicoll_2025_04_04_huvec_dhypo_2.R1.cutadapt.fastq.gz
Approx 90% complete for uf_muellermcnicoll_2025_04_04_huvec_dhypo_2.R1.cutadapt.fastq.gz
Approx 95% complete for uf_muellermcnicoll_2025_04_04_huvec_dhypo_2.R1.cutadapt.fastq.gz
Analysis complete for uf_muellermcnicoll_2025_04_04_huvec_dhypo_2.R1.cutadapt.fastq.gz
application/gzip
Started analysis of uf_muellermcnicoll_2025_04_04_huvec_dhypo_2.R2.cutadapt.fastq.gz
Approx 5% complete for uf_muellermcnicoll_2025_04_04_huvec_dhypo_2.R2.cutadapt.fastq.gz
Approx 10% complete for uf_muellermcnicoll_2025_04_04_huvec_dhypo_2.R2.cutadapt.fastq.gz
Approx 15% complete for uf_muellermcnicoll_2025_04_04_huvec_dhypo_2.R2.cutadapt.fastq.gz
Approx 20% complete for uf_muellermcnicoll_2025_04_04_huvec_dhypo_2.R2.cutadapt.fastq.gz
Approx 25% complete for uf_muellermcnicoll_2025_04_04_huvec_dhypo_2.R2.cutadapt.fastq.gz
Approx 30% complete for uf_muellermcnicoll_2025_04_04_huvec_dhypo_2.R2.cutadapt.fastq.gz
Approx 35% complete for uf_muellermcnicoll_2025_04_04_huvec_dhypo_2.R2.cutadapt.fastq.gz
Approx 40% complete for uf_muellermcnicoll_2025_04_04_huvec_dhypo_2.R2.cutadapt.fastq.gz
Approx 45% complete for uf_muellermcnicoll_2025_04_04_huvec_dhypo_2.R2.cutadapt.fastq.gz
Approx 50% complete for uf_muellermcnicoll_2025_04_04_huvec_dhypo_2.R2.cutadapt.fastq.gz
Approx 55% complete for uf_muellermcnicoll_2025_04_04_huvec_dhypo_2.R2.cutadapt.fastq.gz
Approx 60% complete for uf_muellermcnicoll_2025_04_04_huvec_dhypo_2.R2.cutadapt.fastq.gz
Approx 65% complete for uf_muellermcnicoll_2025_04_04_huvec_dhypo_2.R2.cutadapt.fastq.gz
Approx 70% complete for uf_muellermcnicoll_2025_04_04_huvec_dhypo_2.R2.cutadapt.fastq.gz
Approx 75% complete for uf_muellermcnicoll_2025_04_04_huvec_dhypo_2.R2.cutadapt.fastq.gz
Approx 80% complete for uf_muellermcnicoll_2025_04_04_huvec_dhypo_2.R2.cutadapt.fastq.gz
Approx 85% complete for uf_muellermcnicoll_2025_04_04_huvec_dhypo_2.R2.cutadapt.fastq.gz
Approx 90% complete for uf_muellermcnicoll_2025_04_04_huvec_dhypo_2.R2.cutadapt.fastq.gz
Approx 95% complete for uf_muellermcnicoll_2025_04_04_huvec_dhypo_2.R2.cutadapt.fastq.gz
Analysis complete for uf_muellermcnicoll_2025_04_04_huvec_dhypo_2.R2.cutadapt.fastq.gz
application/gzip
Started analysis of uf_muellermcnicoll_2025_04_05_huvec_dhypo_3.R1.cutadapt.fastq.gz
Approx 5% complete for uf_muellermcnicoll_2025_04_05_huvec_dhypo_3.R1.cutadapt.fastq.gz
Approx 10% complete for uf_muellermcnicoll_2025_04_05_huvec_dhypo_3.R1.cutadapt.fastq.gz
Approx 15% complete for uf_muellermcnicoll_2025_04_05_huvec_dhypo_3.R1.cutadapt.fastq.gz
Approx 20% complete for uf_muellermcnicoll_2025_04_05_huvec_dhypo_3.R1.cutadapt.fastq.gz
Approx 25% complete for uf_muellermcnicoll_2025_04_05_huvec_dhypo_3.R1.cutadapt.fastq.gz
Approx 30% complete for uf_muellermcnicoll_2025_04_05_huvec_dhypo_3.R1.cutadapt.fastq.gz
Approx 35% complete for uf_muellermcnicoll_2025_04_05_huvec_dhypo_3.R1.cutadapt.fastq.gz
Approx 40% complete for uf_muellermcnicoll_2025_04_05_huvec_dhypo_3.R1.cutadapt.fastq.gz
Approx 45% complete for uf_muellermcnicoll_2025_04_05_huvec_dhypo_3.R1.cutadapt.fastq.gz
Approx 50% complete for uf_muellermcnicoll_2025_04_05_huvec_dhypo_3.R1.cutadapt.fastq.gz
Approx 55% complete for uf_muellermcnicoll_2025_04_05_huvec_dhypo_3.R1.cutadapt.fastq.gz
Approx 60% complete for uf_muellermcnicoll_2025_04_05_huvec_dhypo_3.R1.cutadapt.fastq.gz
Approx 65% complete for uf_muellermcnicoll_2025_04_05_huvec_dhypo_3.R1.cutadapt.fastq.gz
Approx 70% complete for uf_muellermcnicoll_2025_04_05_huvec_dhypo_3.R1.cutadapt.fastq.gz
Approx 75% complete for uf_muellermcnicoll_2025_04_05_huvec_dhypo_3.R1.cutadapt.fastq.gz
Approx 80% complete for uf_muellermcnicoll_2025_04_05_huvec_dhypo_3.R1.cutadapt.fastq.gz
Approx 85% complete for uf_muellermcnicoll_2025_04_05_huvec_dhypo_3.R1.cutadapt.fastq.gz
Approx 90% complete for uf_muellermcnicoll_2025_04_05_huvec_dhypo_3.R1.cutadapt.fastq.gz
Approx 95% complete for uf_muellermcnicoll_2025_04_05_huvec_dhypo_3.R1.cutadapt.fastq.gz
Approx 100% complete for uf_muellermcnicoll_2025_04_05_huvec_dhypo_3.R1.cutadapt.fastq.gz
Analysis complete for uf_muellermcnicoll_2025_04_05_huvec_dhypo_3.R1.cutadapt.fastq.gz
application/gzip
Started analysis of uf_muellermcnicoll_2025_04_05_huvec_dhypo_3.R2.cutadapt.fastq.gz
Approx 5% complete for uf_muellermcnicoll_2025_04_05_huvec_dhypo_3.R2.cutadapt.fastq.gz
Approx 10% complete for uf_muellermcnicoll_2025_04_05_huvec_dhypo_3.R2.cutadapt.fastq.gz
Approx 15% complete for uf_muellermcnicoll_2025_04_05_huvec_dhypo_3.R2.cutadapt.fastq.gz
Approx 20% complete for uf_muellermcnicoll_2025_04_05_huvec_dhypo_3.R2.cutadapt.fastq.gz
Approx 25% complete for uf_muellermcnicoll_2025_04_05_huvec_dhypo_3.R2.cutadapt.fastq.gz
Approx 30% complete for uf_muellermcnicoll_2025_04_05_huvec_dhypo_3.R2.cutadapt.fastq.gz
Approx 35% complete for uf_muellermcnicoll_2025_04_05_huvec_dhypo_3.R2.cutadapt.fastq.gz
Approx 40% complete for uf_muellermcnicoll_2025_04_05_huvec_dhypo_3.R2.cutadapt.fastq.gz
Approx 45% complete for uf_muellermcnicoll_2025_04_05_huvec_dhypo_3.R2.cutadapt.fastq.gz
Approx 50% complete for uf_muellermcnicoll_2025_04_05_huvec_dhypo_3.R2.cutadapt.fastq.gz
Approx 55% complete for uf_muellermcnicoll_2025_04_05_huvec_dhypo_3.R2.cutadapt.fastq.gz
Approx 60% complete for uf_muellermcnicoll_2025_04_05_huvec_dhypo_3.R2.cutadapt.fastq.gz
Approx 65% complete for uf_muellermcnicoll_2025_04_05_huvec_dhypo_3.R2.cutadapt.fastq.gz
Approx 70% complete for uf_muellermcnicoll_2025_04_05_huvec_dhypo_3.R2.cutadapt.fastq.gz
Approx 75% complete for uf_muellermcnicoll_2025_04_05_huvec_dhypo_3.R2.cutadapt.fastq.gz
Approx 80% complete for uf_muellermcnicoll_2025_04_05_huvec_dhypo_3.R2.cutadapt.fastq.gz
Approx 85% complete for uf_muellermcnicoll_2025_04_05_huvec_dhypo_3.R2.cutadapt.fastq.gz
Approx 90% complete for uf_muellermcnicoll_2025_04_05_huvec_dhypo_3.R2.cutadapt.fastq.gz
Approx 95% complete for uf_muellermcnicoll_2025_04_05_huvec_dhypo_3.R2.cutadapt.fastq.gz
Approx 100% complete for uf_muellermcnicoll_2025_04_05_huvec_dhypo_3.R2.cutadapt.fastq.gz
Analysis complete for uf_muellermcnicoll_2025_04_05_huvec_dhypo_3.R2.cutadapt.fastq.gz
application/gzip
Started analysis of uf_muellermcnicoll_2025_04_06_huvec_dhypo_4.R1.cutadapt.fastq.gz
Approx 5% complete for uf_muellermcnicoll_2025_04_06_huvec_dhypo_4.R1.cutadapt.fastq.gz
Approx 10% complete for uf_muellermcnicoll_2025_04_06_huvec_dhypo_4.R1.cutadapt.fastq.gz
Approx 15% complete for uf_muellermcnicoll_2025_04_06_huvec_dhypo_4.R1.cutadapt.fastq.gz
Approx 20% complete for uf_muellermcnicoll_2025_04_06_huvec_dhypo_4.R1.cutadapt.fastq.gz
Approx 25% complete for uf_muellermcnicoll_2025_04_06_huvec_dhypo_4.R1.cutadapt.fastq.gz
Approx 30% complete for uf_muellermcnicoll_2025_04_06_huvec_dhypo_4.R1.cutadapt.fastq.gz
Approx 35% complete for uf_muellermcnicoll_2025_04_06_huvec_dhypo_4.R1.cutadapt.fastq.gz
Approx 40% complete for uf_muellermcnicoll_2025_04_06_huvec_dhypo_4.R1.cutadapt.fastq.gz
Approx 45% complete for uf_muellermcnicoll_2025_04_06_huvec_dhypo_4.R1.cutadapt.fastq.gz
Approx 50% complete for uf_muellermcnicoll_2025_04_06_huvec_dhypo_4.R1.cutadapt.fastq.gz
Approx 55% complete for uf_muellermcnicoll_2025_04_06_huvec_dhypo_4.R1.cutadapt.fastq.gz
Approx 60% complete for uf_muellermcnicoll_2025_04_06_huvec_dhypo_4.R1.cutadapt.fastq.gz
Approx 65% complete for uf_muellermcnicoll_2025_04_06_huvec_dhypo_4.R1.cutadapt.fastq.gz
Approx 70% complete for uf_muellermcnicoll_2025_04_06_huvec_dhypo_4.R1.cutadapt.fastq.gz
Approx 75% complete for uf_muellermcnicoll_2025_04_06_huvec_dhypo_4.R1.cutadapt.fastq.gz
Approx 80% complete for uf_muellermcnicoll_2025_04_06_huvec_dhypo_4.R1.cutadapt.fastq.gz
Approx 85% complete for uf_muellermcnicoll_2025_04_06_huvec_dhypo_4.R1.cutadapt.fastq.gz
Approx 90% complete for uf_muellermcnicoll_2025_04_06_huvec_dhypo_4.R1.cutadapt.fastq.gz
Approx 95% complete for uf_muellermcnicoll_2025_04_06_huvec_dhypo_4.R1.cutadapt.fastq.gz
Analysis complete for uf_muellermcnicoll_2025_04_06_huvec_dhypo_4.R1.cutadapt.fastq.gz
application/gzip
Started analysis of uf_muellermcnicoll_2025_04_06_huvec_dhypo_4.R2.cutadapt.fastq.gz
Approx 5% complete for uf_muellermcnicoll_2025_04_06_huvec_dhypo_4.R2.cutadapt.fastq.gz
Approx 10% complete for uf_muellermcnicoll_2025_04_06_huvec_dhypo_4.R2.cutadapt.fastq.gz
Approx 15% complete for uf_muellermcnicoll_2025_04_06_huvec_dhypo_4.R2.cutadapt.fastq.gz
Approx 20% complete for uf_muellermcnicoll_2025_04_06_huvec_dhypo_4.R2.cutadapt.fastq.gz
Approx 25% complete for uf_muellermcnicoll_2025_04_06_huvec_dhypo_4.R2.cutadapt.fastq.gz
Approx 30% complete for uf_muellermcnicoll_2025_04_06_huvec_dhypo_4.R2.cutadapt.fastq.gz
Approx 35% complete for uf_muellermcnicoll_2025_04_06_huvec_dhypo_4.R2.cutadapt.fastq.gz
Approx 40% complete for uf_muellermcnicoll_2025_04_06_huvec_dhypo_4.R2.cutadapt.fastq.gz
Approx 45% complete for uf_muellermcnicoll_2025_04_06_huvec_dhypo_4.R2.cutadapt.fastq.gz
Approx 50% complete for uf_muellermcnicoll_2025_04_06_huvec_dhypo_4.R2.cutadapt.fastq.gz
Approx 55% complete for uf_muellermcnicoll_2025_04_06_huvec_dhypo_4.R2.cutadapt.fastq.gz
Approx 60% complete for uf_muellermcnicoll_2025_04_06_huvec_dhypo_4.R2.cutadapt.fastq.gz
Approx 65% complete for uf_muellermcnicoll_2025_04_06_huvec_dhypo_4.R2.cutadapt.fastq.gz
Approx 70% complete for uf_muellermcnicoll_2025_04_06_huvec_dhypo_4.R2.cutadapt.fastq.gz
Approx 75% complete for uf_muellermcnicoll_2025_04_06_huvec_dhypo_4.R2.cutadapt.fastq.gz
Approx 80% complete for uf_muellermcnicoll_2025_04_06_huvec_dhypo_4.R2.cutadapt.fastq.gz
Approx 85% complete for uf_muellermcnicoll_2025_04_06_huvec_dhypo_4.R2.cutadapt.fastq.gz
Approx 90% complete for uf_muellermcnicoll_2025_04_06_huvec_dhypo_4.R2.cutadapt.fastq.gz
Approx 95% complete for uf_muellermcnicoll_2025_04_06_huvec_dhypo_4.R2.cutadapt.fastq.gz
Analysis complete for uf_muellermcnicoll_2025_04_06_huvec_dhypo_4.R2.cutadapt.fastq.gz
application/gzip
Started analysis of uf_muellermcnicoll_2025_04_07_In_Puro_1.R1.cutadapt.fastq.gz
Approx 5% complete for uf_muellermcnicoll_2025_04_07_In_Puro_1.R1.cutadapt.fastq.gz
Approx 10% complete for uf_muellermcnicoll_2025_04_07_In_Puro_1.R1.cutadapt.fastq.gz
Approx 15% complete for uf_muellermcnicoll_2025_04_07_In_Puro_1.R1.cutadapt.fastq.gz
Approx 20% complete for uf_muellermcnicoll_2025_04_07_In_Puro_1.R1.cutadapt.fastq.gz
Approx 25% complete for uf_muellermcnicoll_2025_04_07_In_Puro_1.R1.cutadapt.fastq.gz
Approx 30% complete for uf_muellermcnicoll_2025_04_07_In_Puro_1.R1.cutadapt.fastq.gz
Approx 35% complete for uf_muellermcnicoll_2025_04_07_In_Puro_1.R1.cutadapt.fastq.gz
Approx 40% complete for uf_muellermcnicoll_2025_04_07_In_Puro_1.R1.cutadapt.fastq.gz
Approx 45% complete for uf_muellermcnicoll_2025_04_07_In_Puro_1.R1.cutadapt.fastq.gz
Approx 50% complete for uf_muellermcnicoll_2025_04_07_In_Puro_1.R1.cutadapt.fastq.gz
Approx 55% complete for uf_muellermcnicoll_2025_04_07_In_Puro_1.R1.cutadapt.fastq.gz
Approx 60% complete for uf_muellermcnicoll_2025_04_07_In_Puro_1.R1.cutadapt.fastq.gz
Approx 65% complete for uf_muellermcnicoll_2025_04_07_In_Puro_1.R1.cutadapt.fastq.gz
Approx 70% complete for uf_muellermcnicoll_2025_04_07_In_Puro_1.R1.cutadapt.fastq.gz
Approx 75% complete for uf_muellermcnicoll_2025_04_07_In_Puro_1.R1.cutadapt.fastq.gz
Approx 80% complete for uf_muellermcnicoll_2025_04_07_In_Puro_1.R1.cutadapt.fastq.gz
Approx 85% complete for uf_muellermcnicoll_2025_04_07_In_Puro_1.R1.cutadapt.fastq.gz
Approx 90% complete for uf_muellermcnicoll_2025_04_07_In_Puro_1.R1.cutadapt.fastq.gz
Approx 95% complete for uf_muellermcnicoll_2025_04_07_In_Puro_1.R1.cutadapt.fastq.gz
Analysis complete for uf_muellermcnicoll_2025_04_07_In_Puro_1.R1.cutadapt.fastq.gz
application/gzip
Started analysis of uf_muellermcnicoll_2025_04_07_In_Puro_1.R2.cutadapt.fastq.gz
Approx 5% complete for uf_muellermcnicoll_2025_04_07_In_Puro_1.R2.cutadapt.fastq.gz
Approx 10% complete for uf_muellermcnicoll_2025_04_07_In_Puro_1.R2.cutadapt.fastq.gz
Approx 15% complete for uf_muellermcnicoll_2025_04_07_In_Puro_1.R2.cutadapt.fastq.gz
Approx 20% complete for uf_muellermcnicoll_2025_04_07_In_Puro_1.R2.cutadapt.fastq.gz
Approx 25% complete for uf_muellermcnicoll_2025_04_07_In_Puro_1.R2.cutadapt.fastq.gz
Approx 30% complete for uf_muellermcnicoll_2025_04_07_In_Puro_1.R2.cutadapt.fastq.gz
Approx 35% complete for uf_muellermcnicoll_2025_04_07_In_Puro_1.R2.cutadapt.fastq.gz
Approx 40% complete for uf_muellermcnicoll_2025_04_07_In_Puro_1.R2.cutadapt.fastq.gz
Approx 45% complete for uf_muellermcnicoll_2025_04_07_In_Puro_1.R2.cutadapt.fastq.gz
Approx 50% complete for uf_muellermcnicoll_2025_04_07_In_Puro_1.R2.cutadapt.fastq.gz
Approx 55% complete for uf_muellermcnicoll_2025_04_07_In_Puro_1.R2.cutadapt.fastq.gz
Approx 60% complete for uf_muellermcnicoll_2025_04_07_In_Puro_1.R2.cutadapt.fastq.gz
Approx 65% complete for uf_muellermcnicoll_2025_04_07_In_Puro_1.R2.cutadapt.fastq.gz
Approx 70% complete for uf_muellermcnicoll_2025_04_07_In_Puro_1.R2.cutadapt.fastq.gz
Approx 75% complete for uf_muellermcnicoll_2025_04_07_In_Puro_1.R2.cutadapt.fastq.gz
Approx 80% complete for uf_muellermcnicoll_2025_04_07_In_Puro_1.R2.cutadapt.fastq.gz
Approx 85% complete for uf_muellermcnicoll_2025_04_07_In_Puro_1.R2.cutadapt.fastq.gz
Approx 90% complete for uf_muellermcnicoll_2025_04_07_In_Puro_1.R2.cutadapt.fastq.gz
Approx 95% complete for uf_muellermcnicoll_2025_04_07_In_Puro_1.R2.cutadapt.fastq.gz
Analysis complete for uf_muellermcnicoll_2025_04_07_In_Puro_1.R2.cutadapt.fastq.gz
application/gzip
Started analysis of uf_muellermcnicoll_2025_04_08_In_Puro_3.R1.cutadapt.fastq.gz
Approx 5% complete for uf_muellermcnicoll_2025_04_08_In_Puro_3.R1.cutadapt.fastq.gz
Approx 10% complete for uf_muellermcnicoll_2025_04_08_In_Puro_3.R1.cutadapt.fastq.gz
Approx 15% complete for uf_muellermcnicoll_2025_04_08_In_Puro_3.R1.cutadapt.fastq.gz
Approx 20% complete for uf_muellermcnicoll_2025_04_08_In_Puro_3.R1.cutadapt.fastq.gz
Approx 25% complete for uf_muellermcnicoll_2025_04_08_In_Puro_3.R1.cutadapt.fastq.gz
Approx 30% complete for uf_muellermcnicoll_2025_04_08_In_Puro_3.R1.cutadapt.fastq.gz
Approx 35% complete for uf_muellermcnicoll_2025_04_08_In_Puro_3.R1.cutadapt.fastq.gz
Approx 40% complete for uf_muellermcnicoll_2025_04_08_In_Puro_3.R1.cutadapt.fastq.gz
Approx 45% complete for uf_muellermcnicoll_2025_04_08_In_Puro_3.R1.cutadapt.fastq.gz
Approx 50% complete for uf_muellermcnicoll_2025_04_08_In_Puro_3.R1.cutadapt.fastq.gz
Approx 55% complete for uf_muellermcnicoll_2025_04_08_In_Puro_3.R1.cutadapt.fastq.gz
Approx 60% complete for uf_muellermcnicoll_2025_04_08_In_Puro_3.R1.cutadapt.fastq.gz
Approx 65% complete for uf_muellermcnicoll_2025_04_08_In_Puro_3.R1.cutadapt.fastq.gz
Approx 70% complete for uf_muellermcnicoll_2025_04_08_In_Puro_3.R1.cutadapt.fastq.gz
Approx 75% complete for uf_muellermcnicoll_2025_04_08_In_Puro_3.R1.cutadapt.fastq.gz
Approx 80% complete for uf_muellermcnicoll_2025_04_08_In_Puro_3.R1.cutadapt.fastq.gz
Approx 85% complete for uf_muellermcnicoll_2025_04_08_In_Puro_3.R1.cutadapt.fastq.gz
Approx 90% complete for uf_muellermcnicoll_2025_04_08_In_Puro_3.R1.cutadapt.fastq.gz
Approx 95% complete for uf_muellermcnicoll_2025_04_08_In_Puro_3.R1.cutadapt.fastq.gz
Approx 100% complete for uf_muellermcnicoll_2025_04_08_In_Puro_3.R1.cutadapt.fastq.gz
Analysis complete for uf_muellermcnicoll_2025_04_08_In_Puro_3.R1.cutadapt.fastq.gz
application/gzip
Started analysis of uf_muellermcnicoll_2025_04_08_In_Puro_3.R2.cutadapt.fastq.gz
Approx 5% complete for uf_muellermcnicoll_2025_04_08_In_Puro_3.R2.cutadapt.fastq.gz
Approx 10% complete for uf_muellermcnicoll_2025_04_08_In_Puro_3.R2.cutadapt.fastq.gz
Approx 15% complete for uf_muellermcnicoll_2025_04_08_In_Puro_3.R2.cutadapt.fastq.gz
Approx 20% complete for uf_muellermcnicoll_2025_04_08_In_Puro_3.R2.cutadapt.fastq.gz
Approx 25% complete for uf_muellermcnicoll_2025_04_08_In_Puro_3.R2.cutadapt.fastq.gz
Approx 30% complete for uf_muellermcnicoll_2025_04_08_In_Puro_3.R2.cutadapt.fastq.gz
Approx 35% complete for uf_muellermcnicoll_2025_04_08_In_Puro_3.R2.cutadapt.fastq.gz
Approx 40% complete for uf_muellermcnicoll_2025_04_08_In_Puro_3.R2.cutadapt.fastq.gz
Approx 45% complete for uf_muellermcnicoll_2025_04_08_In_Puro_3.R2.cutadapt.fastq.gz
Approx 50% complete for uf_muellermcnicoll_2025_04_08_In_Puro_3.R2.cutadapt.fastq.gz
Approx 55% complete for uf_muellermcnicoll_2025_04_08_In_Puro_3.R2.cutadapt.fastq.gz
Approx 60% complete for uf_muellermcnicoll_2025_04_08_In_Puro_3.R2.cutadapt.fastq.gz
Approx 65% complete for uf_muellermcnicoll_2025_04_08_In_Puro_3.R2.cutadapt.fastq.gz
Approx 70% complete for uf_muellermcnicoll_2025_04_08_In_Puro_3.R2.cutadapt.fastq.gz
Approx 75% complete for uf_muellermcnicoll_2025_04_08_In_Puro_3.R2.cutadapt.fastq.gz
Approx 80% complete for uf_muellermcnicoll_2025_04_08_In_Puro_3.R2.cutadapt.fastq.gz
Approx 85% complete for uf_muellermcnicoll_2025_04_08_In_Puro_3.R2.cutadapt.fastq.gz
Approx 90% complete for uf_muellermcnicoll_2025_04_08_In_Puro_3.R2.cutadapt.fastq.gz
Approx 95% complete for uf_muellermcnicoll_2025_04_08_In_Puro_3.R2.cutadapt.fastq.gz
Approx 100% complete for uf_muellermcnicoll_2025_04_08_In_Puro_3.R2.cutadapt.fastq.gz
Analysis complete for uf_muellermcnicoll_2025_04_08_In_Puro_3.R2.cutadapt.fastq.gz
application/gzip
Started analysis of uf_muellermcnicoll_2025_04_09_In_Puro_4.R1.cutadapt.fastq.gz
Approx 5% complete for uf_muellermcnicoll_2025_04_09_In_Puro_4.R1.cutadapt.fastq.gz
Approx 10% complete for uf_muellermcnicoll_2025_04_09_In_Puro_4.R1.cutadapt.fastq.gz
Approx 15% complete for uf_muellermcnicoll_2025_04_09_In_Puro_4.R1.cutadapt.fastq.gz
Approx 20% complete for uf_muellermcnicoll_2025_04_09_In_Puro_4.R1.cutadapt.fastq.gz
Approx 25% complete for uf_muellermcnicoll_2025_04_09_In_Puro_4.R1.cutadapt.fastq.gz
Approx 30% complete for uf_muellermcnicoll_2025_04_09_In_Puro_4.R1.cutadapt.fastq.gz
Approx 35% complete for uf_muellermcnicoll_2025_04_09_In_Puro_4.R1.cutadapt.fastq.gz
Approx 40% complete for uf_muellermcnicoll_2025_04_09_In_Puro_4.R1.cutadapt.fastq.gz
Approx 45% complete for uf_muellermcnicoll_2025_04_09_In_Puro_4.R1.cutadapt.fastq.gz
Approx 50% complete for uf_muellermcnicoll_2025_04_09_In_Puro_4.R1.cutadapt.fastq.gz
Approx 55% complete for uf_muellermcnicoll_2025_04_09_In_Puro_4.R1.cutadapt.fastq.gz
Approx 60% complete for uf_muellermcnicoll_2025_04_09_In_Puro_4.R1.cutadapt.fastq.gz
Approx 65% complete for uf_muellermcnicoll_2025_04_09_In_Puro_4.R1.cutadapt.fastq.gz
Approx 70% complete for uf_muellermcnicoll_2025_04_09_In_Puro_4.R1.cutadapt.fastq.gz
Approx 75% complete for uf_muellermcnicoll_2025_04_09_In_Puro_4.R1.cutadapt.fastq.gz
Approx 80% complete for uf_muellermcnicoll_2025_04_09_In_Puro_4.R1.cutadapt.fastq.gz
Approx 85% complete for uf_muellermcnicoll_2025_04_09_In_Puro_4.R1.cutadapt.fastq.gz
Approx 90% complete for uf_muellermcnicoll_2025_04_09_In_Puro_4.R1.cutadapt.fastq.gz
Approx 95% complete for uf_muellermcnicoll_2025_04_09_In_Puro_4.R1.cutadapt.fastq.gz
Analysis complete for uf_muellermcnicoll_2025_04_09_In_Puro_4.R1.cutadapt.fastq.gz
application/gzip
Started analysis of uf_muellermcnicoll_2025_04_09_In_Puro_4.R2.cutadapt.fastq.gz
Approx 5% complete for uf_muellermcnicoll_2025_04_09_In_Puro_4.R2.cutadapt.fastq.gz
Approx 10% complete for uf_muellermcnicoll_2025_04_09_In_Puro_4.R2.cutadapt.fastq.gz
Approx 15% complete for uf_muellermcnicoll_2025_04_09_In_Puro_4.R2.cutadapt.fastq.gz
Approx 20% complete for uf_muellermcnicoll_2025_04_09_In_Puro_4.R2.cutadapt.fastq.gz
Approx 25% complete for uf_muellermcnicoll_2025_04_09_In_Puro_4.R2.cutadapt.fastq.gz
Approx 30% complete for uf_muellermcnicoll_2025_04_09_In_Puro_4.R2.cutadapt.fastq.gz
Approx 35% complete for uf_muellermcnicoll_2025_04_09_In_Puro_4.R2.cutadapt.fastq.gz
Approx 40% complete for uf_muellermcnicoll_2025_04_09_In_Puro_4.R2.cutadapt.fastq.gz
Approx 45% complete for uf_muellermcnicoll_2025_04_09_In_Puro_4.R2.cutadapt.fastq.gz
Approx 50% complete for uf_muellermcnicoll_2025_04_09_In_Puro_4.R2.cutadapt.fastq.gz
Approx 55% complete for uf_muellermcnicoll_2025_04_09_In_Puro_4.R2.cutadapt.fastq.gz
Approx 60% complete for uf_muellermcnicoll_2025_04_09_In_Puro_4.R2.cutadapt.fastq.gz
Approx 65% complete for uf_muellermcnicoll_2025_04_09_In_Puro_4.R2.cutadapt.fastq.gz
Approx 70% complete for uf_muellermcnicoll_2025_04_09_In_Puro_4.R2.cutadapt.fastq.gz
Approx 75% complete for uf_muellermcnicoll_2025_04_09_In_Puro_4.R2.cutadapt.fastq.gz
Approx 80% complete for uf_muellermcnicoll_2025_04_09_In_Puro_4.R2.cutadapt.fastq.gz
Approx 85% complete for uf_muellermcnicoll_2025_04_09_In_Puro_4.R2.cutadapt.fastq.gz
Approx 90% complete for uf_muellermcnicoll_2025_04_09_In_Puro_4.R2.cutadapt.fastq.gz
Approx 95% complete for uf_muellermcnicoll_2025_04_09_In_Puro_4.R2.cutadapt.fastq.gz
Analysis complete for uf_muellermcnicoll_2025_04_09_In_Puro_4.R2.cutadapt.fastq.gz
application/gzip
Started analysis of uf_muellermcnicoll_2025_04_10_In_CHX_1.R1.cutadapt.fastq.gz
Approx 5% complete for uf_muellermcnicoll_2025_04_10_In_CHX_1.R1.cutadapt.fastq.gz
Approx 10% complete for uf_muellermcnicoll_2025_04_10_In_CHX_1.R1.cutadapt.fastq.gz
Approx 15% complete for uf_muellermcnicoll_2025_04_10_In_CHX_1.R1.cutadapt.fastq.gz
Approx 20% complete for uf_muellermcnicoll_2025_04_10_In_CHX_1.R1.cutadapt.fastq.gz
Approx 25% complete for uf_muellermcnicoll_2025_04_10_In_CHX_1.R1.cutadapt.fastq.gz
Approx 30% complete for uf_muellermcnicoll_2025_04_10_In_CHX_1.R1.cutadapt.fastq.gz
Approx 35% complete for uf_muellermcnicoll_2025_04_10_In_CHX_1.R1.cutadapt.fastq.gz
Approx 40% complete for uf_muellermcnicoll_2025_04_10_In_CHX_1.R1.cutadapt.fastq.gz
Approx 45% complete for uf_muellermcnicoll_2025_04_10_In_CHX_1.R1.cutadapt.fastq.gz
Approx 50% complete for uf_muellermcnicoll_2025_04_10_In_CHX_1.R1.cutadapt.fastq.gz
Approx 55% complete for uf_muellermcnicoll_2025_04_10_In_CHX_1.R1.cutadapt.fastq.gz
Approx 60% complete for uf_muellermcnicoll_2025_04_10_In_CHX_1.R1.cutadapt.fastq.gz
Approx 65% complete for uf_muellermcnicoll_2025_04_10_In_CHX_1.R1.cutadapt.fastq.gz
Approx 70% complete for uf_muellermcnicoll_2025_04_10_In_CHX_1.R1.cutadapt.fastq.gz
Approx 75% complete for uf_muellermcnicoll_2025_04_10_In_CHX_1.R1.cutadapt.fastq.gz
Approx 80% complete for uf_muellermcnicoll_2025_04_10_In_CHX_1.R1.cutadapt.fastq.gz
Approx 85% complete for uf_muellermcnicoll_2025_04_10_In_CHX_1.R1.cutadapt.fastq.gz
Approx 90% complete for uf_muellermcnicoll_2025_04_10_In_CHX_1.R1.cutadapt.fastq.gz
Approx 95% complete for uf_muellermcnicoll_2025_04_10_In_CHX_1.R1.cutadapt.fastq.gz
Approx 100% complete for uf_muellermcnicoll_2025_04_10_In_CHX_1.R1.cutadapt.fastq.gz
Analysis complete for uf_muellermcnicoll_2025_04_10_In_CHX_1.R1.cutadapt.fastq.gz
application/gzip
Started analysis of uf_muellermcnicoll_2025_04_10_In_CHX_1.R2.cutadapt.fastq.gz
Approx 5% complete for uf_muellermcnicoll_2025_04_10_In_CHX_1.R2.cutadapt.fastq.gz
Approx 10% complete for uf_muellermcnicoll_2025_04_10_In_CHX_1.R2.cutadapt.fastq.gz
Approx 15% complete for uf_muellermcnicoll_2025_04_10_In_CHX_1.R2.cutadapt.fastq.gz
Approx 20% complete for uf_muellermcnicoll_2025_04_10_In_CHX_1.R2.cutadapt.fastq.gz
Approx 25% complete for uf_muellermcnicoll_2025_04_10_In_CHX_1.R2.cutadapt.fastq.gz
Approx 30% complete for uf_muellermcnicoll_2025_04_10_In_CHX_1.R2.cutadapt.fastq.gz
Approx 35% complete for uf_muellermcnicoll_2025_04_10_In_CHX_1.R2.cutadapt.fastq.gz
Approx 40% complete for uf_muellermcnicoll_2025_04_10_In_CHX_1.R2.cutadapt.fastq.gz
Approx 45% complete for uf_muellermcnicoll_2025_04_10_In_CHX_1.R2.cutadapt.fastq.gz
Approx 50% complete for uf_muellermcnicoll_2025_04_10_In_CHX_1.R2.cutadapt.fastq.gz
Approx 55% complete for uf_muellermcnicoll_2025_04_10_In_CHX_1.R2.cutadapt.fastq.gz
Approx 60% complete for uf_muellermcnicoll_2025_04_10_In_CHX_1.R2.cutadapt.fastq.gz
Approx 65% complete for uf_muellermcnicoll_2025_04_10_In_CHX_1.R2.cutadapt.fastq.gz
Approx 70% complete for uf_muellermcnicoll_2025_04_10_In_CHX_1.R2.cutadapt.fastq.gz
Approx 75% complete for uf_muellermcnicoll_2025_04_10_In_CHX_1.R2.cutadapt.fastq.gz
Approx 80% complete for uf_muellermcnicoll_2025_04_10_In_CHX_1.R2.cutadapt.fastq.gz
Approx 85% complete for uf_muellermcnicoll_2025_04_10_In_CHX_1.R2.cutadapt.fastq.gz
Approx 90% complete for uf_muellermcnicoll_2025_04_10_In_CHX_1.R2.cutadapt.fastq.gz
Approx 95% complete for uf_muellermcnicoll_2025_04_10_In_CHX_1.R2.cutadapt.fastq.gz
Approx 100% complete for uf_muellermcnicoll_2025_04_10_In_CHX_1.R2.cutadapt.fastq.gz
Analysis complete for uf_muellermcnicoll_2025_04_10_In_CHX_1.R2.cutadapt.fastq.gz
application/gzip
Started analysis of uf_muellermcnicoll_2025_04_11_In_CHX_2.R1.cutadapt.fastq.gz
Approx 5% complete for uf_muellermcnicoll_2025_04_11_In_CHX_2.R1.cutadapt.fastq.gz
Approx 10% complete for uf_muellermcnicoll_2025_04_11_In_CHX_2.R1.cutadapt.fastq.gz
Approx 15% complete for uf_muellermcnicoll_2025_04_11_In_CHX_2.R1.cutadapt.fastq.gz
Approx 20% complete for uf_muellermcnicoll_2025_04_11_In_CHX_2.R1.cutadapt.fastq.gz
Approx 25% complete for uf_muellermcnicoll_2025_04_11_In_CHX_2.R1.cutadapt.fastq.gz
Approx 30% complete for uf_muellermcnicoll_2025_04_11_In_CHX_2.R1.cutadapt.fastq.gz
Approx 35% complete for uf_muellermcnicoll_2025_04_11_In_CHX_2.R1.cutadapt.fastq.gz
Approx 40% complete for uf_muellermcnicoll_2025_04_11_In_CHX_2.R1.cutadapt.fastq.gz
Approx 45% complete for uf_muellermcnicoll_2025_04_11_In_CHX_2.R1.cutadapt.fastq.gz
Approx 50% complete for uf_muellermcnicoll_2025_04_11_In_CHX_2.R1.cutadapt.fastq.gz
Approx 55% complete for uf_muellermcnicoll_2025_04_11_In_CHX_2.R1.cutadapt.fastq.gz
Approx 60% complete for uf_muellermcnicoll_2025_04_11_In_CHX_2.R1.cutadapt.fastq.gz
Approx 65% complete for uf_muellermcnicoll_2025_04_11_In_CHX_2.R1.cutadapt.fastq.gz
Approx 70% complete for uf_muellermcnicoll_2025_04_11_In_CHX_2.R1.cutadapt.fastq.gz
Approx 75% complete for uf_muellermcnicoll_2025_04_11_In_CHX_2.R1.cutadapt.fastq.gz
Approx 80% complete for uf_muellermcnicoll_2025_04_11_In_CHX_2.R1.cutadapt.fastq.gz
Approx 85% complete for uf_muellermcnicoll_2025_04_11_In_CHX_2.R1.cutadapt.fastq.gz
Approx 90% complete for uf_muellermcnicoll_2025_04_11_In_CHX_2.R1.cutadapt.fastq.gz
Approx 95% complete for uf_muellermcnicoll_2025_04_11_In_CHX_2.R1.cutadapt.fastq.gz
Analysis complete for uf_muellermcnicoll_2025_04_11_In_CHX_2.R1.cutadapt.fastq.gz
application/gzip
Started analysis of uf_muellermcnicoll_2025_04_11_In_CHX_2.R2.cutadapt.fastq.gz
Approx 5% complete for uf_muellermcnicoll_2025_04_11_In_CHX_2.R2.cutadapt.fastq.gz
Approx 10% complete for uf_muellermcnicoll_2025_04_11_In_CHX_2.R2.cutadapt.fastq.gz
Approx 15% complete for uf_muellermcnicoll_2025_04_11_In_CHX_2.R2.cutadapt.fastq.gz
Approx 20% complete for uf_muellermcnicoll_2025_04_11_In_CHX_2.R2.cutadapt.fastq.gz
Approx 25% complete for uf_muellermcnicoll_2025_04_11_In_CHX_2.R2.cutadapt.fastq.gz
Approx 30% complete for uf_muellermcnicoll_2025_04_11_In_CHX_2.R2.cutadapt.fastq.gz
Approx 35% complete for uf_muellermcnicoll_2025_04_11_In_CHX_2.R2.cutadapt.fastq.gz
Approx 40% complete for uf_muellermcnicoll_2025_04_11_In_CHX_2.R2.cutadapt.fastq.gz
Approx 45% complete for uf_muellermcnicoll_2025_04_11_In_CHX_2.R2.cutadapt.fastq.gz
Approx 50% complete for uf_muellermcnicoll_2025_04_11_In_CHX_2.R2.cutadapt.fastq.gz
Approx 55% complete for uf_muellermcnicoll_2025_04_11_In_CHX_2.R2.cutadapt.fastq.gz
Approx 60% complete for uf_muellermcnicoll_2025_04_11_In_CHX_2.R2.cutadapt.fastq.gz
Approx 65% complete for uf_muellermcnicoll_2025_04_11_In_CHX_2.R2.cutadapt.fastq.gz
Approx 70% complete for uf_muellermcnicoll_2025_04_11_In_CHX_2.R2.cutadapt.fastq.gz
Approx 75% complete for uf_muellermcnicoll_2025_04_11_In_CHX_2.R2.cutadapt.fastq.gz
Approx 80% complete for uf_muellermcnicoll_2025_04_11_In_CHX_2.R2.cutadapt.fastq.gz
Approx 85% complete for uf_muellermcnicoll_2025_04_11_In_CHX_2.R2.cutadapt.fastq.gz
Approx 90% complete for uf_muellermcnicoll_2025_04_11_In_CHX_2.R2.cutadapt.fastq.gz
Approx 95% complete for uf_muellermcnicoll_2025_04_11_In_CHX_2.R2.cutadapt.fastq.gz
Analysis complete for uf_muellermcnicoll_2025_04_11_In_CHX_2.R2.cutadapt.fastq.gz
application/gzip
Started analysis of uf_muellermcnicoll_2025_04_12_In_CHX_4.R1.cutadapt.fastq.gz
Approx 5% complete for uf_muellermcnicoll_2025_04_12_In_CHX_4.R1.cutadapt.fastq.gz
Approx 10% complete for uf_muellermcnicoll_2025_04_12_In_CHX_4.R1.cutadapt.fastq.gz
Approx 15% complete for uf_muellermcnicoll_2025_04_12_In_CHX_4.R1.cutadapt.fastq.gz
Approx 20% complete for uf_muellermcnicoll_2025_04_12_In_CHX_4.R1.cutadapt.fastq.gz
Approx 25% complete for uf_muellermcnicoll_2025_04_12_In_CHX_4.R1.cutadapt.fastq.gz
Approx 30% complete for uf_muellermcnicoll_2025_04_12_In_CHX_4.R1.cutadapt.fastq.gz
Approx 35% complete for uf_muellermcnicoll_2025_04_12_In_CHX_4.R1.cutadapt.fastq.gz
Approx 40% complete for uf_muellermcnicoll_2025_04_12_In_CHX_4.R1.cutadapt.fastq.gz
Approx 45% complete for uf_muellermcnicoll_2025_04_12_In_CHX_4.R1.cutadapt.fastq.gz
Approx 50% complete for uf_muellermcnicoll_2025_04_12_In_CHX_4.R1.cutadapt.fastq.gz
Approx 55% complete for uf_muellermcnicoll_2025_04_12_In_CHX_4.R1.cutadapt.fastq.gz
Approx 60% complete for uf_muellermcnicoll_2025_04_12_In_CHX_4.R1.cutadapt.fastq.gz
Approx 65% complete for uf_muellermcnicoll_2025_04_12_In_CHX_4.R1.cutadapt.fastq.gz
Approx 70% complete for uf_muellermcnicoll_2025_04_12_In_CHX_4.R1.cutadapt.fastq.gz
Approx 75% complete for uf_muellermcnicoll_2025_04_12_In_CHX_4.R1.cutadapt.fastq.gz
Approx 80% complete for uf_muellermcnicoll_2025_04_12_In_CHX_4.R1.cutadapt.fastq.gz
Approx 85% complete for uf_muellermcnicoll_2025_04_12_In_CHX_4.R1.cutadapt.fastq.gz
Approx 90% complete for uf_muellermcnicoll_2025_04_12_In_CHX_4.R1.cutadapt.fastq.gz
Approx 95% complete for uf_muellermcnicoll_2025_04_12_In_CHX_4.R1.cutadapt.fastq.gz
Analysis complete for uf_muellermcnicoll_2025_04_12_In_CHX_4.R1.cutadapt.fastq.gz
application/gzip
Started analysis of uf_muellermcnicoll_2025_04_12_In_CHX_4.R2.cutadapt.fastq.gz
Approx 5% complete for uf_muellermcnicoll_2025_04_12_In_CHX_4.R2.cutadapt.fastq.gz
Approx 10% complete for uf_muellermcnicoll_2025_04_12_In_CHX_4.R2.cutadapt.fastq.gz
Approx 15% complete for uf_muellermcnicoll_2025_04_12_In_CHX_4.R2.cutadapt.fastq.gz
Approx 20% complete for uf_muellermcnicoll_2025_04_12_In_CHX_4.R2.cutadapt.fastq.gz
Approx 25% complete for uf_muellermcnicoll_2025_04_12_In_CHX_4.R2.cutadapt.fastq.gz
Approx 30% complete for uf_muellermcnicoll_2025_04_12_In_CHX_4.R2.cutadapt.fastq.gz
Approx 35% complete for uf_muellermcnicoll_2025_04_12_In_CHX_4.R2.cutadapt.fastq.gz
Approx 40% complete for uf_muellermcnicoll_2025_04_12_In_CHX_4.R2.cutadapt.fastq.gz
Approx 45% complete for uf_muellermcnicoll_2025_04_12_In_CHX_4.R2.cutadapt.fastq.gz
Approx 50% complete for uf_muellermcnicoll_2025_04_12_In_CHX_4.R2.cutadapt.fastq.gz
Approx 55% complete for uf_muellermcnicoll_2025_04_12_In_CHX_4.R2.cutadapt.fastq.gz
Approx 60% complete for uf_muellermcnicoll_2025_04_12_In_CHX_4.R2.cutadapt.fastq.gz
Approx 65% complete for uf_muellermcnicoll_2025_04_12_In_CHX_4.R2.cutadapt.fastq.gz
Approx 70% complete for uf_muellermcnicoll_2025_04_12_In_CHX_4.R2.cutadapt.fastq.gz
Approx 75% complete for uf_muellermcnicoll_2025_04_12_In_CHX_4.R2.cutadapt.fastq.gz
Approx 80% complete for uf_muellermcnicoll_2025_04_12_In_CHX_4.R2.cutadapt.fastq.gz
Approx 85% complete for uf_muellermcnicoll_2025_04_12_In_CHX_4.R2.cutadapt.fastq.gz
Approx 90% complete for uf_muellermcnicoll_2025_04_12_In_CHX_4.R2.cutadapt.fastq.gz
Approx 95% complete for uf_muellermcnicoll_2025_04_12_In_CHX_4.R2.cutadapt.fastq.gz
Analysis complete for uf_muellermcnicoll_2025_04_12_In_CHX_4.R2.cutadapt.fastq.gz
application/gzip
Started analysis of uf_muellermcnicoll_2025_04_13_IP_Puro_1.R1.cutadapt.fastq.gz
Approx 5% complete for uf_muellermcnicoll_2025_04_13_IP_Puro_1.R1.cutadapt.fastq.gz
Approx 10% complete for uf_muellermcnicoll_2025_04_13_IP_Puro_1.R1.cutadapt.fastq.gz
Approx 15% complete for uf_muellermcnicoll_2025_04_13_IP_Puro_1.R1.cutadapt.fastq.gz
Approx 20% complete for uf_muellermcnicoll_2025_04_13_IP_Puro_1.R1.cutadapt.fastq.gz
Approx 25% complete for uf_muellermcnicoll_2025_04_13_IP_Puro_1.R1.cutadapt.fastq.gz
Approx 30% complete for uf_muellermcnicoll_2025_04_13_IP_Puro_1.R1.cutadapt.fastq.gz
Approx 35% complete for uf_muellermcnicoll_2025_04_13_IP_Puro_1.R1.cutadapt.fastq.gz
Approx 40% complete for uf_muellermcnicoll_2025_04_13_IP_Puro_1.R1.cutadapt.fastq.gz
Approx 45% complete for uf_muellermcnicoll_2025_04_13_IP_Puro_1.R1.cutadapt.fastq.gz
Approx 50% complete for uf_muellermcnicoll_2025_04_13_IP_Puro_1.R1.cutadapt.fastq.gz
Approx 55% complete for uf_muellermcnicoll_2025_04_13_IP_Puro_1.R1.cutadapt.fastq.gz
Approx 60% complete for uf_muellermcnicoll_2025_04_13_IP_Puro_1.R1.cutadapt.fastq.gz
Approx 65% complete for uf_muellermcnicoll_2025_04_13_IP_Puro_1.R1.cutadapt.fastq.gz
Approx 70% complete for uf_muellermcnicoll_2025_04_13_IP_Puro_1.R1.cutadapt.fastq.gz
Approx 75% complete for uf_muellermcnicoll_2025_04_13_IP_Puro_1.R1.cutadapt.fastq.gz
Approx 80% complete for uf_muellermcnicoll_2025_04_13_IP_Puro_1.R1.cutadapt.fastq.gz
Approx 85% complete for uf_muellermcnicoll_2025_04_13_IP_Puro_1.R1.cutadapt.fastq.gz
Approx 90% complete for uf_muellermcnicoll_2025_04_13_IP_Puro_1.R1.cutadapt.fastq.gz
Approx 95% complete for uf_muellermcnicoll_2025_04_13_IP_Puro_1.R1.cutadapt.fastq.gz
Analysis complete for uf_muellermcnicoll_2025_04_13_IP_Puro_1.R1.cutadapt.fastq.gz
application/gzip
Started analysis of uf_muellermcnicoll_2025_04_13_IP_Puro_1.R2.cutadapt.fastq.gz
Approx 5% complete for uf_muellermcnicoll_2025_04_13_IP_Puro_1.R2.cutadapt.fastq.gz
Approx 10% complete for uf_muellermcnicoll_2025_04_13_IP_Puro_1.R2.cutadapt.fastq.gz
Approx 15% complete for uf_muellermcnicoll_2025_04_13_IP_Puro_1.R2.cutadapt.fastq.gz
Approx 20% complete for uf_muellermcnicoll_2025_04_13_IP_Puro_1.R2.cutadapt.fastq.gz
Approx 25% complete for uf_muellermcnicoll_2025_04_13_IP_Puro_1.R2.cutadapt.fastq.gz
Approx 30% complete for uf_muellermcnicoll_2025_04_13_IP_Puro_1.R2.cutadapt.fastq.gz
Approx 35% complete for uf_muellermcnicoll_2025_04_13_IP_Puro_1.R2.cutadapt.fastq.gz
Approx 40% complete for uf_muellermcnicoll_2025_04_13_IP_Puro_1.R2.cutadapt.fastq.gz
Approx 45% complete for uf_muellermcnicoll_2025_04_13_IP_Puro_1.R2.cutadapt.fastq.gz
Approx 50% complete for uf_muellermcnicoll_2025_04_13_IP_Puro_1.R2.cutadapt.fastq.gz
Approx 55% complete for uf_muellermcnicoll_2025_04_13_IP_Puro_1.R2.cutadapt.fastq.gz
Approx 60% complete for uf_muellermcnicoll_2025_04_13_IP_Puro_1.R2.cutadapt.fastq.gz
Approx 65% complete for uf_muellermcnicoll_2025_04_13_IP_Puro_1.R2.cutadapt.fastq.gz
Approx 70% complete for uf_muellermcnicoll_2025_04_13_IP_Puro_1.R2.cutadapt.fastq.gz
Approx 75% complete for uf_muellermcnicoll_2025_04_13_IP_Puro_1.R2.cutadapt.fastq.gz
Approx 80% complete for uf_muellermcnicoll_2025_04_13_IP_Puro_1.R2.cutadapt.fastq.gz
Approx 85% complete for uf_muellermcnicoll_2025_04_13_IP_Puro_1.R2.cutadapt.fastq.gz
Approx 90% complete for uf_muellermcnicoll_2025_04_13_IP_Puro_1.R2.cutadapt.fastq.gz
Approx 95% complete for uf_muellermcnicoll_2025_04_13_IP_Puro_1.R2.cutadapt.fastq.gz
Analysis complete for uf_muellermcnicoll_2025_04_13_IP_Puro_1.R2.cutadapt.fastq.gz
application/gzip
Started analysis of uf_muellermcnicoll_2025_04_14_IP_Puro_3.R1.cutadapt.fastq.gz
Approx 5% complete for uf_muellermcnicoll_2025_04_14_IP_Puro_3.R1.cutadapt.fastq.gz
Approx 10% complete for uf_muellermcnicoll_2025_04_14_IP_Puro_3.R1.cutadapt.fastq.gz
Approx 15% complete for uf_muellermcnicoll_2025_04_14_IP_Puro_3.R1.cutadapt.fastq.gz
Approx 20% complete for uf_muellermcnicoll_2025_04_14_IP_Puro_3.R1.cutadapt.fastq.gz
Approx 25% complete for uf_muellermcnicoll_2025_04_14_IP_Puro_3.R1.cutadapt.fastq.gz
Approx 30% complete for uf_muellermcnicoll_2025_04_14_IP_Puro_3.R1.cutadapt.fastq.gz
Approx 35% complete for uf_muellermcnicoll_2025_04_14_IP_Puro_3.R1.cutadapt.fastq.gz
Approx 40% complete for uf_muellermcnicoll_2025_04_14_IP_Puro_3.R1.cutadapt.fastq.gz
Approx 45% complete for uf_muellermcnicoll_2025_04_14_IP_Puro_3.R1.cutadapt.fastq.gz
Approx 50% complete for uf_muellermcnicoll_2025_04_14_IP_Puro_3.R1.cutadapt.fastq.gz
Approx 55% complete for uf_muellermcnicoll_2025_04_14_IP_Puro_3.R1.cutadapt.fastq.gz
Approx 60% complete for uf_muellermcnicoll_2025_04_14_IP_Puro_3.R1.cutadapt.fastq.gz
Approx 65% complete for uf_muellermcnicoll_2025_04_14_IP_Puro_3.R1.cutadapt.fastq.gz
Approx 70% complete for uf_muellermcnicoll_2025_04_14_IP_Puro_3.R1.cutadapt.fastq.gz
Approx 75% complete for uf_muellermcnicoll_2025_04_14_IP_Puro_3.R1.cutadapt.fastq.gz
Approx 80% complete for uf_muellermcnicoll_2025_04_14_IP_Puro_3.R1.cutadapt.fastq.gz
Approx 85% complete for uf_muellermcnicoll_2025_04_14_IP_Puro_3.R1.cutadapt.fastq.gz
Approx 90% complete for uf_muellermcnicoll_2025_04_14_IP_Puro_3.R1.cutadapt.fastq.gz
Approx 95% complete for uf_muellermcnicoll_2025_04_14_IP_Puro_3.R1.cutadapt.fastq.gz
Analysis complete for uf_muellermcnicoll_2025_04_14_IP_Puro_3.R1.cutadapt.fastq.gz
application/gzip
Started analysis of uf_muellermcnicoll_2025_04_14_IP_Puro_3.R2.cutadapt.fastq.gz
Approx 5% complete for uf_muellermcnicoll_2025_04_14_IP_Puro_3.R2.cutadapt.fastq.gz
Approx 10% complete for uf_muellermcnicoll_2025_04_14_IP_Puro_3.R2.cutadapt.fastq.gz
Approx 15% complete for uf_muellermcnicoll_2025_04_14_IP_Puro_3.R2.cutadapt.fastq.gz
Approx 20% complete for uf_muellermcnicoll_2025_04_14_IP_Puro_3.R2.cutadapt.fastq.gz
Approx 25% complete for uf_muellermcnicoll_2025_04_14_IP_Puro_3.R2.cutadapt.fastq.gz
Approx 30% complete for uf_muellermcnicoll_2025_04_14_IP_Puro_3.R2.cutadapt.fastq.gz
Approx 35% complete for uf_muellermcnicoll_2025_04_14_IP_Puro_3.R2.cutadapt.fastq.gz
Approx 40% complete for uf_muellermcnicoll_2025_04_14_IP_Puro_3.R2.cutadapt.fastq.gz
Approx 45% complete for uf_muellermcnicoll_2025_04_14_IP_Puro_3.R2.cutadapt.fastq.gz
Approx 50% complete for uf_muellermcnicoll_2025_04_14_IP_Puro_3.R2.cutadapt.fastq.gz
Approx 55% complete for uf_muellermcnicoll_2025_04_14_IP_Puro_3.R2.cutadapt.fastq.gz
Approx 60% complete for uf_muellermcnicoll_2025_04_14_IP_Puro_3.R2.cutadapt.fastq.gz
Approx 65% complete for uf_muellermcnicoll_2025_04_14_IP_Puro_3.R2.cutadapt.fastq.gz
Approx 70% complete for uf_muellermcnicoll_2025_04_14_IP_Puro_3.R2.cutadapt.fastq.gz
Approx 75% complete for uf_muellermcnicoll_2025_04_14_IP_Puro_3.R2.cutadapt.fastq.gz
Approx 80% complete for uf_muellermcnicoll_2025_04_14_IP_Puro_3.R2.cutadapt.fastq.gz
Approx 85% complete for uf_muellermcnicoll_2025_04_14_IP_Puro_3.R2.cutadapt.fastq.gz
Approx 90% complete for uf_muellermcnicoll_2025_04_14_IP_Puro_3.R2.cutadapt.fastq.gz
Approx 95% complete for uf_muellermcnicoll_2025_04_14_IP_Puro_3.R2.cutadapt.fastq.gz
Analysis complete for uf_muellermcnicoll_2025_04_14_IP_Puro_3.R2.cutadapt.fastq.gz
application/gzip
Started analysis of uf_muellermcnicoll_2025_04_15_IP_Puro_4.R1.cutadapt.fastq.gz
Approx 5% complete for uf_muellermcnicoll_2025_04_15_IP_Puro_4.R1.cutadapt.fastq.gz
Approx 10% complete for uf_muellermcnicoll_2025_04_15_IP_Puro_4.R1.cutadapt.fastq.gz
Approx 15% complete for uf_muellermcnicoll_2025_04_15_IP_Puro_4.R1.cutadapt.fastq.gz
Approx 20% complete for uf_muellermcnicoll_2025_04_15_IP_Puro_4.R1.cutadapt.fastq.gz
Approx 25% complete for uf_muellermcnicoll_2025_04_15_IP_Puro_4.R1.cutadapt.fastq.gz
Approx 30% complete for uf_muellermcnicoll_2025_04_15_IP_Puro_4.R1.cutadapt.fastq.gz
Approx 35% complete for uf_muellermcnicoll_2025_04_15_IP_Puro_4.R1.cutadapt.fastq.gz
Approx 40% complete for uf_muellermcnicoll_2025_04_15_IP_Puro_4.R1.cutadapt.fastq.gz
Approx 45% complete for uf_muellermcnicoll_2025_04_15_IP_Puro_4.R1.cutadapt.fastq.gz
Approx 50% complete for uf_muellermcnicoll_2025_04_15_IP_Puro_4.R1.cutadapt.fastq.gz
Approx 55% complete for uf_muellermcnicoll_2025_04_15_IP_Puro_4.R1.cutadapt.fastq.gz
Approx 60% complete for uf_muellermcnicoll_2025_04_15_IP_Puro_4.R1.cutadapt.fastq.gz
Approx 65% complete for uf_muellermcnicoll_2025_04_15_IP_Puro_4.R1.cutadapt.fastq.gz
Approx 70% complete for uf_muellermcnicoll_2025_04_15_IP_Puro_4.R1.cutadapt.fastq.gz
Approx 75% complete for uf_muellermcnicoll_2025_04_15_IP_Puro_4.R1.cutadapt.fastq.gz
Approx 80% complete for uf_muellermcnicoll_2025_04_15_IP_Puro_4.R1.cutadapt.fastq.gz
Approx 85% complete for uf_muellermcnicoll_2025_04_15_IP_Puro_4.R1.cutadapt.fastq.gz
Approx 90% complete for uf_muellermcnicoll_2025_04_15_IP_Puro_4.R1.cutadapt.fastq.gz
Approx 95% complete for uf_muellermcnicoll_2025_04_15_IP_Puro_4.R1.cutadapt.fastq.gz
Analysis complete for uf_muellermcnicoll_2025_04_15_IP_Puro_4.R1.cutadapt.fastq.gz
application/gzip
Started analysis of uf_muellermcnicoll_2025_04_15_IP_Puro_4.R2.cutadapt.fastq.gz
Approx 5% complete for uf_muellermcnicoll_2025_04_15_IP_Puro_4.R2.cutadapt.fastq.gz
Approx 10% complete for uf_muellermcnicoll_2025_04_15_IP_Puro_4.R2.cutadapt.fastq.gz
Approx 15% complete for uf_muellermcnicoll_2025_04_15_IP_Puro_4.R2.cutadapt.fastq.gz
Approx 20% complete for uf_muellermcnicoll_2025_04_15_IP_Puro_4.R2.cutadapt.fastq.gz
Approx 25% complete for uf_muellermcnicoll_2025_04_15_IP_Puro_4.R2.cutadapt.fastq.gz
Approx 30% complete for uf_muellermcnicoll_2025_04_15_IP_Puro_4.R2.cutadapt.fastq.gz
Approx 35% complete for uf_muellermcnicoll_2025_04_15_IP_Puro_4.R2.cutadapt.fastq.gz
Approx 40% complete for uf_muellermcnicoll_2025_04_15_IP_Puro_4.R2.cutadapt.fastq.gz
Approx 45% complete for uf_muellermcnicoll_2025_04_15_IP_Puro_4.R2.cutadapt.fastq.gz
Approx 50% complete for uf_muellermcnicoll_2025_04_15_IP_Puro_4.R2.cutadapt.fastq.gz
Approx 55% complete for uf_muellermcnicoll_2025_04_15_IP_Puro_4.R2.cutadapt.fastq.gz
Approx 60% complete for uf_muellermcnicoll_2025_04_15_IP_Puro_4.R2.cutadapt.fastq.gz
Approx 65% complete for uf_muellermcnicoll_2025_04_15_IP_Puro_4.R2.cutadapt.fastq.gz
Approx 70% complete for uf_muellermcnicoll_2025_04_15_IP_Puro_4.R2.cutadapt.fastq.gz
Approx 75% complete for uf_muellermcnicoll_2025_04_15_IP_Puro_4.R2.cutadapt.fastq.gz
Approx 80% complete for uf_muellermcnicoll_2025_04_15_IP_Puro_4.R2.cutadapt.fastq.gz
Approx 85% complete for uf_muellermcnicoll_2025_04_15_IP_Puro_4.R2.cutadapt.fastq.gz
Approx 90% complete for uf_muellermcnicoll_2025_04_15_IP_Puro_4.R2.cutadapt.fastq.gz
Approx 95% complete for uf_muellermcnicoll_2025_04_15_IP_Puro_4.R2.cutadapt.fastq.gz
Analysis complete for uf_muellermcnicoll_2025_04_15_IP_Puro_4.R2.cutadapt.fastq.gz
application/gzip
Started analysis of uf_muellermcnicoll_2025_04_16_IP_CHX_1.R1.cutadapt.fastq.gz
Approx 5% complete for uf_muellermcnicoll_2025_04_16_IP_CHX_1.R1.cutadapt.fastq.gz
Approx 10% complete for uf_muellermcnicoll_2025_04_16_IP_CHX_1.R1.cutadapt.fastq.gz
Approx 15% complete for uf_muellermcnicoll_2025_04_16_IP_CHX_1.R1.cutadapt.fastq.gz
Approx 20% complete for uf_muellermcnicoll_2025_04_16_IP_CHX_1.R1.cutadapt.fastq.gz
Approx 25% complete for uf_muellermcnicoll_2025_04_16_IP_CHX_1.R1.cutadapt.fastq.gz
Approx 30% complete for uf_muellermcnicoll_2025_04_16_IP_CHX_1.R1.cutadapt.fastq.gz
Approx 35% complete for uf_muellermcnicoll_2025_04_16_IP_CHX_1.R1.cutadapt.fastq.gz
Approx 40% complete for uf_muellermcnicoll_2025_04_16_IP_CHX_1.R1.cutadapt.fastq.gz
Approx 45% complete for uf_muellermcnicoll_2025_04_16_IP_CHX_1.R1.cutadapt.fastq.gz
Approx 50% complete for uf_muellermcnicoll_2025_04_16_IP_CHX_1.R1.cutadapt.fastq.gz
Approx 55% complete for uf_muellermcnicoll_2025_04_16_IP_CHX_1.R1.cutadapt.fastq.gz
Approx 60% complete for uf_muellermcnicoll_2025_04_16_IP_CHX_1.R1.cutadapt.fastq.gz
Approx 65% complete for uf_muellermcnicoll_2025_04_16_IP_CHX_1.R1.cutadapt.fastq.gz
Approx 70% complete for uf_muellermcnicoll_2025_04_16_IP_CHX_1.R1.cutadapt.fastq.gz
Approx 75% complete for uf_muellermcnicoll_2025_04_16_IP_CHX_1.R1.cutadapt.fastq.gz
Approx 80% complete for uf_muellermcnicoll_2025_04_16_IP_CHX_1.R1.cutadapt.fastq.gz
Approx 85% complete for uf_muellermcnicoll_2025_04_16_IP_CHX_1.R1.cutadapt.fastq.gz
Approx 90% complete for uf_muellermcnicoll_2025_04_16_IP_CHX_1.R1.cutadapt.fastq.gz
Approx 95% complete for uf_muellermcnicoll_2025_04_16_IP_CHX_1.R1.cutadapt.fastq.gz
Analysis complete for uf_muellermcnicoll_2025_04_16_IP_CHX_1.R1.cutadapt.fastq.gz
application/gzip
Started analysis of uf_muellermcnicoll_2025_04_16_IP_CHX_1.R2.cutadapt.fastq.gz
Approx 5% complete for uf_muellermcnicoll_2025_04_16_IP_CHX_1.R2.cutadapt.fastq.gz
Approx 10% complete for uf_muellermcnicoll_2025_04_16_IP_CHX_1.R2.cutadapt.fastq.gz
Approx 15% complete for uf_muellermcnicoll_2025_04_16_IP_CHX_1.R2.cutadapt.fastq.gz
Approx 20% complete for uf_muellermcnicoll_2025_04_16_IP_CHX_1.R2.cutadapt.fastq.gz
Approx 25% complete for uf_muellermcnicoll_2025_04_16_IP_CHX_1.R2.cutadapt.fastq.gz
Approx 30% complete for uf_muellermcnicoll_2025_04_16_IP_CHX_1.R2.cutadapt.fastq.gz
Approx 35% complete for uf_muellermcnicoll_2025_04_16_IP_CHX_1.R2.cutadapt.fastq.gz
Approx 40% complete for uf_muellermcnicoll_2025_04_16_IP_CHX_1.R2.cutadapt.fastq.gz
Approx 45% complete for uf_muellermcnicoll_2025_04_16_IP_CHX_1.R2.cutadapt.fastq.gz
Approx 50% complete for uf_muellermcnicoll_2025_04_16_IP_CHX_1.R2.cutadapt.fastq.gz
Approx 55% complete for uf_muellermcnicoll_2025_04_16_IP_CHX_1.R2.cutadapt.fastq.gz
Approx 60% complete for uf_muellermcnicoll_2025_04_16_IP_CHX_1.R2.cutadapt.fastq.gz
Approx 65% complete for uf_muellermcnicoll_2025_04_16_IP_CHX_1.R2.cutadapt.fastq.gz
Approx 70% complete for uf_muellermcnicoll_2025_04_16_IP_CHX_1.R2.cutadapt.fastq.gz
Approx 75% complete for uf_muellermcnicoll_2025_04_16_IP_CHX_1.R2.cutadapt.fastq.gz
Approx 80% complete for uf_muellermcnicoll_2025_04_16_IP_CHX_1.R2.cutadapt.fastq.gz
Approx 85% complete for uf_muellermcnicoll_2025_04_16_IP_CHX_1.R2.cutadapt.fastq.gz
Approx 90% complete for uf_muellermcnicoll_2025_04_16_IP_CHX_1.R2.cutadapt.fastq.gz
Approx 95% complete for uf_muellermcnicoll_2025_04_16_IP_CHX_1.R2.cutadapt.fastq.gz
Analysis complete for uf_muellermcnicoll_2025_04_16_IP_CHX_1.R2.cutadapt.fastq.gz
application/gzip
Started analysis of uf_muellermcnicoll_2025_04_17_IP_CHX_2.R1.cutadapt.fastq.gz
Approx 5% complete for uf_muellermcnicoll_2025_04_17_IP_CHX_2.R1.cutadapt.fastq.gz
Approx 10% complete for uf_muellermcnicoll_2025_04_17_IP_CHX_2.R1.cutadapt.fastq.gz
Approx 15% complete for uf_muellermcnicoll_2025_04_17_IP_CHX_2.R1.cutadapt.fastq.gz
Approx 20% complete for uf_muellermcnicoll_2025_04_17_IP_CHX_2.R1.cutadapt.fastq.gz
Approx 25% complete for uf_muellermcnicoll_2025_04_17_IP_CHX_2.R1.cutadapt.fastq.gz
Approx 30% complete for uf_muellermcnicoll_2025_04_17_IP_CHX_2.R1.cutadapt.fastq.gz
Approx 35% complete for uf_muellermcnicoll_2025_04_17_IP_CHX_2.R1.cutadapt.fastq.gz
Approx 40% complete for uf_muellermcnicoll_2025_04_17_IP_CHX_2.R1.cutadapt.fastq.gz
Approx 45% complete for uf_muellermcnicoll_2025_04_17_IP_CHX_2.R1.cutadapt.fastq.gz
Approx 50% complete for uf_muellermcnicoll_2025_04_17_IP_CHX_2.R1.cutadapt.fastq.gz
Approx 55% complete for uf_muellermcnicoll_2025_04_17_IP_CHX_2.R1.cutadapt.fastq.gz
Approx 60% complete for uf_muellermcnicoll_2025_04_17_IP_CHX_2.R1.cutadapt.fastq.gz
Approx 65% complete for uf_muellermcnicoll_2025_04_17_IP_CHX_2.R1.cutadapt.fastq.gz
Approx 70% complete for uf_muellermcnicoll_2025_04_17_IP_CHX_2.R1.cutadapt.fastq.gz
Approx 75% complete for uf_muellermcnicoll_2025_04_17_IP_CHX_2.R1.cutadapt.fastq.gz
Approx 80% complete for uf_muellermcnicoll_2025_04_17_IP_CHX_2.R1.cutadapt.fastq.gz
Approx 85% complete for uf_muellermcnicoll_2025_04_17_IP_CHX_2.R1.cutadapt.fastq.gz
Approx 90% complete for uf_muellermcnicoll_2025_04_17_IP_CHX_2.R1.cutadapt.fastq.gz
Approx 95% complete for uf_muellermcnicoll_2025_04_17_IP_CHX_2.R1.cutadapt.fastq.gz
Analysis complete for uf_muellermcnicoll_2025_04_17_IP_CHX_2.R1.cutadapt.fastq.gz
application/gzip
Started analysis of uf_muellermcnicoll_2025_04_17_IP_CHX_2.R2.cutadapt.fastq.gz
Approx 5% complete for uf_muellermcnicoll_2025_04_17_IP_CHX_2.R2.cutadapt.fastq.gz
Approx 10% complete for uf_muellermcnicoll_2025_04_17_IP_CHX_2.R2.cutadapt.fastq.gz
Approx 15% complete for uf_muellermcnicoll_2025_04_17_IP_CHX_2.R2.cutadapt.fastq.gz
Approx 20% complete for uf_muellermcnicoll_2025_04_17_IP_CHX_2.R2.cutadapt.fastq.gz
Approx 25% complete for uf_muellermcnicoll_2025_04_17_IP_CHX_2.R2.cutadapt.fastq.gz
Approx 30% complete for uf_muellermcnicoll_2025_04_17_IP_CHX_2.R2.cutadapt.fastq.gz
Approx 35% complete for uf_muellermcnicoll_2025_04_17_IP_CHX_2.R2.cutadapt.fastq.gz
Approx 40% complete for uf_muellermcnicoll_2025_04_17_IP_CHX_2.R2.cutadapt.fastq.gz
Approx 45% complete for uf_muellermcnicoll_2025_04_17_IP_CHX_2.R2.cutadapt.fastq.gz
Approx 50% complete for uf_muellermcnicoll_2025_04_17_IP_CHX_2.R2.cutadapt.fastq.gz
Approx 55% complete for uf_muellermcnicoll_2025_04_17_IP_CHX_2.R2.cutadapt.fastq.gz
Approx 60% complete for uf_muellermcnicoll_2025_04_17_IP_CHX_2.R2.cutadapt.fastq.gz
Approx 65% complete for uf_muellermcnicoll_2025_04_17_IP_CHX_2.R2.cutadapt.fastq.gz
Approx 70% complete for uf_muellermcnicoll_2025_04_17_IP_CHX_2.R2.cutadapt.fastq.gz
Approx 75% complete for uf_muellermcnicoll_2025_04_17_IP_CHX_2.R2.cutadapt.fastq.gz
Approx 80% complete for uf_muellermcnicoll_2025_04_17_IP_CHX_2.R2.cutadapt.fastq.gz
Approx 85% complete for uf_muellermcnicoll_2025_04_17_IP_CHX_2.R2.cutadapt.fastq.gz
Approx 90% complete for uf_muellermcnicoll_2025_04_17_IP_CHX_2.R2.cutadapt.fastq.gz
Approx 95% complete for uf_muellermcnicoll_2025_04_17_IP_CHX_2.R2.cutadapt.fastq.gz
Analysis complete for uf_muellermcnicoll_2025_04_17_IP_CHX_2.R2.cutadapt.fastq.gz
application/gzip
Started analysis of uf_muellermcnicoll_2025_04_18_IP_CHX_4.R1.cutadapt.fastq.gz
Approx 5% complete for uf_muellermcnicoll_2025_04_18_IP_CHX_4.R1.cutadapt.fastq.gz
Approx 10% complete for uf_muellermcnicoll_2025_04_18_IP_CHX_4.R1.cutadapt.fastq.gz
Approx 15% complete for uf_muellermcnicoll_2025_04_18_IP_CHX_4.R1.cutadapt.fastq.gz
Approx 20% complete for uf_muellermcnicoll_2025_04_18_IP_CHX_4.R1.cutadapt.fastq.gz
Approx 25% complete for uf_muellermcnicoll_2025_04_18_IP_CHX_4.R1.cutadapt.fastq.gz
Approx 30% complete for uf_muellermcnicoll_2025_04_18_IP_CHX_4.R1.cutadapt.fastq.gz
Approx 35% complete for uf_muellermcnicoll_2025_04_18_IP_CHX_4.R1.cutadapt.fastq.gz
Approx 40% complete for uf_muellermcnicoll_2025_04_18_IP_CHX_4.R1.cutadapt.fastq.gz
Approx 45% complete for uf_muellermcnicoll_2025_04_18_IP_CHX_4.R1.cutadapt.fastq.gz
Approx 50% complete for uf_muellermcnicoll_2025_04_18_IP_CHX_4.R1.cutadapt.fastq.gz
Approx 55% complete for uf_muellermcnicoll_2025_04_18_IP_CHX_4.R1.cutadapt.fastq.gz
Approx 60% complete for uf_muellermcnicoll_2025_04_18_IP_CHX_4.R1.cutadapt.fastq.gz
Approx 65% complete for uf_muellermcnicoll_2025_04_18_IP_CHX_4.R1.cutadapt.fastq.gz
Approx 70% complete for uf_muellermcnicoll_2025_04_18_IP_CHX_4.R1.cutadapt.fastq.gz
Approx 75% complete for uf_muellermcnicoll_2025_04_18_IP_CHX_4.R1.cutadapt.fastq.gz
Approx 80% complete for uf_muellermcnicoll_2025_04_18_IP_CHX_4.R1.cutadapt.fastq.gz
Approx 85% complete for uf_muellermcnicoll_2025_04_18_IP_CHX_4.R1.cutadapt.fastq.gz
Approx 90% complete for uf_muellermcnicoll_2025_04_18_IP_CHX_4.R1.cutadapt.fastq.gz
Approx 95% complete for uf_muellermcnicoll_2025_04_18_IP_CHX_4.R1.cutadapt.fastq.gz
Analysis complete for uf_muellermcnicoll_2025_04_18_IP_CHX_4.R1.cutadapt.fastq.gz
application/gzip
Started analysis of uf_muellermcnicoll_2025_04_18_IP_CHX_4.R2.cutadapt.fastq.gz
Approx 5% complete for uf_muellermcnicoll_2025_04_18_IP_CHX_4.R2.cutadapt.fastq.gz
Approx 10% complete for uf_muellermcnicoll_2025_04_18_IP_CHX_4.R2.cutadapt.fastq.gz
Approx 15% complete for uf_muellermcnicoll_2025_04_18_IP_CHX_4.R2.cutadapt.fastq.gz
Approx 20% complete for uf_muellermcnicoll_2025_04_18_IP_CHX_4.R2.cutadapt.fastq.gz
Approx 25% complete for uf_muellermcnicoll_2025_04_18_IP_CHX_4.R2.cutadapt.fastq.gz
Approx 30% complete for uf_muellermcnicoll_2025_04_18_IP_CHX_4.R2.cutadapt.fastq.gz
Approx 35% complete for uf_muellermcnicoll_2025_04_18_IP_CHX_4.R2.cutadapt.fastq.gz
Approx 40% complete for uf_muellermcnicoll_2025_04_18_IP_CHX_4.R2.cutadapt.fastq.gz
Approx 45% complete for uf_muellermcnicoll_2025_04_18_IP_CHX_4.R2.cutadapt.fastq.gz
Approx 50% complete for uf_muellermcnicoll_2025_04_18_IP_CHX_4.R2.cutadapt.fastq.gz
Approx 55% complete for uf_muellermcnicoll_2025_04_18_IP_CHX_4.R2.cutadapt.fastq.gz
Approx 60% complete for uf_muellermcnicoll_2025_04_18_IP_CHX_4.R2.cutadapt.fastq.gz
Approx 65% complete for uf_muellermcnicoll_2025_04_18_IP_CHX_4.R2.cutadapt.fastq.gz
Approx 70% complete for uf_muellermcnicoll_2025_04_18_IP_CHX_4.R2.cutadapt.fastq.gz
Approx 75% complete for uf_muellermcnicoll_2025_04_18_IP_CHX_4.R2.cutadapt.fastq.gz
Approx 80% complete for uf_muellermcnicoll_2025_04_18_IP_CHX_4.R2.cutadapt.fastq.gz
Approx 85% complete for uf_muellermcnicoll_2025_04_18_IP_CHX_4.R2.cutadapt.fastq.gz
Approx 90% complete for uf_muellermcnicoll_2025_04_18_IP_CHX_4.R2.cutadapt.fastq.gz
Approx 95% complete for uf_muellermcnicoll_2025_04_18_IP_CHX_4.R2.cutadapt.fastq.gz
Analysis complete for uf_muellermcnicoll_2025_04_18_IP_CHX_4.R2.cutadapt.fastq.gz
