null
Started analysis of uf_muellermcnicoll_2025_04_01_huvec_dnor_2.R1.UMI_adapter_trimmed.fastq
Approx 5% complete for uf_muellermcnicoll_2025_04_01_huvec_dnor_2.R1.UMI_adapter_trimmed.fastq
Approx 10% complete for uf_muellermcnicoll_2025_04_01_huvec_dnor_2.R1.UMI_adapter_trimmed.fastq
Approx 15% complete for uf_muellermcnicoll_2025_04_01_huvec_dnor_2.R1.UMI_adapter_trimmed.fastq
Approx 20% complete for uf_muellermcnicoll_2025_04_01_huvec_dnor_2.R1.UMI_adapter_trimmed.fastq
Approx 25% complete for uf_muellermcnicoll_2025_04_01_huvec_dnor_2.R1.UMI_adapter_trimmed.fastq
Approx 30% complete for uf_muellermcnicoll_2025_04_01_huvec_dnor_2.R1.UMI_adapter_trimmed.fastq
Approx 35% complete for uf_muellermcnicoll_2025_04_01_huvec_dnor_2.R1.UMI_adapter_trimmed.fastq
Approx 40% complete for uf_muellermcnicoll_2025_04_01_huvec_dnor_2.R1.UMI_adapter_trimmed.fastq
Approx 45% complete for uf_muellermcnicoll_2025_04_01_huvec_dnor_2.R1.UMI_adapter_trimmed.fastq
Approx 50% complete for uf_muellermcnicoll_2025_04_01_huvec_dnor_2.R1.UMI_adapter_trimmed.fastq
Approx 55% complete for uf_muellermcnicoll_2025_04_01_huvec_dnor_2.R1.UMI_adapter_trimmed.fastq
Approx 60% complete for uf_muellermcnicoll_2025_04_01_huvec_dnor_2.R1.UMI_adapter_trimmed.fastq
Approx 65% complete for uf_muellermcnicoll_2025_04_01_huvec_dnor_2.R1.UMI_adapter_trimmed.fastq
Approx 70% complete for uf_muellermcnicoll_2025_04_01_huvec_dnor_2.R1.UMI_adapter_trimmed.fastq
Approx 75% complete for uf_muellermcnicoll_2025_04_01_huvec_dnor_2.R1.UMI_adapter_trimmed.fastq
Approx 80% complete for uf_muellermcnicoll_2025_04_01_huvec_dnor_2.R1.UMI_adapter_trimmed.fastq
Approx 85% complete for uf_muellermcnicoll_2025_04_01_huvec_dnor_2.R1.UMI_adapter_trimmed.fastq
Approx 90% complete for uf_muellermcnicoll_2025_04_01_huvec_dnor_2.R1.UMI_adapter_trimmed.fastq
Approx 95% complete for uf_muellermcnicoll_2025_04_01_huvec_dnor_2.R1.UMI_adapter_trimmed.fastq
Analysis complete for uf_muellermcnicoll_2025_04_01_huvec_dnor_2.R1.UMI_adapter_trimmed.fastq
null
Started analysis of uf_muellermcnicoll_2025_04_01_huvec_dnor_2.R2.UMI_adapter_trimmed.fastq
Approx 5% complete for uf_muellermcnicoll_2025_04_01_huvec_dnor_2.R2.UMI_adapter_trimmed.fastq
Approx 10% complete for uf_muellermcnicoll_2025_04_01_huvec_dnor_2.R2.UMI_adapter_trimmed.fastq
Approx 15% complete for uf_muellermcnicoll_2025_04_01_huvec_dnor_2.R2.UMI_adapter_trimmed.fastq
Approx 20% complete for uf_muellermcnicoll_2025_04_01_huvec_dnor_2.R2.UMI_adapter_trimmed.fastq
Approx 25% complete for uf_muellermcnicoll_2025_04_01_huvec_dnor_2.R2.UMI_adapter_trimmed.fastq
Approx 30% complete for uf_muellermcnicoll_2025_04_01_huvec_dnor_2.R2.UMI_adapter_trimmed.fastq
Approx 35% complete for uf_muellermcnicoll_2025_04_01_huvec_dnor_2.R2.UMI_adapter_trimmed.fastq
Approx 40% complete for uf_muellermcnicoll_2025_04_01_huvec_dnor_2.R2.UMI_adapter_trimmed.fastq
Approx 45% complete for uf_muellermcnicoll_2025_04_01_huvec_dnor_2.R2.UMI_adapter_trimmed.fastq
Approx 50% complete for uf_muellermcnicoll_2025_04_01_huvec_dnor_2.R2.UMI_adapter_trimmed.fastq
Approx 55% complete for uf_muellermcnicoll_2025_04_01_huvec_dnor_2.R2.UMI_adapter_trimmed.fastq
Approx 60% complete for uf_muellermcnicoll_2025_04_01_huvec_dnor_2.R2.UMI_adapter_trimmed.fastq
Approx 65% complete for uf_muellermcnicoll_2025_04_01_huvec_dnor_2.R2.UMI_adapter_trimmed.fastq
Approx 70% complete for uf_muellermcnicoll_2025_04_01_huvec_dnor_2.R2.UMI_adapter_trimmed.fastq
Approx 75% complete for uf_muellermcnicoll_2025_04_01_huvec_dnor_2.R2.UMI_adapter_trimmed.fastq
Approx 80% complete for uf_muellermcnicoll_2025_04_01_huvec_dnor_2.R2.UMI_adapter_trimmed.fastq
Approx 85% complete for uf_muellermcnicoll_2025_04_01_huvec_dnor_2.R2.UMI_adapter_trimmed.fastq
Approx 90% complete for uf_muellermcnicoll_2025_04_01_huvec_dnor_2.R2.UMI_adapter_trimmed.fastq
Approx 95% complete for uf_muellermcnicoll_2025_04_01_huvec_dnor_2.R2.UMI_adapter_trimmed.fastq
Analysis complete for uf_muellermcnicoll_2025_04_01_huvec_dnor_2.R2.UMI_adapter_trimmed.fastq
null
Started analysis of uf_muellermcnicoll_2025_04_02_huvec_dnor_3.R1.UMI_adapter_trimmed.fastq
Approx 5% complete for uf_muellermcnicoll_2025_04_02_huvec_dnor_3.R1.UMI_adapter_trimmed.fastq
Approx 10% complete for uf_muellermcnicoll_2025_04_02_huvec_dnor_3.R1.UMI_adapter_trimmed.fastq
Approx 15% complete for uf_muellermcnicoll_2025_04_02_huvec_dnor_3.R1.UMI_adapter_trimmed.fastq
Approx 20% complete for uf_muellermcnicoll_2025_04_02_huvec_dnor_3.R1.UMI_adapter_trimmed.fastq
Approx 25% complete for uf_muellermcnicoll_2025_04_02_huvec_dnor_3.R1.UMI_adapter_trimmed.fastq
Approx 30% complete for uf_muellermcnicoll_2025_04_02_huvec_dnor_3.R1.UMI_adapter_trimmed.fastq
Approx 35% complete for uf_muellermcnicoll_2025_04_02_huvec_dnor_3.R1.UMI_adapter_trimmed.fastq
Approx 40% complete for uf_muellermcnicoll_2025_04_02_huvec_dnor_3.R1.UMI_adapter_trimmed.fastq
Approx 45% complete for uf_muellermcnicoll_2025_04_02_huvec_dnor_3.R1.UMI_adapter_trimmed.fastq
Approx 50% complete for uf_muellermcnicoll_2025_04_02_huvec_dnor_3.R1.UMI_adapter_trimmed.fastq
Approx 55% complete for uf_muellermcnicoll_2025_04_02_huvec_dnor_3.R1.UMI_adapter_trimmed.fastq
Approx 60% complete for uf_muellermcnicoll_2025_04_02_huvec_dnor_3.R1.UMI_adapter_trimmed.fastq
Approx 65% complete for uf_muellermcnicoll_2025_04_02_huvec_dnor_3.R1.UMI_adapter_trimmed.fastq
Approx 70% complete for uf_muellermcnicoll_2025_04_02_huvec_dnor_3.R1.UMI_adapter_trimmed.fastq
Approx 75% complete for uf_muellermcnicoll_2025_04_02_huvec_dnor_3.R1.UMI_adapter_trimmed.fastq
Approx 80% complete for uf_muellermcnicoll_2025_04_02_huvec_dnor_3.R1.UMI_adapter_trimmed.fastq
Approx 85% complete for uf_muellermcnicoll_2025_04_02_huvec_dnor_3.R1.UMI_adapter_trimmed.fastq
Approx 90% complete for uf_muellermcnicoll_2025_04_02_huvec_dnor_3.R1.UMI_adapter_trimmed.fastq
Approx 95% complete for uf_muellermcnicoll_2025_04_02_huvec_dnor_3.R1.UMI_adapter_trimmed.fastq
Analysis complete for uf_muellermcnicoll_2025_04_02_huvec_dnor_3.R1.UMI_adapter_trimmed.fastq
null
Started analysis of uf_muellermcnicoll_2025_04_02_huvec_dnor_3.R2.UMI_adapter_trimmed.fastq
Approx 5% complete for uf_muellermcnicoll_2025_04_02_huvec_dnor_3.R2.UMI_adapter_trimmed.fastq
Approx 10% complete for uf_muellermcnicoll_2025_04_02_huvec_dnor_3.R2.UMI_adapter_trimmed.fastq
Approx 15% complete for uf_muellermcnicoll_2025_04_02_huvec_dnor_3.R2.UMI_adapter_trimmed.fastq
Approx 20% complete for uf_muellermcnicoll_2025_04_02_huvec_dnor_3.R2.UMI_adapter_trimmed.fastq
Approx 25% complete for uf_muellermcnicoll_2025_04_02_huvec_dnor_3.R2.UMI_adapter_trimmed.fastq
Approx 30% complete for uf_muellermcnicoll_2025_04_02_huvec_dnor_3.R2.UMI_adapter_trimmed.fastq
Approx 35% complete for uf_muellermcnicoll_2025_04_02_huvec_dnor_3.R2.UMI_adapter_trimmed.fastq
Approx 40% complete for uf_muellermcnicoll_2025_04_02_huvec_dnor_3.R2.UMI_adapter_trimmed.fastq
Approx 45% complete for uf_muellermcnicoll_2025_04_02_huvec_dnor_3.R2.UMI_adapter_trimmed.fastq
Approx 50% complete for uf_muellermcnicoll_2025_04_02_huvec_dnor_3.R2.UMI_adapter_trimmed.fastq
Approx 55% complete for uf_muellermcnicoll_2025_04_02_huvec_dnor_3.R2.UMI_adapter_trimmed.fastq
Approx 60% complete for uf_muellermcnicoll_2025_04_02_huvec_dnor_3.R2.UMI_adapter_trimmed.fastq
Approx 65% complete for uf_muellermcnicoll_2025_04_02_huvec_dnor_3.R2.UMI_adapter_trimmed.fastq
Approx 70% complete for uf_muellermcnicoll_2025_04_02_huvec_dnor_3.R2.UMI_adapter_trimmed.fastq
Approx 75% complete for uf_muellermcnicoll_2025_04_02_huvec_dnor_3.R2.UMI_adapter_trimmed.fastq
Approx 80% complete for uf_muellermcnicoll_2025_04_02_huvec_dnor_3.R2.UMI_adapter_trimmed.fastq
Approx 85% complete for uf_muellermcnicoll_2025_04_02_huvec_dnor_3.R2.UMI_adapter_trimmed.fastq
Approx 90% complete for uf_muellermcnicoll_2025_04_02_huvec_dnor_3.R2.UMI_adapter_trimmed.fastq
Approx 95% complete for uf_muellermcnicoll_2025_04_02_huvec_dnor_3.R2.UMI_adapter_trimmed.fastq
Analysis complete for uf_muellermcnicoll_2025_04_02_huvec_dnor_3.R2.UMI_adapter_trimmed.fastq
null
Started analysis of uf_muellermcnicoll_2025_04_03_huvec_dnor_4.R1.UMI_adapter_trimmed.fastq
Approx 5% complete for uf_muellermcnicoll_2025_04_03_huvec_dnor_4.R1.UMI_adapter_trimmed.fastq
Approx 10% complete for uf_muellermcnicoll_2025_04_03_huvec_dnor_4.R1.UMI_adapter_trimmed.fastq
Approx 15% complete for uf_muellermcnicoll_2025_04_03_huvec_dnor_4.R1.UMI_adapter_trimmed.fastq
Approx 20% complete for uf_muellermcnicoll_2025_04_03_huvec_dnor_4.R1.UMI_adapter_trimmed.fastq
Approx 25% complete for uf_muellermcnicoll_2025_04_03_huvec_dnor_4.R1.UMI_adapter_trimmed.fastq
Approx 30% complete for uf_muellermcnicoll_2025_04_03_huvec_dnor_4.R1.UMI_adapter_trimmed.fastq
Approx 35% complete for uf_muellermcnicoll_2025_04_03_huvec_dnor_4.R1.UMI_adapter_trimmed.fastq
Approx 40% complete for uf_muellermcnicoll_2025_04_03_huvec_dnor_4.R1.UMI_adapter_trimmed.fastq
Approx 45% complete for uf_muellermcnicoll_2025_04_03_huvec_dnor_4.R1.UMI_adapter_trimmed.fastq
Approx 50% complete for uf_muellermcnicoll_2025_04_03_huvec_dnor_4.R1.UMI_adapter_trimmed.fastq
Approx 55% complete for uf_muellermcnicoll_2025_04_03_huvec_dnor_4.R1.UMI_adapter_trimmed.fastq
Approx 60% complete for uf_muellermcnicoll_2025_04_03_huvec_dnor_4.R1.UMI_adapter_trimmed.fastq
Approx 65% complete for uf_muellermcnicoll_2025_04_03_huvec_dnor_4.R1.UMI_adapter_trimmed.fastq
Approx 70% complete for uf_muellermcnicoll_2025_04_03_huvec_dnor_4.R1.UMI_adapter_trimmed.fastq
Approx 75% complete for uf_muellermcnicoll_2025_04_03_huvec_dnor_4.R1.UMI_adapter_trimmed.fastq
Approx 80% complete for uf_muellermcnicoll_2025_04_03_huvec_dnor_4.R1.UMI_adapter_trimmed.fastq
Approx 85% complete for uf_muellermcnicoll_2025_04_03_huvec_dnor_4.R1.UMI_adapter_trimmed.fastq
Approx 90% complete for uf_muellermcnicoll_2025_04_03_huvec_dnor_4.R1.UMI_adapter_trimmed.fastq
Approx 95% complete for uf_muellermcnicoll_2025_04_03_huvec_dnor_4.R1.UMI_adapter_trimmed.fastq
Analysis complete for uf_muellermcnicoll_2025_04_03_huvec_dnor_4.R1.UMI_adapter_trimmed.fastq
null
Started analysis of uf_muellermcnicoll_2025_04_03_huvec_dnor_4.R2.UMI_adapter_trimmed.fastq
Approx 5% complete for uf_muellermcnicoll_2025_04_03_huvec_dnor_4.R2.UMI_adapter_trimmed.fastq
Approx 10% complete for uf_muellermcnicoll_2025_04_03_huvec_dnor_4.R2.UMI_adapter_trimmed.fastq
Approx 15% complete for uf_muellermcnicoll_2025_04_03_huvec_dnor_4.R2.UMI_adapter_trimmed.fastq
Approx 20% complete for uf_muellermcnicoll_2025_04_03_huvec_dnor_4.R2.UMI_adapter_trimmed.fastq
Approx 25% complete for uf_muellermcnicoll_2025_04_03_huvec_dnor_4.R2.UMI_adapter_trimmed.fastq
Approx 30% complete for uf_muellermcnicoll_2025_04_03_huvec_dnor_4.R2.UMI_adapter_trimmed.fastq
Approx 35% complete for uf_muellermcnicoll_2025_04_03_huvec_dnor_4.R2.UMI_adapter_trimmed.fastq
Approx 40% complete for uf_muellermcnicoll_2025_04_03_huvec_dnor_4.R2.UMI_adapter_trimmed.fastq
Approx 45% complete for uf_muellermcnicoll_2025_04_03_huvec_dnor_4.R2.UMI_adapter_trimmed.fastq
Approx 50% complete for uf_muellermcnicoll_2025_04_03_huvec_dnor_4.R2.UMI_adapter_trimmed.fastq
Approx 55% complete for uf_muellermcnicoll_2025_04_03_huvec_dnor_4.R2.UMI_adapter_trimmed.fastq
Approx 60% complete for uf_muellermcnicoll_2025_04_03_huvec_dnor_4.R2.UMI_adapter_trimmed.fastq
Approx 65% complete for uf_muellermcnicoll_2025_04_03_huvec_dnor_4.R2.UMI_adapter_trimmed.fastq
Approx 70% complete for uf_muellermcnicoll_2025_04_03_huvec_dnor_4.R2.UMI_adapter_trimmed.fastq
Approx 75% complete for uf_muellermcnicoll_2025_04_03_huvec_dnor_4.R2.UMI_adapter_trimmed.fastq
Approx 80% complete for uf_muellermcnicoll_2025_04_03_huvec_dnor_4.R2.UMI_adapter_trimmed.fastq
Approx 85% complete for uf_muellermcnicoll_2025_04_03_huvec_dnor_4.R2.UMI_adapter_trimmed.fastq
Approx 90% complete for uf_muellermcnicoll_2025_04_03_huvec_dnor_4.R2.UMI_adapter_trimmed.fastq
Approx 95% complete for uf_muellermcnicoll_2025_04_03_huvec_dnor_4.R2.UMI_adapter_trimmed.fastq
Analysis complete for uf_muellermcnicoll_2025_04_03_huvec_dnor_4.R2.UMI_adapter_trimmed.fastq
null
Started analysis of uf_muellermcnicoll_2025_04_04_huvec_dhypo_2.R1.UMI_adapter_trimmed.fastq
Approx 5% complete for uf_muellermcnicoll_2025_04_04_huvec_dhypo_2.R1.UMI_adapter_trimmed.fastq
Approx 10% complete for uf_muellermcnicoll_2025_04_04_huvec_dhypo_2.R1.UMI_adapter_trimmed.fastq
Approx 15% complete for uf_muellermcnicoll_2025_04_04_huvec_dhypo_2.R1.UMI_adapter_trimmed.fastq
Approx 20% complete for uf_muellermcnicoll_2025_04_04_huvec_dhypo_2.R1.UMI_adapter_trimmed.fastq
Approx 25% complete for uf_muellermcnicoll_2025_04_04_huvec_dhypo_2.R1.UMI_adapter_trimmed.fastq
Approx 30% complete for uf_muellermcnicoll_2025_04_04_huvec_dhypo_2.R1.UMI_adapter_trimmed.fastq
Approx 35% complete for uf_muellermcnicoll_2025_04_04_huvec_dhypo_2.R1.UMI_adapter_trimmed.fastq
Approx 40% complete for uf_muellermcnicoll_2025_04_04_huvec_dhypo_2.R1.UMI_adapter_trimmed.fastq
Approx 45% complete for uf_muellermcnicoll_2025_04_04_huvec_dhypo_2.R1.UMI_adapter_trimmed.fastq
Approx 50% complete for uf_muellermcnicoll_2025_04_04_huvec_dhypo_2.R1.UMI_adapter_trimmed.fastq
Approx 55% complete for uf_muellermcnicoll_2025_04_04_huvec_dhypo_2.R1.UMI_adapter_trimmed.fastq
Approx 60% complete for uf_muellermcnicoll_2025_04_04_huvec_dhypo_2.R1.UMI_adapter_trimmed.fastq
Approx 65% complete for uf_muellermcnicoll_2025_04_04_huvec_dhypo_2.R1.UMI_adapter_trimmed.fastq
Approx 70% complete for uf_muellermcnicoll_2025_04_04_huvec_dhypo_2.R1.UMI_adapter_trimmed.fastq
Approx 75% complete for uf_muellermcnicoll_2025_04_04_huvec_dhypo_2.R1.UMI_adapter_trimmed.fastq
Approx 80% complete for uf_muellermcnicoll_2025_04_04_huvec_dhypo_2.R1.UMI_adapter_trimmed.fastq
Approx 85% complete for uf_muellermcnicoll_2025_04_04_huvec_dhypo_2.R1.UMI_adapter_trimmed.fastq
Approx 90% complete for uf_muellermcnicoll_2025_04_04_huvec_dhypo_2.R1.UMI_adapter_trimmed.fastq
Approx 95% complete for uf_muellermcnicoll_2025_04_04_huvec_dhypo_2.R1.UMI_adapter_trimmed.fastq
Analysis complete for uf_muellermcnicoll_2025_04_04_huvec_dhypo_2.R1.UMI_adapter_trimmed.fastq
null
Started analysis of uf_muellermcnicoll_2025_04_04_huvec_dhypo_2.R2.UMI_adapter_trimmed.fastq
Approx 5% complete for uf_muellermcnicoll_2025_04_04_huvec_dhypo_2.R2.UMI_adapter_trimmed.fastq
Approx 10% complete for uf_muellermcnicoll_2025_04_04_huvec_dhypo_2.R2.UMI_adapter_trimmed.fastq
Approx 15% complete for uf_muellermcnicoll_2025_04_04_huvec_dhypo_2.R2.UMI_adapter_trimmed.fastq
Approx 20% complete for uf_muellermcnicoll_2025_04_04_huvec_dhypo_2.R2.UMI_adapter_trimmed.fastq
Approx 25% complete for uf_muellermcnicoll_2025_04_04_huvec_dhypo_2.R2.UMI_adapter_trimmed.fastq
Approx 30% complete for uf_muellermcnicoll_2025_04_04_huvec_dhypo_2.R2.UMI_adapter_trimmed.fastq
Approx 35% complete for uf_muellermcnicoll_2025_04_04_huvec_dhypo_2.R2.UMI_adapter_trimmed.fastq
Approx 40% complete for uf_muellermcnicoll_2025_04_04_huvec_dhypo_2.R2.UMI_adapter_trimmed.fastq
Approx 45% complete for uf_muellermcnicoll_2025_04_04_huvec_dhypo_2.R2.UMI_adapter_trimmed.fastq
Approx 50% complete for uf_muellermcnicoll_2025_04_04_huvec_dhypo_2.R2.UMI_adapter_trimmed.fastq
Approx 55% complete for uf_muellermcnicoll_2025_04_04_huvec_dhypo_2.R2.UMI_adapter_trimmed.fastq
Approx 60% complete for uf_muellermcnicoll_2025_04_04_huvec_dhypo_2.R2.UMI_adapter_trimmed.fastq
Approx 65% complete for uf_muellermcnicoll_2025_04_04_huvec_dhypo_2.R2.UMI_adapter_trimmed.fastq
Approx 70% complete for uf_muellermcnicoll_2025_04_04_huvec_dhypo_2.R2.UMI_adapter_trimmed.fastq
Approx 75% complete for uf_muellermcnicoll_2025_04_04_huvec_dhypo_2.R2.UMI_adapter_trimmed.fastq
Approx 80% complete for uf_muellermcnicoll_2025_04_04_huvec_dhypo_2.R2.UMI_adapter_trimmed.fastq
Approx 85% complete for uf_muellermcnicoll_2025_04_04_huvec_dhypo_2.R2.UMI_adapter_trimmed.fastq
Approx 90% complete for uf_muellermcnicoll_2025_04_04_huvec_dhypo_2.R2.UMI_adapter_trimmed.fastq
Approx 95% complete for uf_muellermcnicoll_2025_04_04_huvec_dhypo_2.R2.UMI_adapter_trimmed.fastq
Analysis complete for uf_muellermcnicoll_2025_04_04_huvec_dhypo_2.R2.UMI_adapter_trimmed.fastq
null
Started analysis of uf_muellermcnicoll_2025_04_05_huvec_dhypo_3.R1.UMI_adapter_trimmed.fastq
Approx 5% complete for uf_muellermcnicoll_2025_04_05_huvec_dhypo_3.R1.UMI_adapter_trimmed.fastq
Approx 10% complete for uf_muellermcnicoll_2025_04_05_huvec_dhypo_3.R1.UMI_adapter_trimmed.fastq
Approx 15% complete for uf_muellermcnicoll_2025_04_05_huvec_dhypo_3.R1.UMI_adapter_trimmed.fastq
Approx 20% complete for uf_muellermcnicoll_2025_04_05_huvec_dhypo_3.R1.UMI_adapter_trimmed.fastq
Approx 25% complete for uf_muellermcnicoll_2025_04_05_huvec_dhypo_3.R1.UMI_adapter_trimmed.fastq
Approx 30% complete for uf_muellermcnicoll_2025_04_05_huvec_dhypo_3.R1.UMI_adapter_trimmed.fastq
Approx 35% complete for uf_muellermcnicoll_2025_04_05_huvec_dhypo_3.R1.UMI_adapter_trimmed.fastq
Approx 40% complete for uf_muellermcnicoll_2025_04_05_huvec_dhypo_3.R1.UMI_adapter_trimmed.fastq
Approx 45% complete for uf_muellermcnicoll_2025_04_05_huvec_dhypo_3.R1.UMI_adapter_trimmed.fastq
Approx 50% complete for uf_muellermcnicoll_2025_04_05_huvec_dhypo_3.R1.UMI_adapter_trimmed.fastq
Approx 55% complete for uf_muellermcnicoll_2025_04_05_huvec_dhypo_3.R1.UMI_adapter_trimmed.fastq
Approx 60% complete for uf_muellermcnicoll_2025_04_05_huvec_dhypo_3.R1.UMI_adapter_trimmed.fastq
Approx 65% complete for uf_muellermcnicoll_2025_04_05_huvec_dhypo_3.R1.UMI_adapter_trimmed.fastq
Approx 70% complete for uf_muellermcnicoll_2025_04_05_huvec_dhypo_3.R1.UMI_adapter_trimmed.fastq
Approx 75% complete for uf_muellermcnicoll_2025_04_05_huvec_dhypo_3.R1.UMI_adapter_trimmed.fastq
Approx 80% complete for uf_muellermcnicoll_2025_04_05_huvec_dhypo_3.R1.UMI_adapter_trimmed.fastq
Approx 85% complete for uf_muellermcnicoll_2025_04_05_huvec_dhypo_3.R1.UMI_adapter_trimmed.fastq
Approx 90% complete for uf_muellermcnicoll_2025_04_05_huvec_dhypo_3.R1.UMI_adapter_trimmed.fastq
Approx 95% complete for uf_muellermcnicoll_2025_04_05_huvec_dhypo_3.R1.UMI_adapter_trimmed.fastq
Approx 100% complete for uf_muellermcnicoll_2025_04_05_huvec_dhypo_3.R1.UMI_adapter_trimmed.fastq
Analysis complete for uf_muellermcnicoll_2025_04_05_huvec_dhypo_3.R1.UMI_adapter_trimmed.fastq
null
Started analysis of uf_muellermcnicoll_2025_04_05_huvec_dhypo_3.R2.UMI_adapter_trimmed.fastq
Approx 5% complete for uf_muellermcnicoll_2025_04_05_huvec_dhypo_3.R2.UMI_adapter_trimmed.fastq
Approx 10% complete for uf_muellermcnicoll_2025_04_05_huvec_dhypo_3.R2.UMI_adapter_trimmed.fastq
Approx 15% complete for uf_muellermcnicoll_2025_04_05_huvec_dhypo_3.R2.UMI_adapter_trimmed.fastq
Approx 20% complete for uf_muellermcnicoll_2025_04_05_huvec_dhypo_3.R2.UMI_adapter_trimmed.fastq
Approx 25% complete for uf_muellermcnicoll_2025_04_05_huvec_dhypo_3.R2.UMI_adapter_trimmed.fastq
Approx 30% complete for uf_muellermcnicoll_2025_04_05_huvec_dhypo_3.R2.UMI_adapter_trimmed.fastq
Approx 35% complete for uf_muellermcnicoll_2025_04_05_huvec_dhypo_3.R2.UMI_adapter_trimmed.fastq
Approx 40% complete for uf_muellermcnicoll_2025_04_05_huvec_dhypo_3.R2.UMI_adapter_trimmed.fastq
Approx 45% complete for uf_muellermcnicoll_2025_04_05_huvec_dhypo_3.R2.UMI_adapter_trimmed.fastq
Approx 50% complete for uf_muellermcnicoll_2025_04_05_huvec_dhypo_3.R2.UMI_adapter_trimmed.fastq
Approx 55% complete for uf_muellermcnicoll_2025_04_05_huvec_dhypo_3.R2.UMI_adapter_trimmed.fastq
Approx 60% complete for uf_muellermcnicoll_2025_04_05_huvec_dhypo_3.R2.UMI_adapter_trimmed.fastq
Approx 65% complete for uf_muellermcnicoll_2025_04_05_huvec_dhypo_3.R2.UMI_adapter_trimmed.fastq
Approx 70% complete for uf_muellermcnicoll_2025_04_05_huvec_dhypo_3.R2.UMI_adapter_trimmed.fastq
Approx 75% complete for uf_muellermcnicoll_2025_04_05_huvec_dhypo_3.R2.UMI_adapter_trimmed.fastq
Approx 80% complete for uf_muellermcnicoll_2025_04_05_huvec_dhypo_3.R2.UMI_adapter_trimmed.fastq
Approx 85% complete for uf_muellermcnicoll_2025_04_05_huvec_dhypo_3.R2.UMI_adapter_trimmed.fastq
Approx 90% complete for uf_muellermcnicoll_2025_04_05_huvec_dhypo_3.R2.UMI_adapter_trimmed.fastq
Approx 95% complete for uf_muellermcnicoll_2025_04_05_huvec_dhypo_3.R2.UMI_adapter_trimmed.fastq
Approx 100% complete for uf_muellermcnicoll_2025_04_05_huvec_dhypo_3.R2.UMI_adapter_trimmed.fastq
Analysis complete for uf_muellermcnicoll_2025_04_05_huvec_dhypo_3.R2.UMI_adapter_trimmed.fastq
null
Started analysis of uf_muellermcnicoll_2025_04_06_huvec_dhypo_4.R1.UMI_adapter_trimmed.fastq
Approx 5% complete for uf_muellermcnicoll_2025_04_06_huvec_dhypo_4.R1.UMI_adapter_trimmed.fastq
Approx 10% complete for uf_muellermcnicoll_2025_04_06_huvec_dhypo_4.R1.UMI_adapter_trimmed.fastq
Approx 15% complete for uf_muellermcnicoll_2025_04_06_huvec_dhypo_4.R1.UMI_adapter_trimmed.fastq
Approx 20% complete for uf_muellermcnicoll_2025_04_06_huvec_dhypo_4.R1.UMI_adapter_trimmed.fastq
Approx 25% complete for uf_muellermcnicoll_2025_04_06_huvec_dhypo_4.R1.UMI_adapter_trimmed.fastq
Approx 30% complete for uf_muellermcnicoll_2025_04_06_huvec_dhypo_4.R1.UMI_adapter_trimmed.fastq
Approx 35% complete for uf_muellermcnicoll_2025_04_06_huvec_dhypo_4.R1.UMI_adapter_trimmed.fastq
Approx 40% complete for uf_muellermcnicoll_2025_04_06_huvec_dhypo_4.R1.UMI_adapter_trimmed.fastq
Approx 45% complete for uf_muellermcnicoll_2025_04_06_huvec_dhypo_4.R1.UMI_adapter_trimmed.fastq
Approx 50% complete for uf_muellermcnicoll_2025_04_06_huvec_dhypo_4.R1.UMI_adapter_trimmed.fastq
Approx 55% complete for uf_muellermcnicoll_2025_04_06_huvec_dhypo_4.R1.UMI_adapter_trimmed.fastq
Approx 60% complete for uf_muellermcnicoll_2025_04_06_huvec_dhypo_4.R1.UMI_adapter_trimmed.fastq
Approx 65% complete for uf_muellermcnicoll_2025_04_06_huvec_dhypo_4.R1.UMI_adapter_trimmed.fastq
Approx 70% complete for uf_muellermcnicoll_2025_04_06_huvec_dhypo_4.R1.UMI_adapter_trimmed.fastq
Approx 75% complete for uf_muellermcnicoll_2025_04_06_huvec_dhypo_4.R1.UMI_adapter_trimmed.fastq
Approx 80% complete for uf_muellermcnicoll_2025_04_06_huvec_dhypo_4.R1.UMI_adapter_trimmed.fastq
Approx 85% complete for uf_muellermcnicoll_2025_04_06_huvec_dhypo_4.R1.UMI_adapter_trimmed.fastq
Approx 90% complete for uf_muellermcnicoll_2025_04_06_huvec_dhypo_4.R1.UMI_adapter_trimmed.fastq
Approx 95% complete for uf_muellermcnicoll_2025_04_06_huvec_dhypo_4.R1.UMI_adapter_trimmed.fastq
Analysis complete for uf_muellermcnicoll_2025_04_06_huvec_dhypo_4.R1.UMI_adapter_trimmed.fastq
null
Started analysis of uf_muellermcnicoll_2025_04_06_huvec_dhypo_4.R2.UMI_adapter_trimmed.fastq
Approx 5% complete for uf_muellermcnicoll_2025_04_06_huvec_dhypo_4.R2.UMI_adapter_trimmed.fastq
Approx 10% complete for uf_muellermcnicoll_2025_04_06_huvec_dhypo_4.R2.UMI_adapter_trimmed.fastq
Approx 15% complete for uf_muellermcnicoll_2025_04_06_huvec_dhypo_4.R2.UMI_adapter_trimmed.fastq
Approx 20% complete for uf_muellermcnicoll_2025_04_06_huvec_dhypo_4.R2.UMI_adapter_trimmed.fastq
Approx 25% complete for uf_muellermcnicoll_2025_04_06_huvec_dhypo_4.R2.UMI_adapter_trimmed.fastq
Approx 30% complete for uf_muellermcnicoll_2025_04_06_huvec_dhypo_4.R2.UMI_adapter_trimmed.fastq
Approx 35% complete for uf_muellermcnicoll_2025_04_06_huvec_dhypo_4.R2.UMI_adapter_trimmed.fastq
Approx 40% complete for uf_muellermcnicoll_2025_04_06_huvec_dhypo_4.R2.UMI_adapter_trimmed.fastq
Approx 45% complete for uf_muellermcnicoll_2025_04_06_huvec_dhypo_4.R2.UMI_adapter_trimmed.fastq
Approx 50% complete for uf_muellermcnicoll_2025_04_06_huvec_dhypo_4.R2.UMI_adapter_trimmed.fastq
Approx 55% complete for uf_muellermcnicoll_2025_04_06_huvec_dhypo_4.R2.UMI_adapter_trimmed.fastq
Approx 60% complete for uf_muellermcnicoll_2025_04_06_huvec_dhypo_4.R2.UMI_adapter_trimmed.fastq
Approx 65% complete for uf_muellermcnicoll_2025_04_06_huvec_dhypo_4.R2.UMI_adapter_trimmed.fastq
Approx 70% complete for uf_muellermcnicoll_2025_04_06_huvec_dhypo_4.R2.UMI_adapter_trimmed.fastq
Approx 75% complete for uf_muellermcnicoll_2025_04_06_huvec_dhypo_4.R2.UMI_adapter_trimmed.fastq
Approx 80% complete for uf_muellermcnicoll_2025_04_06_huvec_dhypo_4.R2.UMI_adapter_trimmed.fastq
Approx 85% complete for uf_muellermcnicoll_2025_04_06_huvec_dhypo_4.R2.UMI_adapter_trimmed.fastq
Approx 90% complete for uf_muellermcnicoll_2025_04_06_huvec_dhypo_4.R2.UMI_adapter_trimmed.fastq
Approx 95% complete for uf_muellermcnicoll_2025_04_06_huvec_dhypo_4.R2.UMI_adapter_trimmed.fastq
Analysis complete for uf_muellermcnicoll_2025_04_06_huvec_dhypo_4.R2.UMI_adapter_trimmed.fastq
	/home/ckalk/miniforge-pypy3/envs/Riboseq/bin/STAR-avx2 --runThreadN 50 --runMode genomeGenerate --genomeDir /projects/splitorfs/work/Riboseq/Output/Michi_Vlado_round_1/alignment_genome/STAR/index --genomeFastaFiles /projects/splitorfs/work/reference_files/Homo_sapiens.GRCh38.dna.primary_assembly_110.fa --sjdbGTFfile /projects/splitorfs/work/reference_files/Homo_sapiens.GRCh38.110.chr.gtf --sjdbOverhang 46
	STAR version: 2.7.11b   compiled: 2025-01-09T12:32:06+0000 :/opt/conda/conda-bld/star_1736425784849/work/source
Apr 15 15:08:04 ..... started STAR run
!!!!! WARNING: Could not move Log.out file from ./Log.out into /projects/splitorfs/work/Riboseq/Output/Michi_Vlado_round_1/alignment_genome/STAR/index/Log.out. Will keep ./Log.out

Apr 15 15:08:04 ... starting to generate Genome files
Apr 15 15:09:09 ..... processing annotations GTF
Apr 15 15:09:47 ... starting to sort Suffix Array. This may take a long time...
Apr 15 15:10:07 ... sorting Suffix Array chunks and saving them to disk...
Apr 15 15:26:05 ... loading chunks from disk, packing SA...
Apr 15 15:27:20 ... finished generating suffix array
Apr 15 15:27:20 ... generating Suffix Array index
Apr 15 15:31:28 ... completed Suffix Array index
Apr 15 15:31:29 ..... inserting junctions into the genome indices
Apr 15 15:33:30 ... writing Genome to disk ...
Apr 15 15:33:38 ... writing Suffix Array to disk ...
Apr 15 15:34:44 ... writing SAindex to disk
Apr 15 15:34:49 ..... finished successfully
uf_muellermcnicoll_2025_04_01_huvec_dnor_2.
	/home/ckalk/miniforge-pypy3/envs/Riboseq/bin/STAR-avx2 --runThreadN 16 --alignEndsType Extend5pOfReads12 --outSAMstrandField intronMotif --alignIntronMin 20 --alignIntronMax 1000000 --genomeDir /projects/splitorfs/work/Riboseq/Output/Michi_Vlado_round_1/alignment_genome/STAR/index --readFilesIn /projects/splitorfs/work/Riboseq/Output/Michi_Vlado_round_1/preprocess/cutadapt/UMI_trimmed_custom/uf_muellermcnicoll_2025_04_01_huvec_dnor_2.R1.UMI_adapter_trimmed.fastq /projects/splitorfs/work/Riboseq/Output/Michi_Vlado_round_1/preprocess/cutadapt/UMI_trimmed_custom/uf_muellermcnicoll_2025_04_01_huvec_dnor_2.R2.UMI_adapter_trimmed.fastq --twopassMode Basic --seedSearchStartLmax 20 --outSAMattributes All --alignMatesGapMax 20 --peOverlapNbasesMin 30 --outSAMtype BAM SortedByCoordinate --outFileNamePrefix /projects/splitorfs/work/Riboseq/Output/Michi_Vlado_round_1/alignment_genome/STARuf_muellermcnicoll_2025_04_01_huvec_dnor_2.
	STAR version: 2.7.11b   compiled: 2025-01-09T12:32:06+0000 :/opt/conda/conda-bld/star_1736425784849/work/source
Apr 15 15:34:50 ..... started STAR run
Apr 15 15:34:50 ..... loading genome
Apr 15 15:35:09 ..... started 1st pass mapping
Apr 15 15:38:03 ..... finished 1st pass mapping
Apr 15 15:38:04 ..... inserting junctions into the genome indices
Apr 15 15:39:20 ..... started mapping
Apr 15 15:44:47 ..... finished mapping
Apr 15 15:44:49 ..... started sorting BAM
Apr 15 15:45:41 ..... finished successfully
uf_muellermcnicoll_2025_04_02_huvec_dnor_3.
	/home/ckalk/miniforge-pypy3/envs/Riboseq/bin/STAR-avx2 --runThreadN 16 --alignEndsType Extend5pOfReads12 --outSAMstrandField intronMotif --alignIntronMin 20 --alignIntronMax 1000000 --genomeDir /projects/splitorfs/work/Riboseq/Output/Michi_Vlado_round_1/alignment_genome/STAR/index --readFilesIn /projects/splitorfs/work/Riboseq/Output/Michi_Vlado_round_1/preprocess/cutadapt/UMI_trimmed_custom/uf_muellermcnicoll_2025_04_02_huvec_dnor_3.R1.UMI_adapter_trimmed.fastq /projects/splitorfs/work/Riboseq/Output/Michi_Vlado_round_1/preprocess/cutadapt/UMI_trimmed_custom/uf_muellermcnicoll_2025_04_02_huvec_dnor_3.R2.UMI_adapter_trimmed.fastq --twopassMode Basic --seedSearchStartLmax 20 --outSAMattributes All --alignMatesGapMax 20 --peOverlapNbasesMin 30 --outSAMtype BAM SortedByCoordinate --outFileNamePrefix /projects/splitorfs/work/Riboseq/Output/Michi_Vlado_round_1/alignment_genome/STARuf_muellermcnicoll_2025_04_02_huvec_dnor_3.
	STAR version: 2.7.11b   compiled: 2025-01-09T12:32:06+0000 :/opt/conda/conda-bld/star_1736425784849/work/source
Apr 15 15:45:46 ..... started STAR run
Apr 15 15:45:46 ..... loading genome
Apr 15 15:46:05 ..... started 1st pass mapping
Apr 15 15:48:52 ..... finished 1st pass mapping
Apr 15 15:48:54 ..... inserting junctions into the genome indices
Apr 15 15:50:12 ..... started mapping
Apr 15 15:53:47 ..... finished mapping
Apr 15 15:53:50 ..... started sorting BAM
Apr 15 15:54:37 ..... finished successfully
uf_muellermcnicoll_2025_04_03_huvec_dnor_4.
	/home/ckalk/miniforge-pypy3/envs/Riboseq/bin/STAR-avx2 --runThreadN 16 --alignEndsType Extend5pOfReads12 --outSAMstrandField intronMotif --alignIntronMin 20 --alignIntronMax 1000000 --genomeDir /projects/splitorfs/work/Riboseq/Output/Michi_Vlado_round_1/alignment_genome/STAR/index --readFilesIn /projects/splitorfs/work/Riboseq/Output/Michi_Vlado_round_1/preprocess/cutadapt/UMI_trimmed_custom/uf_muellermcnicoll_2025_04_03_huvec_dnor_4.R1.UMI_adapter_trimmed.fastq /projects/splitorfs/work/Riboseq/Output/Michi_Vlado_round_1/preprocess/cutadapt/UMI_trimmed_custom/uf_muellermcnicoll_2025_04_03_huvec_dnor_4.R2.UMI_adapter_trimmed.fastq --twopassMode Basic --seedSearchStartLmax 20 --outSAMattributes All --alignMatesGapMax 20 --peOverlapNbasesMin 30 --outSAMtype BAM SortedByCoordinate --outFileNamePrefix /projects/splitorfs/work/Riboseq/Output/Michi_Vlado_round_1/alignment_genome/STARuf_muellermcnicoll_2025_04_03_huvec_dnor_4.
	STAR version: 2.7.11b   compiled: 2025-01-09T12:32:06+0000 :/opt/conda/conda-bld/star_1736425784849/work/source
Apr 15 15:54:41 ..... started STAR run
Apr 15 15:54:42 ..... loading genome
Apr 15 15:55:00 ..... started 1st pass mapping
Apr 15 15:58:35 ..... finished 1st pass mapping
Apr 15 15:58:36 ..... inserting junctions into the genome indices
Apr 15 15:59:59 ..... started mapping
Apr 15 16:07:43 ..... finished mapping
Apr 15 16:07:47 ..... started sorting BAM
Apr 15 16:08:42 ..... finished successfully
uf_muellermcnicoll_2025_04_04_huvec_dhypo_2.
	/home/ckalk/miniforge-pypy3/envs/Riboseq/bin/STAR-avx2 --runThreadN 16 --alignEndsType Extend5pOfReads12 --outSAMstrandField intronMotif --alignIntronMin 20 --alignIntronMax 1000000 --genomeDir /projects/splitorfs/work/Riboseq/Output/Michi_Vlado_round_1/alignment_genome/STAR/index --readFilesIn /projects/splitorfs/work/Riboseq/Output/Michi_Vlado_round_1/preprocess/cutadapt/UMI_trimmed_custom/uf_muellermcnicoll_2025_04_04_huvec_dhypo_2.R1.UMI_adapter_trimmed.fastq /projects/splitorfs/work/Riboseq/Output/Michi_Vlado_round_1/preprocess/cutadapt/UMI_trimmed_custom/uf_muellermcnicoll_2025_04_04_huvec_dhypo_2.R2.UMI_adapter_trimmed.fastq --twopassMode Basic --seedSearchStartLmax 20 --outSAMattributes All --alignMatesGapMax 20 --peOverlapNbasesMin 30 --outSAMtype BAM SortedByCoordinate --outFileNamePrefix /projects/splitorfs/work/Riboseq/Output/Michi_Vlado_round_1/alignment_genome/STARuf_muellermcnicoll_2025_04_04_huvec_dhypo_2.
	STAR version: 2.7.11b   compiled: 2025-01-09T12:32:06+0000 :/opt/conda/conda-bld/star_1736425784849/work/source
Apr 15 16:08:47 ..... started STAR run
Apr 15 16:08:48 ..... loading genome
Apr 15 16:09:06 ..... started 1st pass mapping
Apr 15 16:12:15 ..... finished 1st pass mapping
Apr 15 16:12:16 ..... inserting junctions into the genome indices
Apr 15 16:13:37 ..... started mapping
Apr 15 16:19:15 ..... finished mapping
Apr 15 16:19:18 ..... started sorting BAM
Apr 15 16:22:11 ..... finished successfully
uf_muellermcnicoll_2025_04_05_huvec_dhypo_3.
	/home/ckalk/miniforge-pypy3/envs/Riboseq/bin/STAR-avx2 --runThreadN 16 --alignEndsType Extend5pOfReads12 --outSAMstrandField intronMotif --alignIntronMin 20 --alignIntronMax 1000000 --genomeDir /projects/splitorfs/work/Riboseq/Output/Michi_Vlado_round_1/alignment_genome/STAR/index --readFilesIn /projects/splitorfs/work/Riboseq/Output/Michi_Vlado_round_1/preprocess/cutadapt/UMI_trimmed_custom/uf_muellermcnicoll_2025_04_05_huvec_dhypo_3.R1.UMI_adapter_trimmed.fastq /projects/splitorfs/work/Riboseq/Output/Michi_Vlado_round_1/preprocess/cutadapt/UMI_trimmed_custom/uf_muellermcnicoll_2025_04_05_huvec_dhypo_3.R2.UMI_adapter_trimmed.fastq --twopassMode Basic --seedSearchStartLmax 20 --outSAMattributes All --alignMatesGapMax 20 --peOverlapNbasesMin 30 --outSAMtype BAM SortedByCoordinate --outFileNamePrefix /projects/splitorfs/work/Riboseq/Output/Michi_Vlado_round_1/alignment_genome/STARuf_muellermcnicoll_2025_04_05_huvec_dhypo_3.
	STAR version: 2.7.11b   compiled: 2025-01-09T12:32:06+0000 :/opt/conda/conda-bld/star_1736425784849/work/source
Apr 15 16:22:18 ..... started STAR run
Apr 15 16:22:18 ..... loading genome
Apr 15 16:22:37 ..... started 1st pass mapping
Apr 15 16:25:46 ..... finished 1st pass mapping
Apr 15 16:25:47 ..... inserting junctions into the genome indices
Apr 15 16:27:14 ..... started mapping
Apr 15 16:31:51 ..... finished mapping
Apr 15 16:31:54 ..... started sorting BAM
Apr 15 16:32:53 ..... finished successfully
uf_muellermcnicoll_2025_04_06_huvec_dhypo_4.
	/home/ckalk/miniforge-pypy3/envs/Riboseq/bin/STAR-avx2 --runThreadN 16 --alignEndsType Extend5pOfReads12 --outSAMstrandField intronMotif --alignIntronMin 20 --alignIntronMax 1000000 --genomeDir /projects/splitorfs/work/Riboseq/Output/Michi_Vlado_round_1/alignment_genome/STAR/index --readFilesIn /projects/splitorfs/work/Riboseq/Output/Michi_Vlado_round_1/preprocess/cutadapt/UMI_trimmed_custom/uf_muellermcnicoll_2025_04_06_huvec_dhypo_4.R1.UMI_adapter_trimmed.fastq /projects/splitorfs/work/Riboseq/Output/Michi_Vlado_round_1/preprocess/cutadapt/UMI_trimmed_custom/uf_muellermcnicoll_2025_04_06_huvec_dhypo_4.R2.UMI_adapter_trimmed.fastq --twopassMode Basic --seedSearchStartLmax 20 --outSAMattributes All --alignMatesGapMax 20 --peOverlapNbasesMin 30 --outSAMtype BAM SortedByCoordinate --outFileNamePrefix /projects/splitorfs/work/Riboseq/Output/Michi_Vlado_round_1/alignment_genome/STARuf_muellermcnicoll_2025_04_06_huvec_dhypo_4.
	STAR version: 2.7.11b   compiled: 2025-01-09T12:32:06+0000 :/opt/conda/conda-bld/star_1736425784849/work/source
Apr 15 16:33:00 ..... started STAR run
Apr 15 16:33:00 ..... loading genome
Apr 15 16:33:18 ..... started 1st pass mapping
Apr 15 16:36:43 ..... finished 1st pass mapping
Apr 15 16:36:45 ..... inserting junctions into the genome indices
Apr 15 16:38:15 ..... started mapping
Apr 15 16:44:05 ..... finished mapping
Apr 15 16:44:08 ..... started sorting BAM
Apr 15 16:45:22 ..... finished successfully
