genomic
uf_muellermcnicoll_2025_04_01_huvec_dnor_2
uf_muellermcnicoll_2025_04_02_huvec_dnor_3
uf_muellermcnicoll_2025_04_03_huvec_dnor_4
uf_muellermcnicoll_2025_04_04_huvec_dhypo_2
uf_muellermcnicoll_2025_04_05_huvec_dhypo_3
uf_muellermcnicoll_2025_04_06_huvec_dhypo_4
Traceback (most recent call last):
  File "/home/ckalk/miniforge-pypy3/envs/Riboseq/lib/python3.9/site-packages/pandas/core/indexes/base.py", line 3805, in get_loc
    return self._engine.get_loc(casted_key)
  File "index.pyx", line 167, in pandas._libs.index.IndexEngine.get_loc
  File "index.pyx", line 196, in pandas._libs.index.IndexEngine.get_loc
  File "pandas/_libs/hashtable_class_helper.pxi", line 7081, in pandas._libs.hashtable.PyObjectHashTable.get_item
  File "pandas/_libs/hashtable_class_helper.pxi", line 7089, in pandas._libs.hashtable.PyObjectHashTable.get_item
KeyError: 'MANE_mRNA'

The above exception was the direct cause of the following exception:

Traceback (most recent call last):
  File "/home/ckalk/scripts/SplitORFs/Riboseq/Michi_Vlado_round_1/alignments/summarize_bowtie2_alns_by_source.py", line 242, in <module>
    main()
  File "/home/ckalk/scripts/SplitORFs/Riboseq/Michi_Vlado_round_1/alignments/summarize_bowtie2_alns_by_source.py", line 230, in main
    summarized_map_stats_df = summarize_mapping_statistics(
  File "/home/ckalk/scripts/SplitORFs/Riboseq/Michi_Vlado_round_1/alignments/summarize_bowtie2_alns_by_source.py", line 211, in summarize_mapping_statistics
    plot_summary(summary_mapping_stats_df, out_dir, raw)
  File "/home/ckalk/scripts/SplitORFs/Riboseq/Michi_Vlado_round_1/alignments/summarize_bowtie2_alns_by_source.py", line 56, in plot_summary
    mRNA_df = summary_mapping_stats_df_t["MANE_mRNA"]
  File "/home/ckalk/miniforge-pypy3/envs/Riboseq/lib/python3.9/site-packages/pandas/core/frame.py", line 4102, in __getitem__
    indexer = self.columns.get_loc(key)
  File "/home/ckalk/miniforge-pypy3/envs/Riboseq/lib/python3.9/site-packages/pandas/core/indexes/base.py", line 3812, in get_loc
    raise KeyError(key) from err
KeyError: 'MANE_mRNA'
