application/gzip
Started analysis of Undetermined.R1.fastq.gz
Approx 5% complete for Undetermined.R1.fastq.gz
Approx 10% complete for Undetermined.R1.fastq.gz
Approx 15% complete for Undetermined.R1.fastq.gz
Approx 20% complete for Undetermined.R1.fastq.gz
Approx 25% complete for Undetermined.R1.fastq.gz
Approx 30% complete for Undetermined.R1.fastq.gz
Approx 35% complete for Undetermined.R1.fastq.gz
Approx 40% complete for Undetermined.R1.fastq.gz
Approx 45% complete for Undetermined.R1.fastq.gz
Approx 50% complete for Undetermined.R1.fastq.gz
Approx 55% complete for Undetermined.R1.fastq.gz
Approx 60% complete for Undetermined.R1.fastq.gz
Approx 65% complete for Undetermined.R1.fastq.gz
Approx 70% complete for Undetermined.R1.fastq.gz
Approx 75% complete for Undetermined.R1.fastq.gz
Approx 80% complete for Undetermined.R1.fastq.gz
Approx 85% complete for Undetermined.R1.fastq.gz
Approx 90% complete for Undetermined.R1.fastq.gz
Approx 95% complete for Undetermined.R1.fastq.gz
Analysis complete for Undetermined.R1.fastq.gz
application/gzip
Started analysis of Undetermined.R2.fastq.gz
Approx 5% complete for Undetermined.R2.fastq.gz
Approx 10% complete for Undetermined.R2.fastq.gz
Approx 15% complete for Undetermined.R2.fastq.gz
Approx 20% complete for Undetermined.R2.fastq.gz
Approx 25% complete for Undetermined.R2.fastq.gz
Approx 30% complete for Undetermined.R2.fastq.gz
Approx 35% complete for Undetermined.R2.fastq.gz
Approx 40% complete for Undetermined.R2.fastq.gz
Approx 45% complete for Undetermined.R2.fastq.gz
Approx 50% complete for Undetermined.R2.fastq.gz
Approx 55% complete for Undetermined.R2.fastq.gz
Approx 60% complete for Undetermined.R2.fastq.gz
Approx 65% complete for Undetermined.R2.fastq.gz
Approx 70% complete for Undetermined.R2.fastq.gz
Approx 75% complete for Undetermined.R2.fastq.gz
Approx 80% complete for Undetermined.R2.fastq.gz
Approx 85% complete for Undetermined.R2.fastq.gz
Approx 90% complete for Undetermined.R2.fastq.gz
Approx 95% complete for Undetermined.R2.fastq.gz
Analysis complete for Undetermined.R2.fastq.gz
application/gzip
Started analysis of uf_muellermcnicoll_2025_04_01_huvec_dnor_2.R1.fastq.gz
Approx 5% complete for uf_muellermcnicoll_2025_04_01_huvec_dnor_2.R1.fastq.gz
Approx 10% complete for uf_muellermcnicoll_2025_04_01_huvec_dnor_2.R1.fastq.gz
Approx 15% complete for uf_muellermcnicoll_2025_04_01_huvec_dnor_2.R1.fastq.gz
Approx 20% complete for uf_muellermcnicoll_2025_04_01_huvec_dnor_2.R1.fastq.gz
Approx 25% complete for uf_muellermcnicoll_2025_04_01_huvec_dnor_2.R1.fastq.gz
Approx 30% complete for uf_muellermcnicoll_2025_04_01_huvec_dnor_2.R1.fastq.gz
Approx 35% complete for uf_muellermcnicoll_2025_04_01_huvec_dnor_2.R1.fastq.gz
Approx 40% complete for uf_muellermcnicoll_2025_04_01_huvec_dnor_2.R1.fastq.gz
Approx 45% complete for uf_muellermcnicoll_2025_04_01_huvec_dnor_2.R1.fastq.gz
Approx 50% complete for uf_muellermcnicoll_2025_04_01_huvec_dnor_2.R1.fastq.gz
Approx 55% complete for uf_muellermcnicoll_2025_04_01_huvec_dnor_2.R1.fastq.gz
Approx 60% complete for uf_muellermcnicoll_2025_04_01_huvec_dnor_2.R1.fastq.gz
Approx 65% complete for uf_muellermcnicoll_2025_04_01_huvec_dnor_2.R1.fastq.gz
Approx 70% complete for uf_muellermcnicoll_2025_04_01_huvec_dnor_2.R1.fastq.gz
Approx 75% complete for uf_muellermcnicoll_2025_04_01_huvec_dnor_2.R1.fastq.gz
Approx 80% complete for uf_muellermcnicoll_2025_04_01_huvec_dnor_2.R1.fastq.gz
Approx 85% complete for uf_muellermcnicoll_2025_04_01_huvec_dnor_2.R1.fastq.gz
Approx 90% complete for uf_muellermcnicoll_2025_04_01_huvec_dnor_2.R1.fastq.gz
Approx 95% complete for uf_muellermcnicoll_2025_04_01_huvec_dnor_2.R1.fastq.gz
Analysis complete for uf_muellermcnicoll_2025_04_01_huvec_dnor_2.R1.fastq.gz
application/gzip
Started analysis of uf_muellermcnicoll_2025_04_01_huvec_dnor_2.R2.fastq.gz
Approx 5% complete for uf_muellermcnicoll_2025_04_01_huvec_dnor_2.R2.fastq.gz
Approx 10% complete for uf_muellermcnicoll_2025_04_01_huvec_dnor_2.R2.fastq.gz
Approx 15% complete for uf_muellermcnicoll_2025_04_01_huvec_dnor_2.R2.fastq.gz
Approx 20% complete for uf_muellermcnicoll_2025_04_01_huvec_dnor_2.R2.fastq.gz
Approx 25% complete for uf_muellermcnicoll_2025_04_01_huvec_dnor_2.R2.fastq.gz
Approx 30% complete for uf_muellermcnicoll_2025_04_01_huvec_dnor_2.R2.fastq.gz
Approx 35% complete for uf_muellermcnicoll_2025_04_01_huvec_dnor_2.R2.fastq.gz
Approx 40% complete for uf_muellermcnicoll_2025_04_01_huvec_dnor_2.R2.fastq.gz
Approx 45% complete for uf_muellermcnicoll_2025_04_01_huvec_dnor_2.R2.fastq.gz
Approx 50% complete for uf_muellermcnicoll_2025_04_01_huvec_dnor_2.R2.fastq.gz
Approx 55% complete for uf_muellermcnicoll_2025_04_01_huvec_dnor_2.R2.fastq.gz
Approx 60% complete for uf_muellermcnicoll_2025_04_01_huvec_dnor_2.R2.fastq.gz
Approx 65% complete for uf_muellermcnicoll_2025_04_01_huvec_dnor_2.R2.fastq.gz
Approx 70% complete for uf_muellermcnicoll_2025_04_01_huvec_dnor_2.R2.fastq.gz
Approx 75% complete for uf_muellermcnicoll_2025_04_01_huvec_dnor_2.R2.fastq.gz
Approx 80% complete for uf_muellermcnicoll_2025_04_01_huvec_dnor_2.R2.fastq.gz
Approx 85% complete for uf_muellermcnicoll_2025_04_01_huvec_dnor_2.R2.fastq.gz
Approx 90% complete for uf_muellermcnicoll_2025_04_01_huvec_dnor_2.R2.fastq.gz
Approx 95% complete for uf_muellermcnicoll_2025_04_01_huvec_dnor_2.R2.fastq.gz
Analysis complete for uf_muellermcnicoll_2025_04_01_huvec_dnor_2.R2.fastq.gz
application/gzip
Started analysis of uf_muellermcnicoll_2025_04_02_huvec_dnor_3.R1.fastq.gz
Approx 5% complete for uf_muellermcnicoll_2025_04_02_huvec_dnor_3.R1.fastq.gz
Approx 10% complete for uf_muellermcnicoll_2025_04_02_huvec_dnor_3.R1.fastq.gz
Approx 15% complete for uf_muellermcnicoll_2025_04_02_huvec_dnor_3.R1.fastq.gz
Approx 20% complete for uf_muellermcnicoll_2025_04_02_huvec_dnor_3.R1.fastq.gz
Approx 25% complete for uf_muellermcnicoll_2025_04_02_huvec_dnor_3.R1.fastq.gz
Approx 30% complete for uf_muellermcnicoll_2025_04_02_huvec_dnor_3.R1.fastq.gz
Approx 35% complete for uf_muellermcnicoll_2025_04_02_huvec_dnor_3.R1.fastq.gz
Approx 40% complete for uf_muellermcnicoll_2025_04_02_huvec_dnor_3.R1.fastq.gz
Approx 45% complete for uf_muellermcnicoll_2025_04_02_huvec_dnor_3.R1.fastq.gz
Approx 50% complete for uf_muellermcnicoll_2025_04_02_huvec_dnor_3.R1.fastq.gz
Approx 55% complete for uf_muellermcnicoll_2025_04_02_huvec_dnor_3.R1.fastq.gz
Approx 60% complete for uf_muellermcnicoll_2025_04_02_huvec_dnor_3.R1.fastq.gz
Approx 65% complete for uf_muellermcnicoll_2025_04_02_huvec_dnor_3.R1.fastq.gz
Approx 70% complete for uf_muellermcnicoll_2025_04_02_huvec_dnor_3.R1.fastq.gz
Approx 75% complete for uf_muellermcnicoll_2025_04_02_huvec_dnor_3.R1.fastq.gz
Approx 80% complete for uf_muellermcnicoll_2025_04_02_huvec_dnor_3.R1.fastq.gz
Approx 85% complete for uf_muellermcnicoll_2025_04_02_huvec_dnor_3.R1.fastq.gz
Approx 90% complete for uf_muellermcnicoll_2025_04_02_huvec_dnor_3.R1.fastq.gz
Approx 95% complete for uf_muellermcnicoll_2025_04_02_huvec_dnor_3.R1.fastq.gz
Analysis complete for uf_muellermcnicoll_2025_04_02_huvec_dnor_3.R1.fastq.gz
application/gzip
Started analysis of uf_muellermcnicoll_2025_04_02_huvec_dnor_3.R2.fastq.gz
Approx 5% complete for uf_muellermcnicoll_2025_04_02_huvec_dnor_3.R2.fastq.gz
Approx 10% complete for uf_muellermcnicoll_2025_04_02_huvec_dnor_3.R2.fastq.gz
Approx 15% complete for uf_muellermcnicoll_2025_04_02_huvec_dnor_3.R2.fastq.gz
Approx 20% complete for uf_muellermcnicoll_2025_04_02_huvec_dnor_3.R2.fastq.gz
Approx 25% complete for uf_muellermcnicoll_2025_04_02_huvec_dnor_3.R2.fastq.gz
Approx 30% complete for uf_muellermcnicoll_2025_04_02_huvec_dnor_3.R2.fastq.gz
Approx 35% complete for uf_muellermcnicoll_2025_04_02_huvec_dnor_3.R2.fastq.gz
Approx 40% complete for uf_muellermcnicoll_2025_04_02_huvec_dnor_3.R2.fastq.gz
Approx 45% complete for uf_muellermcnicoll_2025_04_02_huvec_dnor_3.R2.fastq.gz
Approx 50% complete for uf_muellermcnicoll_2025_04_02_huvec_dnor_3.R2.fastq.gz
Approx 55% complete for uf_muellermcnicoll_2025_04_02_huvec_dnor_3.R2.fastq.gz
Approx 60% complete for uf_muellermcnicoll_2025_04_02_huvec_dnor_3.R2.fastq.gz
Approx 65% complete for uf_muellermcnicoll_2025_04_02_huvec_dnor_3.R2.fastq.gz
Approx 70% complete for uf_muellermcnicoll_2025_04_02_huvec_dnor_3.R2.fastq.gz
Approx 75% complete for uf_muellermcnicoll_2025_04_02_huvec_dnor_3.R2.fastq.gz
Approx 80% complete for uf_muellermcnicoll_2025_04_02_huvec_dnor_3.R2.fastq.gz
Approx 85% complete for uf_muellermcnicoll_2025_04_02_huvec_dnor_3.R2.fastq.gz
Approx 90% complete for uf_muellermcnicoll_2025_04_02_huvec_dnor_3.R2.fastq.gz
Approx 95% complete for uf_muellermcnicoll_2025_04_02_huvec_dnor_3.R2.fastq.gz
Analysis complete for uf_muellermcnicoll_2025_04_02_huvec_dnor_3.R2.fastq.gz
application/gzip
Started analysis of uf_muellermcnicoll_2025_04_03_huvec_dnor_4.R1.fastq.gz
Approx 5% complete for uf_muellermcnicoll_2025_04_03_huvec_dnor_4.R1.fastq.gz
Approx 10% complete for uf_muellermcnicoll_2025_04_03_huvec_dnor_4.R1.fastq.gz
Approx 15% complete for uf_muellermcnicoll_2025_04_03_huvec_dnor_4.R1.fastq.gz
Approx 20% complete for uf_muellermcnicoll_2025_04_03_huvec_dnor_4.R1.fastq.gz
Approx 25% complete for uf_muellermcnicoll_2025_04_03_huvec_dnor_4.R1.fastq.gz
Approx 30% complete for uf_muellermcnicoll_2025_04_03_huvec_dnor_4.R1.fastq.gz
Approx 35% complete for uf_muellermcnicoll_2025_04_03_huvec_dnor_4.R1.fastq.gz
Approx 40% complete for uf_muellermcnicoll_2025_04_03_huvec_dnor_4.R1.fastq.gz
Approx 45% complete for uf_muellermcnicoll_2025_04_03_huvec_dnor_4.R1.fastq.gz
Approx 50% complete for uf_muellermcnicoll_2025_04_03_huvec_dnor_4.R1.fastq.gz
Approx 55% complete for uf_muellermcnicoll_2025_04_03_huvec_dnor_4.R1.fastq.gz
Approx 60% complete for uf_muellermcnicoll_2025_04_03_huvec_dnor_4.R1.fastq.gz
Approx 65% complete for uf_muellermcnicoll_2025_04_03_huvec_dnor_4.R1.fastq.gz
Approx 70% complete for uf_muellermcnicoll_2025_04_03_huvec_dnor_4.R1.fastq.gz
Approx 75% complete for uf_muellermcnicoll_2025_04_03_huvec_dnor_4.R1.fastq.gz
Approx 80% complete for uf_muellermcnicoll_2025_04_03_huvec_dnor_4.R1.fastq.gz
Approx 85% complete for uf_muellermcnicoll_2025_04_03_huvec_dnor_4.R1.fastq.gz
Approx 90% complete for uf_muellermcnicoll_2025_04_03_huvec_dnor_4.R1.fastq.gz
Approx 95% complete for uf_muellermcnicoll_2025_04_03_huvec_dnor_4.R1.fastq.gz
Analysis complete for uf_muellermcnicoll_2025_04_03_huvec_dnor_4.R1.fastq.gz
application/gzip
Started analysis of uf_muellermcnicoll_2025_04_03_huvec_dnor_4.R2.fastq.gz
Approx 5% complete for uf_muellermcnicoll_2025_04_03_huvec_dnor_4.R2.fastq.gz
Approx 10% complete for uf_muellermcnicoll_2025_04_03_huvec_dnor_4.R2.fastq.gz
Approx 15% complete for uf_muellermcnicoll_2025_04_03_huvec_dnor_4.R2.fastq.gz
Approx 20% complete for uf_muellermcnicoll_2025_04_03_huvec_dnor_4.R2.fastq.gz
Approx 25% complete for uf_muellermcnicoll_2025_04_03_huvec_dnor_4.R2.fastq.gz
Approx 30% complete for uf_muellermcnicoll_2025_04_03_huvec_dnor_4.R2.fastq.gz
Approx 35% complete for uf_muellermcnicoll_2025_04_03_huvec_dnor_4.R2.fastq.gz
application/gzip
Started analysis of uf_muellermcnicoll_2025_04_04_huvec_dhypo_2.R1.fastq.gz
application/gzip
Started analysis of uf_muellermcnicoll_2025_04_04_huvec_dhypo_2.R2.fastq.gz
Approx 5% complete for uf_muellermcnicoll_2025_04_04_huvec_dhypo_2.R2.fastq.gz
Approx 10% complete for uf_muellermcnicoll_2025_04_04_huvec_dhypo_2.R2.fastq.gz
Approx 15% complete for uf_muellermcnicoll_2025_04_04_huvec_dhypo_2.R2.fastq.gz
Approx 20% complete for uf_muellermcnicoll_2025_04_04_huvec_dhypo_2.R2.fastq.gz
Approx 25% complete for uf_muellermcnicoll_2025_04_04_huvec_dhypo_2.R2.fastq.gz
