uf_muellermcnicoll_2025_04_01_huvec_dnor_2.cutadapt_umi_fastp.
/projects/splitorfs/work/Riboseq/Output/Michi_Vlado_round_1/preprocess/cutadapt/fastp_filter_after_UMI_trim/uf_muellermcnicoll_2025_04_01_huvec_dnor_2.cutadapt_umi_fastp.R1.fastp.fastq
/projects/splitorfs/work/Riboseq/Output/Michi_Vlado_round_1/preprocess/cutadapt/fastp_filter_after_UMI_trim/uf_muellermcnicoll_2025_04_01_huvec_dnor_2.cutadapt_umi_fastp.R2.fastp.fastq
	/home/ckalk/miniforge-pypy3/envs/Riboseq/bin/STAR-avx2 --runThreadN 16 --alignEndsType Extend5pOfRead1 --outSAMstrandField intronMotif --alignIntronMin 20 --alignIntronMax 1000000 --genomeDir /projects/splitorfs/work/Riboseq/Output/Michi_Vlado_round_1/alignment_genome/STAR/index --readFilesIn /projects/splitorfs/work/Riboseq/Output/Michi_Vlado_round_1/preprocess/cutadapt/fastp_filter_after_UMI_trim/uf_muellermcnicoll_2025_04_01_huvec_dnor_2.cutadapt_umi_fastp.R1.fastp.fastq --twopassMode Basic --seedSearchStartLmax 20 --outFilterMatchNminOverLread 0.9 --outSAMattributes All --outSAMtype BAM SortedByCoordinate --outFileNamePrefix /projects/splitorfs/work/Riboseq/Output/Michi_Vlado_round_1/alignment_genome/STAR/only_R1/uf_muellermcnicoll_2025_04_01_huvec_dnor_2.cutadapt_umi_fastp.only_R1_
	STAR version: 2.7.11b   compiled: 2025-01-09T12:32:06+0000 :/opt/conda/conda-bld/star_1736425784849/work/source
May 08 17:22:35 ..... started STAR run
May 08 17:22:36 ..... loading genome
May 08 17:22:53 ..... started 1st pass mapping
May 08 17:23:53 ..... finished 1st pass mapping
May 08 17:23:55 ..... inserting junctions into the genome indices
May 08 17:25:16 ..... started mapping
May 08 17:26:38 ..... finished mapping
May 08 17:26:40 ..... started sorting BAM
May 08 17:27:20 ..... finished successfully
uf_muellermcnicoll_2025_04_02_huvec_dnor_3.cutadapt_umi_fastp.
/projects/splitorfs/work/Riboseq/Output/Michi_Vlado_round_1/preprocess/cutadapt/fastp_filter_after_UMI_trim/uf_muellermcnicoll_2025_04_02_huvec_dnor_3.cutadapt_umi_fastp.R1.fastp.fastq
/projects/splitorfs/work/Riboseq/Output/Michi_Vlado_round_1/preprocess/cutadapt/fastp_filter_after_UMI_trim/uf_muellermcnicoll_2025_04_02_huvec_dnor_3.cutadapt_umi_fastp.R2.fastp.fastq
	/home/ckalk/miniforge-pypy3/envs/Riboseq/bin/STAR-avx2 --runThreadN 16 --alignEndsType Extend5pOfRead1 --outSAMstrandField intronMotif --alignIntronMin 20 --alignIntronMax 1000000 --genomeDir /projects/splitorfs/work/Riboseq/Output/Michi_Vlado_round_1/alignment_genome/STAR/index --readFilesIn /projects/splitorfs/work/Riboseq/Output/Michi_Vlado_round_1/preprocess/cutadapt/fastp_filter_after_UMI_trim/uf_muellermcnicoll_2025_04_02_huvec_dnor_3.cutadapt_umi_fastp.R1.fastp.fastq --twopassMode Basic --seedSearchStartLmax 20 --outFilterMatchNminOverLread 0.9 --outSAMattributes All --outSAMtype BAM SortedByCoordinate --outFileNamePrefix /projects/splitorfs/work/Riboseq/Output/Michi_Vlado_round_1/alignment_genome/STAR/only_R1/uf_muellermcnicoll_2025_04_02_huvec_dnor_3.cutadapt_umi_fastp.only_R1_
	STAR version: 2.7.11b   compiled: 2025-01-09T12:32:06+0000 :/opt/conda/conda-bld/star_1736425784849/work/source
May 08 17:28:12 ..... started STAR run
May 08 17:28:13 ..... loading genome
May 08 17:28:31 ..... started 1st pass mapping
May 08 17:29:27 ..... finished 1st pass mapping
May 08 17:29:28 ..... inserting junctions into the genome indices
May 08 17:30:46 ..... started mapping
May 08 17:32:04 ..... finished mapping
May 08 17:32:07 ..... started sorting BAM
May 08 17:32:35 ..... finished successfully
uf_muellermcnicoll_2025_04_03_huvec_dnor_4.cutadapt_umi_fastp.
/projects/splitorfs/work/Riboseq/Output/Michi_Vlado_round_1/preprocess/cutadapt/fastp_filter_after_UMI_trim/uf_muellermcnicoll_2025_04_03_huvec_dnor_4.cutadapt_umi_fastp.R1.fastp.fastq
/projects/splitorfs/work/Riboseq/Output/Michi_Vlado_round_1/preprocess/cutadapt/fastp_filter_after_UMI_trim/uf_muellermcnicoll_2025_04_03_huvec_dnor_4.cutadapt_umi_fastp.R2.fastp.fastq
	/home/ckalk/miniforge-pypy3/envs/Riboseq/bin/STAR-avx2 --runThreadN 16 --alignEndsType Extend5pOfRead1 --outSAMstrandField intronMotif --alignIntronMin 20 --alignIntronMax 1000000 --genomeDir /projects/splitorfs/work/Riboseq/Output/Michi_Vlado_round_1/alignment_genome/STAR/index --readFilesIn /projects/splitorfs/work/Riboseq/Output/Michi_Vlado_round_1/preprocess/cutadapt/fastp_filter_after_UMI_trim/uf_muellermcnicoll_2025_04_03_huvec_dnor_4.cutadapt_umi_fastp.R1.fastp.fastq --twopassMode Basic --seedSearchStartLmax 20 --outFilterMatchNminOverLread 0.9 --outSAMattributes All --outSAMtype BAM SortedByCoordinate --outFileNamePrefix /projects/splitorfs/work/Riboseq/Output/Michi_Vlado_round_1/alignment_genome/STAR/only_R1/uf_muellermcnicoll_2025_04_03_huvec_dnor_4.cutadapt_umi_fastp.only_R1_
	STAR version: 2.7.11b   compiled: 2025-01-09T12:32:06+0000 :/opt/conda/conda-bld/star_1736425784849/work/source
May 08 17:33:21 ..... started STAR run
May 08 17:33:22 ..... loading genome
May 08 17:33:39 ..... started 1st pass mapping
May 08 17:34:49 ..... finished 1st pass mapping
May 08 17:34:50 ..... inserting junctions into the genome indices
May 08 17:36:15 ..... started mapping
May 08 17:37:44 ..... finished mapping
May 08 17:37:47 ..... started sorting BAM
May 08 17:38:19 ..... finished successfully
uf_muellermcnicoll_2025_04_04_huvec_dhypo_2.cutadapt_umi_fastp.
/projects/splitorfs/work/Riboseq/Output/Michi_Vlado_round_1/preprocess/cutadapt/fastp_filter_after_UMI_trim/uf_muellermcnicoll_2025_04_04_huvec_dhypo_2.cutadapt_umi_fastp.R1.fastp.fastq
/projects/splitorfs/work/Riboseq/Output/Michi_Vlado_round_1/preprocess/cutadapt/fastp_filter_after_UMI_trim/uf_muellermcnicoll_2025_04_04_huvec_dhypo_2.cutadapt_umi_fastp.R2.fastp.fastq
	/home/ckalk/miniforge-pypy3/envs/Riboseq/bin/STAR-avx2 --runThreadN 16 --alignEndsType Extend5pOfRead1 --outSAMstrandField intronMotif --alignIntronMin 20 --alignIntronMax 1000000 --genomeDir /projects/splitorfs/work/Riboseq/Output/Michi_Vlado_round_1/alignment_genome/STAR/index --readFilesIn /projects/splitorfs/work/Riboseq/Output/Michi_Vlado_round_1/preprocess/cutadapt/fastp_filter_after_UMI_trim/uf_muellermcnicoll_2025_04_04_huvec_dhypo_2.cutadapt_umi_fastp.R1.fastp.fastq --twopassMode Basic --seedSearchStartLmax 20 --outFilterMatchNminOverLread 0.9 --outSAMattributes All --outSAMtype BAM SortedByCoordinate --outFileNamePrefix /projects/splitorfs/work/Riboseq/Output/Michi_Vlado_round_1/alignment_genome/STAR/only_R1/uf_muellermcnicoll_2025_04_04_huvec_dhypo_2.cutadapt_umi_fastp.only_R1_
	STAR version: 2.7.11b   compiled: 2025-01-09T12:32:06+0000 :/opt/conda/conda-bld/star_1736425784849/work/source
May 08 17:39:15 ..... started STAR run
May 08 17:39:15 ..... loading genome
May 08 17:39:32 ..... started 1st pass mapping
May 08 17:40:32 ..... finished 1st pass mapping
May 08 17:40:33 ..... inserting junctions into the genome indices
May 08 17:41:49 ..... started mapping
May 08 17:43:22 ..... finished mapping
May 08 17:43:25 ..... started sorting BAM
May 08 17:44:05 ..... finished successfully
uf_muellermcnicoll_2025_04_05_huvec_dhypo_3.cutadapt_umi_fastp.
/projects/splitorfs/work/Riboseq/Output/Michi_Vlado_round_1/preprocess/cutadapt/fastp_filter_after_UMI_trim/uf_muellermcnicoll_2025_04_05_huvec_dhypo_3.cutadapt_umi_fastp.R1.fastp.fastq
/projects/splitorfs/work/Riboseq/Output/Michi_Vlado_round_1/preprocess/cutadapt/fastp_filter_after_UMI_trim/uf_muellermcnicoll_2025_04_05_huvec_dhypo_3.cutadapt_umi_fastp.R2.fastp.fastq
	/home/ckalk/miniforge-pypy3/envs/Riboseq/bin/STAR-avx2 --runThreadN 16 --alignEndsType Extend5pOfRead1 --outSAMstrandField intronMotif --alignIntronMin 20 --alignIntronMax 1000000 --genomeDir /projects/splitorfs/work/Riboseq/Output/Michi_Vlado_round_1/alignment_genome/STAR/index --readFilesIn /projects/splitorfs/work/Riboseq/Output/Michi_Vlado_round_1/preprocess/cutadapt/fastp_filter_after_UMI_trim/uf_muellermcnicoll_2025_04_05_huvec_dhypo_3.cutadapt_umi_fastp.R1.fastp.fastq --twopassMode Basic --seedSearchStartLmax 20 --outFilterMatchNminOverLread 0.9 --outSAMattributes All --outSAMtype BAM SortedByCoordinate --outFileNamePrefix /projects/splitorfs/work/Riboseq/Output/Michi_Vlado_round_1/alignment_genome/STAR/only_R1/uf_muellermcnicoll_2025_04_05_huvec_dhypo_3.cutadapt_umi_fastp.only_R1_
	STAR version: 2.7.11b   compiled: 2025-01-09T12:32:06+0000 :/opt/conda/conda-bld/star_1736425784849/work/source
May 08 17:45:08 ..... started STAR run
May 08 17:45:09 ..... loading genome
May 08 17:45:26 ..... started 1st pass mapping
May 08 17:46:28 ..... finished 1st pass mapping
May 08 17:46:29 ..... inserting junctions into the genome indices
May 08 17:47:48 ..... started mapping
May 08 17:49:20 ..... finished mapping
May 08 17:49:22 ..... started sorting BAM
May 08 17:49:57 ..... finished successfully
uf_muellermcnicoll_2025_04_06_huvec_dhypo_4.cutadapt_umi_fastp.
/projects/splitorfs/work/Riboseq/Output/Michi_Vlado_round_1/preprocess/cutadapt/fastp_filter_after_UMI_trim/uf_muellermcnicoll_2025_04_06_huvec_dhypo_4.cutadapt_umi_fastp.R1.fastp.fastq
/projects/splitorfs/work/Riboseq/Output/Michi_Vlado_round_1/preprocess/cutadapt/fastp_filter_after_UMI_trim/uf_muellermcnicoll_2025_04_06_huvec_dhypo_4.cutadapt_umi_fastp.R2.fastp.fastq
	/home/ckalk/miniforge-pypy3/envs/Riboseq/bin/STAR-avx2 --runThreadN 16 --alignEndsType Extend5pOfRead1 --outSAMstrandField intronMotif --alignIntronMin 20 --alignIntronMax 1000000 --genomeDir /projects/splitorfs/work/Riboseq/Output/Michi_Vlado_round_1/alignment_genome/STAR/index --readFilesIn /projects/splitorfs/work/Riboseq/Output/Michi_Vlado_round_1/preprocess/cutadapt/fastp_filter_after_UMI_trim/uf_muellermcnicoll_2025_04_06_huvec_dhypo_4.cutadapt_umi_fastp.R1.fastp.fastq --twopassMode Basic --seedSearchStartLmax 20 --outFilterMatchNminOverLread 0.9 --outSAMattributes All --outSAMtype BAM SortedByCoordinate --outFileNamePrefix /projects/splitorfs/work/Riboseq/Output/Michi_Vlado_round_1/alignment_genome/STAR/only_R1/uf_muellermcnicoll_2025_04_06_huvec_dhypo_4.cutadapt_umi_fastp.only_R1_
	STAR version: 2.7.11b   compiled: 2025-01-09T12:32:06+0000 :/opt/conda/conda-bld/star_1736425784849/work/source
May 08 17:50:59 ..... started STAR run
May 08 17:50:59 ..... loading genome
May 08 17:51:16 ..... started 1st pass mapping
May 08 17:52:22 ..... finished 1st pass mapping
May 08 17:52:23 ..... inserting junctions into the genome indices
May 08 17:53:44 ..... started mapping
May 08 17:55:14 ..... finished mapping
May 08 17:55:17 ..... started sorting BAM
May 08 17:55:54 ..... finished successfully
Summary written to /projects/splitorfs/work/Riboseq/Output/Michi_Vlado_round_1/alignment_genome/STAR/only_R1/STAR_align_Ribo_genome.csv
Summary written to /projects/splitorfs/work/Riboseq/Output/Michi_Vlado_round_1/alignment_genome/STAR/STAR_align_Ribo_genome.csv
uf_muellermcnicoll_2025_04_02_huvec_dnor_3
uf_muellermcnicoll_2025_04_03_huvec_dnor_4
uf_muellermcnicoll_2025_04_01_huvec_dnor_2
uf_muellermcnicoll_2025_04_04_huvec_dhypo_2
uf_muellermcnicoll_2025_04_06_huvec_dhypo_4
uf_muellermcnicoll_2025_04_05_huvec_dhypo_3
Traceback (most recent call last):
  File "/home/ckalk/miniforge-pypy3/envs/Riboseq/lib/python3.9/site-packages/pandas/core/indexes/base.py", line 3805, in get_loc
    return self._engine.get_loc(casted_key)
  File "index.pyx", line 167, in pandas._libs.index.IndexEngine.get_loc
  File "index.pyx", line 196, in pandas._libs.index.IndexEngine.get_loc
  File "pandas/_libs/hashtable_class_helper.pxi", line 7081, in pandas._libs.hashtable.PyObjectHashTable.get_item
  File "pandas/_libs/hashtable_class_helper.pxi", line 7089, in pandas._libs.hashtable.PyObjectHashTable.get_item
KeyError: 'MANE_mRNA'

The above exception was the direct cause of the following exception:

Traceback (most recent call last):
  File "/home/ckalk/scripts/SplitORFs/Riboseq/Michi_Vlado_round_1/alignments/summarize_bowtie2_alns_by_source.py", line 208, in <module>
    main()
  File "/home/ckalk/scripts/SplitORFs/Riboseq/Michi_Vlado_round_1/alignments/summarize_bowtie2_alns_by_source.py", line 198, in main
    summarized_map_stats_df = summarize_mapping_statistics(
  File "/home/ckalk/scripts/SplitORFs/Riboseq/Michi_Vlado_round_1/alignments/summarize_bowtie2_alns_by_source.py", line 179, in summarize_mapping_statistics
    plot_summary(summary_mapping_stats_df, out_dir, raw)
  File "/home/ckalk/scripts/SplitORFs/Riboseq/Michi_Vlado_round_1/alignments/summarize_bowtie2_alns_by_source.py", line 54, in plot_summary
    mRNA_df = summary_mapping_stats_df_t["MANE_mRNA"]
  File "/home/ckalk/miniforge-pypy3/envs/Riboseq/lib/python3.9/site-packages/pandas/core/frame.py", line 4102, in __getitem__
    indexer = self.columns.get_loc(key)
  File "/home/ckalk/miniforge-pypy3/envs/Riboseq/lib/python3.9/site-packages/pandas/core/indexes/base.py", line 3812, in get_loc
    raise KeyError(key) from err
KeyError: 'MANE_mRNA'
run_Riboseq_analysis.sh: line 168: ${$UMI_dedup_outdir}: bad substitution
run_Riboseq_analysis.sh: line 171: ${$UMI_dedup_outdir}: bad substitution
